 Read input data
 ...done
 Read velocity distributions from files
           1         255         128
 ...done.
  
-------     1------- k=  0.01000000
Warning: Muller did not converge in 40 steps for roots: 2 3
 time elapsed:   93.406802999999996     
  
-------     2------- k=  0.03990000
Warning: Muller did not converge in 40 steps for roots: 2
 time elapsed:   64.780775000000006     
  
-------     3------- k=  0.06980000
 time elapsed:   59.526961000000000     
  
-------     4------- k=  0.09970000
Warning: Muller did not converge in 40 steps for roots: 3
 time elapsed:   52.447302000000008     
  
-------     5------- k=  0.12960000
 time elapsed:   36.854391999999962     
  
-------     6------- k=  0.15950000
 time elapsed:   18.350559999999973     
  
-------     7------- k=  0.18940000
Warning: Muller did not converge in 40 steps for roots: 2
 time elapsed:   62.995544999999993     
  
-------     8------- k=  0.21930000
 time elapsed:   34.114402999999982     
  
-------     9------- k=  0.24920000
Warning: Muller did not converge in 40 steps for roots: 2
 time elapsed:   71.956123999999988     
  
-------    10------- k=  0.27910000
 time elapsed:   48.982731999999999     
  
-------    11------- k=  0.30900000
Warning: Muller did not converge in 40 steps for roots: 2
 time elapsed:   71.507728000000043     
  
-------    12------- k=  0.33890000
Warning: Muller did not converge in 40 steps for roots: 2
 time elapsed:   72.747254999999996     
  
-------    13------- k=  0.36880000
Warning: Muller did not converge in 40 steps for roots: 2
 time elapsed:   48.371911000000068     
  
-------    14------- k=  0.39870000
Warning: Muller did not converge in 40 steps for roots: 2
 time elapsed:   67.642505000000028     
  
-------    15------- k=  0.42860000
Warning: Muller did not converge in 40 steps for roots: 2 3
 time elapsed:   102.70654200000001     
  
-------    16------- k=  0.45850000
Warning: Muller did not converge in 40 steps for roots: 2
 time elapsed:   99.469654999999989     
  
-------    17------- k=  0.48840000
Warning: Muller did not converge in 40 steps for roots: 2
 time elapsed:   59.241513000000054     
  
-------    18------- k=  0.51830000
Warning: Muller did not converge in 40 steps for roots: 2
 time elapsed:   59.146136999999953     
  
-------    19------- k=  0.54820000
Warning: Muller did not converge in 40 steps for roots: 2 3
 time elapsed:   103.35513100000003     
  
-------    20------- k=  0.57810000
Warning: Muller did not converge in 40 steps for roots: 2
 time elapsed:   100.27490300000022     
  
-------    21------- k=  0.60800000
Warning: Muller did not converge in 40 steps for roots: 2 3
 time elapsed:   95.012608000000000     
  
-------    22------- k=  0.63790000
Warning: Muller did not converge in 40 steps for roots: 2
 time elapsed:   64.941195999999991     
  
-------    23------- k=  0.66780000
Warning: Muller did not converge in 40 steps for roots: 2
 time elapsed:   102.00225699999987     
  
-------    24------- k=  0.69770000
Warning: Muller did not converge in 40 steps for roots: 2
 time elapsed:   66.333339000000024     
  
-------    25------- k=  0.72760000
Warning: Muller did not converge in 40 steps for roots: 2
 time elapsed:   98.934208000000126     
  
-------    26------- k=  0.75750000
Warning: Muller did not converge in 40 steps for roots: 2
 time elapsed:   72.275378000000046     
  
-------    27------- k=  0.78740000
Warning: Muller did not converge in 40 steps for roots: 2
 time elapsed:   71.213154000000031     
  
-------    28------- k=  0.81730000
Warning: Muller did not converge in 40 steps for roots: 2
 time elapsed:   97.645672999999988     
  
-------    29------- k=  0.84720000
Warning: Muller did not converge in 40 steps for roots: 2
 time elapsed:   119.89637499999981     
  
-------    30------- k=  0.87710000
Warning: Muller did not converge in 40 steps for roots: 2
 time elapsed:   101.66571900000008     
  
-------    31------- k=  0.90700000
Warning: Muller did not converge in 40 steps for roots: 2
 time elapsed:   102.33147499999995     
  
-------    32------- k=  0.93690000
Warning: Muller did not converge in 40 steps for roots: 2
 time elapsed:   75.118089999999938     
  
-------    33------- k=  0.96680000
Warning: Muller did not converge in 40 steps for roots: 2
 time elapsed:   125.75749100000030     
  
-------    34------- k=  0.99670000
Warning: Muller did not converge in 40 steps for roots: 3
 time elapsed:   88.222465999999713     
  
-------    35------- k=  1.02660000
Warning: Muller did not converge in 40 steps for roots: 3
 time elapsed:   129.01257899999973     
  
-------    36------- k=  1.05650000
 time elapsed:   110.55606099999977     
  
-------    37------- k=  1.08640000
 time elapsed:   99.705645000000004     
  
-------    38------- k=  1.11630000
 time elapsed:   105.77554600000030     
  
-------    39------- k=  1.14620000
Warning: Muller did not converge in 40 steps for roots: 2
 time elapsed:   137.35689300000013     
  
-------    40------- k=  1.17610000
 time elapsed:   36.552696000000196     
  
-------    41------- k=  1.20600000
 time elapsed:   127.49594600000000     
  
-------    42------- k=  1.23590000
 time elapsed:   114.05597099999977     
  
-------    43------- k=  1.26580000
Warning: Muller did not converge in 40 steps for roots: 3
 time elapsed:   151.13349800000015     
  
-------    44------- k=  1.29570000
 time elapsed:   78.885262999999668     
  
-------    45------- k=  1.32560000
 time elapsed:   70.739465999999993     
  
-------    46------- k=  1.35550000
 time elapsed:   138.10847700000022     
  
-------    47------- k=  1.38540000
 time elapsed:   94.046512999999777     
  
-------    48------- k=  1.41530000
Warning: Muller did not converge in 40 steps for roots: 3
 time elapsed:   95.935409999999592     
  
-------    49------- k=  1.44520000
 time elapsed:   99.378534999999829     
  
-------    50------- k=  1.47510000
 time elapsed:   130.49094200000036     
  
-------    51------- k=  1.50500000
 time elapsed:   120.21951300000001     
  
-------    52------- k=  1.53490000
 time elapsed:   133.57095099999970     
  
-------    53------- k=  1.56480000
 time elapsed:   106.97089400000004     
  
-------    54------- k=  1.59470000
 time elapsed:   111.28688199999942     
  
-------    55------- k=  1.62460000
 time elapsed:   139.38658500000020     
  
-------    56------- k=  1.65450000
 time elapsed:   114.69063800000004     
  
-------    57------- k=  1.68440000
 time elapsed:   80.211954999999762     
  
-------    58------- k=  1.71430000
 time elapsed:   159.02105300000039     
  
-------    59------- k=  1.74420000
Warning: Muller did not converge in 40 steps for roots: 3
 time elapsed:   112.59290999999939     
  
-------    60------- k=  1.77410000
Warning: Muller did not converge in 40 steps for roots: 3
 time elapsed:   169.78103800000008     
  
-------    61------- k=  1.80400000
 time elapsed:   97.596117000000049     
  
-------    62------- k=  1.83390000
 time elapsed:   29.643522000000303     
  
-------    63------- k=  1.86380000
 time elapsed:   141.54585799999950     
  
-------    64------- k=  1.89370000
 time elapsed:   142.06174999999985     
  
-------    65------- k=  1.92360000
Warning: Muller did not converge in 40 steps for roots: 2
 time elapsed:   183.53490200000033     
  
-------    66------- k=  1.95350000
 time elapsed:   108.33211300000039     
  
-------    67------- k=  1.98340000
 time elapsed:   143.14118699999926     
  
-------    68------- k=  2.01330000
 time elapsed:   151.11082100000021     
  
-------    69------- k=  2.04320000
 time elapsed:   117.37660899999992     
  
-------    70------- k=  2.07310000
 time elapsed:   82.138363999999456     
  
-------    71------- k=  2.10300000
 time elapsed:   152.89794600000005     
  
-------    72------- k=  2.13290000
 time elapsed:   82.085031999999956     
  
-------    73------- k=  2.16280000
 time elapsed:   114.57448600000043     
  
-------    74------- k=  2.19270000
 time elapsed:   217.31373900000017     
  
-------    75------- k=  2.22260000
 time elapsed:   92.966302999999243     
  
-------    76------- k=  2.25250000
 time elapsed:   85.584550000000490     
  
-------    77------- k=  2.28240000
 time elapsed:   179.38630600000033     
  
-------    78------- k=  2.31230000
Warning: Muller did not converge in 40 steps for roots: 3
 time elapsed:   209.68178199999966     
  
-------    79------- k=  2.34220000
 time elapsed:   161.03039300000000     
  
-------    80------- k=  2.37210000
 time elapsed:   228.51212400000077     
  
-------    81------- k=  2.40200000
 time elapsed:   110.84771999999975     
  
-------    82------- k=  2.43190000
Warning: Muller did not converge in 40 steps for roots: 3
 time elapsed:   149.02857399999994     
  
-------    83------- k=  2.46180000
Warning: Muller did not converge in 40 steps for roots: 2
 time elapsed:   161.67152100000021     
  
-------    84------- k=  2.49170000
 time elapsed:   111.32471099999930     
  
-------    85------- k=  2.52160000
 time elapsed:   175.63281599999937     
  
-------    86------- k=  2.55150000
 time elapsed:   215.46954999999980     
  
-------    87------- k=  2.58140000
 time elapsed:   38.635123000000021     
  
-------    88------- k=  2.61130000
 time elapsed:   121.16802200000166     
  
-------    89------- k=  2.64120000
Warning: Muller did not converge in 40 steps for roots: 2
 time elapsed:   269.84620700000050     
  
-------    90------- k=  2.67110000
Warning: Muller did not converge in 40 steps for roots: 2
 time elapsed:   360.45405699999901     
  
-------    91------- k=  2.70100000
 time elapsed:   141.18809700000020     
  
-------    92------- k=  2.73090000
Warning: Muller did not converge in 40 steps for roots: 2
 time elapsed:   384.60783500000070     
  
-------    93------- k=  2.76080000
Warning: Muller did not converge in 40 steps for roots: 2
 time elapsed:   419.39431899999909     
  
-------    94------- k=  2.79070000
Warning: Muller did not converge in 40 steps for roots: 3
 time elapsed:   494.52032099999997     
  
-------    95------- k=  2.82060000
 time elapsed:   272.87047699999857     
  
-------    96------- k=  2.85050000
 time elapsed:   229.96942700000000     
  
-------    97------- k=  2.88040000
 time elapsed:   575.62236099999973     
  
-------    98------- k=  2.91030000
Warning: Muller did not converge in 40 steps for roots: 3
 time elapsed:   427.64918799999941     
  
-------    99------- k=  2.94020000
Warning: Muller did not converge in 40 steps for roots: 2
 time elapsed:   345.35881899999913     
  
-------   100------- k=  2.97010000
 time elapsed:   140.66744800000015     

Total time elapsed(s):13442.854219999999  (min): 224.04757033333331
