 Read input data
 ...done
 Read velocity distributions from files
           1         255         128
 ...done.
  
-------     1------- k=  0.01000000
 time elapsed:   38.886935000000001     
  
-------     2------- k=  0.03990000
Warning: Muller did not converge in 40 steps for roots: 3
 time elapsed:   53.433950000000003     
  
-------     3------- k=  0.06980000
Warning: Muller did not converge in 40 steps for roots: 3
 time elapsed:   53.050776000000013     
  
-------     4------- k=  0.09970000
 time elapsed:   16.180506000000008     
  
-------     5------- k=  0.12960000
 time elapsed:   18.705332999999996     
  
-------     6------- k=  0.15950000
 time elapsed:   16.087980999999985     
  
-------     7------- k=  0.18940000
 time elapsed:   14.484698999999978     
  
-------     8------- k=  0.21930000
 time elapsed:   26.236843999999991     
  
-------     9------- k=  0.24920000
 time elapsed:   22.187385999999975     
  
-------    10------- k=  0.27910000
 time elapsed:   12.249591999999950     
  
-------    11------- k=  0.30900000
 time elapsed:   12.068953999999962     
  
-------    12------- k=  0.33890000
 time elapsed:   12.763394000000005     
  
-------    13------- k=  0.36880000
 time elapsed:   10.644598000000030     
  
-------    14------- k=  0.39870000
 time elapsed:   10.176468000000000     
  
-------    15------- k=  0.42860000
 time elapsed:   13.200435000000027     
  
-------    16------- k=  0.45850000
 time elapsed:   9.1812999999999647     
  
-------    17------- k=  0.48840000
 time elapsed:   13.314466999999979     
  
-------    18------- k=  0.51830000
 time elapsed:   14.048811999999998     
  
-------    19------- k=  0.54820000
Warning: Muller did not converge in 40 steps for roots: 3
 time elapsed:   22.583730000000003     
  
-------    20------- k=  0.57810000
 time elapsed:   9.1263680000000136     
  
-------    21------- k=  0.60800000
 time elapsed:   10.137402000000009     
  
-------    22------- k=  0.63790000
 time elapsed:   10.226696000000004     
  
-------    23------- k=  0.66780000
 time elapsed:   22.542169999999999     
  
-------    24------- k=  0.69770000
 time elapsed:   17.461452999999949     
  
-------    25------- k=  0.72760000
 time elapsed:   14.624801999999988     
  
-------    26------- k=  0.75750000
 time elapsed:   16.647395000000017     
  
-------    27------- k=  0.78740000
 time elapsed:   17.625298999999984     
  
-------    28------- k=  0.81730000
 time elapsed:   19.491121999999962     
  
-------    29------- k=  0.84720000
Warning: Muller did not converge in 40 steps for roots: 2
 time elapsed:   27.850941000000034     
  
-------    30------- k=  0.87710000
 time elapsed:   7.9398229999999330     
  
-------    31------- k=  0.90700000
 time elapsed:   23.163774999999987     
  
-------    32------- k=  0.93690000
 time elapsed:   18.918108999999959     
  
-------    33------- k=  0.96680000
 time elapsed:   14.670535999999970     
  
-------    34------- k=  0.99670000
Warning: Muller did not converge in 40 steps for roots: 2 3
 time elapsed:   31.493287999999893     
  
-------    35------- k=  1.02660000
 time elapsed:   18.436210000000074     
  
-------    36------- k=  1.05650000
 time elapsed:   17.912929999999960     
  
-------    37------- k=  1.08640000
 time elapsed:   26.710835999999972     
  
-------    38------- k=  1.11630000
 time elapsed:   16.868083999999953     
  
-------    39------- k=  1.14620000
 time elapsed:   15.319958000000042     
  
-------    40------- k=  1.17610000
 time elapsed:   26.227674999999977     
  
-------    41------- k=  1.20600000
 time elapsed:   16.704926000000000     
  
-------    42------- k=  1.23590000
 time elapsed:   17.553426000000059     
  
-------    43------- k=  1.26580000
 time elapsed:   25.251524000000018     
  
-------    44------- k=  1.29570000
 time elapsed:   19.355545000000006     
  
-------    45------- k=  1.32560000
 time elapsed:   18.493650000000002     
  
-------    46------- k=  1.35550000
 time elapsed:   24.394116000000054     
  
-------    47------- k=  1.38540000
 time elapsed:   34.589716000000067     
  
-------    48------- k=  1.41530000
 time elapsed:   19.684545999999955     
  
-------    49------- k=  1.44520000
 time elapsed:   19.791360999999938     
  
-------    50------- k=  1.47510000
Warning: Muller did not converge in 40 steps for roots: 2
 time elapsed:   30.156025000000000     
  
-------    51------- k=  1.50500000
 time elapsed:   19.069267999999965     
  
-------    52------- k=  1.53490000
 time elapsed:   20.329880000000117     
  
-------    53------- k=  1.56480000
 time elapsed:   30.406401999999844     
  
-------    54------- k=  1.59470000
Warning: Muller did not converge in 40 steps for roots: 3
 time elapsed:   22.677981000000045     
  
-------    55------- k=  1.62460000
 time elapsed:   15.151310999999851     
  
-------    56------- k=  1.65450000
 time elapsed:   19.986775999999963     
  
-------    57------- k=  1.68440000
 time elapsed:   13.402183000000150     
  
-------    58------- k=  1.71430000
 time elapsed:   15.219550999999910     
  
-------    59------- k=  1.74420000
 time elapsed:   20.041555000000017     
  
-------    60------- k=  1.77410000
 time elapsed:   14.014478000000054     
  
-------    61------- k=  1.80400000
 time elapsed:   15.850891000000047     
  
-------    62------- k=  1.83390000
 time elapsed:   20.534444000000121     
  
-------    63------- k=  1.86380000
 time elapsed:   14.479790000000094     
  
-------    64------- k=  1.89370000
 time elapsed:   16.230887999999823     
  
-------    65------- k=  1.92360000
Warning: Muller did not converge in 40 steps for roots: 2
 time elapsed:   32.584204000000000     
  
-------    66------- k=  1.95350000
 time elapsed:   20.822046000000000     
  
-------    67------- k=  1.98340000
 time elapsed:   24.390900000000101     
  
-------    68------- k=  2.01330000
Warning: Muller did not converge in 40 steps for roots: 2
 time elapsed:   33.800490000000082     
  
-------    69------- k=  2.04320000
 time elapsed:   18.814043000000083     
  
-------    70------- k=  2.07310000
Warning: Muller did not converge in 40 steps for roots: 2
 time elapsed:   26.620826999999963     
  
-------    71------- k=  2.10300000
 time elapsed:   32.098587000000180     
  
-------    72------- k=  2.13290000
 time elapsed:   22.461921000000075     
  
-------    73------- k=  2.16280000
 time elapsed:   20.405514999999923     
  
-------    74------- k=  2.19270000
Warning: Muller did not converge in 40 steps for roots: 2
 time elapsed:   38.226408999999876     
  
-------    75------- k=  2.22260000
 time elapsed:   20.779913999999962     
  
-------    76------- k=  2.25250000
 time elapsed:   22.813680999999860     
  
-------    77------- k=  2.28240000
Warning: Muller did not converge in 40 steps for roots: 3
 time elapsed:   45.730234999999993     
  
-------    78------- k=  2.31230000
 time elapsed:   25.049980999999889     
  
-------    79------- k=  2.34220000
Warning: Muller did not converge in 40 steps for roots: 2
 time elapsed:   27.496720000000096     
  
-------    80------- k=  2.37210000
 time elapsed:   33.679705000000013     
  
-------    81------- k=  2.40200000
 time elapsed:   16.496636999999964     
  
-------    82------- k=  2.43190000
 time elapsed:   18.273091000000022     
  
-------    83------- k=  2.46180000
 time elapsed:   24.642923000000110     
  
-------    84------- k=  2.49170000
 time elapsed:   16.704664999999977     
  
-------    85------- k=  2.52160000
 time elapsed:   18.757779999999912     
  
-------    86------- k=  2.55150000
 time elapsed:   24.774977000000035     
  
-------    87------- k=  2.58140000
 time elapsed:   16.859629000000041     
  
-------    88------- k=  2.61130000
 time elapsed:   18.840109999999868     
  
-------    89------- k=  2.64120000
 time elapsed:   25.084775999999920     
  
-------    90------- k=  2.67110000
 time elapsed:   17.287242000000106     
  
-------    91------- k=  2.70100000
 time elapsed:   19.255991000000222     
  
-------    92------- k=  2.73090000
 time elapsed:   25.394072999999935     
  
-------    93------- k=  2.76080000
 time elapsed:   17.921677999999929     
  
-------    94------- k=  2.79070000
 time elapsed:   20.062938999999915     
  
-------    95------- k=  2.82060000
 time elapsed:   26.792907999999898     
  
-------    96------- k=  2.85050000
 time elapsed:   18.539028999999800     
  
-------    97------- k=  2.88040000
 time elapsed:   20.889887000000044     
  
-------    98------- k=  2.91030000
 time elapsed:   27.092161999999917     
  
-------    99------- k=  2.94020000
 time elapsed:   18.703790000000026     
  
-------   100------- k=  2.97010000
 time elapsed:   21.061842999999953     

Total time elapsed(s):2115.6720289999998  (min): 35.261200483333333
