 Read input data
 ...done
 Read velocity distributions from files
           1         255         128
 ...done.
  
-------     1------- k=  0.01000000
Warning: Muller did not converge in 40 steps for roots: 3
 time elapsed:   70.932946999999999     
  
-------     2------- k=  0.03990000
 time elapsed:   33.983623999999992     
  
-------     3------- k=  0.06980000
 time elapsed:   17.712346999999994     
  
-------     4------- k=  0.09970000
 time elapsed:   15.302791999999997     
  
-------     5------- k=  0.12960000
 time elapsed:   15.506934000000001     
  
-------     6------- k=  0.15950000
 time elapsed:   14.034242000000006     
  
-------     7------- k=  0.18940000
 time elapsed:   14.251182999999997     
  
-------     8------- k=  0.21930000
 time elapsed:   14.369621999999993     
  
-------     9------- k=  0.24920000
 time elapsed:   13.158393999999987     
  
-------    10------- k=  0.27910000
 time elapsed:   13.215035999999998     
  
-------    11------- k=  0.30900000
 time elapsed:   14.194974999999999     
  
-------    12------- k=  0.33890000
 time elapsed:   13.714662000000004     
  
-------    13------- k=  0.36880000
 time elapsed:   14.233663000000007     
  
-------    14------- k=  0.39870000
 time elapsed:   13.587337999999988     
  
-------    15------- k=  0.42860000
 time elapsed:   11.959220000000016     
  
-------    16------- k=  0.45850000
 time elapsed:   10.166579000000013     
  
-------    17------- k=  0.48840000
 time elapsed:   10.639275999999995     
  
-------    18------- k=  0.51830000
 time elapsed:   14.222020999999984     
  
-------    19------- k=  0.54820000
 time elapsed:   12.691295999999966     
  
-------    20------- k=  0.57810000
 time elapsed:   15.293985000000021     
  
-------    21------- k=  0.60800000
 time elapsed:   13.053882000000044     
  
-------    22------- k=  0.63790000
 time elapsed:   11.726935999999966     
  
-------    23------- k=  0.66780000
 time elapsed:   17.975148000000047     
  
-------    24------- k=  0.69770000
 time elapsed:   17.625499999999988     
  
-------    25------- k=  0.72760000
 time elapsed:   20.769861999999989     
  
-------    26------- k=  0.75750000
 time elapsed:   29.174884999999961     
  
-------    27------- k=  0.78740000
 time elapsed:   23.771947999999952     
  
-------    28------- k=  0.81730000
 time elapsed:   18.526504999999986     
  
-------    29------- k=  0.84720000
 time elapsed:   26.064442000000042     
  
-------    30------- k=  0.87710000
 time elapsed:   21.494866999999999     
  
-------    31------- k=  0.90700000
 time elapsed:   15.485243999999966     
  
-------    32------- k=  0.93690000
 time elapsed:   28.182883000000061     
  
-------    33------- k=  0.96680000
 time elapsed:   19.879080999999928     
  
-------    34------- k=  0.99670000
 time elapsed:   20.677994999999896     
  
-------    35------- k=  1.02660000
 time elapsed:   27.043459999999982     
  
-------    36------- k=  1.05650000
 time elapsed:   28.907754999999952     
  
-------    37------- k=  1.08640000
 time elapsed:   18.473574000000099     
  
-------    38------- k=  1.11630000
 time elapsed:   29.331013999999982     
  
-------    39------- k=  1.14620000
 time elapsed:   20.082261000000017     
  
-------    40------- k=  1.17610000
 time elapsed:   12.663391999999931     
  
-------    41------- k=  1.20600000
 time elapsed:   14.537042999999926     
  
-------    42------- k=  1.23590000
 time elapsed:   24.040101000000050     
  
-------    43------- k=  1.26580000
 time elapsed:   17.454237000000035     
  
-------    44------- k=  1.29570000
 time elapsed:   17.407721999999922     
  
-------    45------- k=  1.32560000
 time elapsed:   21.925234999999930     
  
-------    46------- k=  1.35550000
 time elapsed:   21.698021000000040     
  
-------    47------- k=  1.38540000
 time elapsed:   19.651849999999968     
  
-------    48------- k=  1.41530000
 time elapsed:   16.304985999999985     
  
-------    49------- k=  1.44520000
 time elapsed:   21.972130999999990     
  
-------    50------- k=  1.47510000
 time elapsed:   14.758527999999956     
  
-------    51------- k=  1.50500000
 time elapsed:   25.413848000000030     
  
-------    52------- k=  1.53490000
 time elapsed:   17.293306000000030     
  
-------    53------- k=  1.56480000
 time elapsed:   21.168694000000073     
  
-------    54------- k=  1.59470000
 time elapsed:   31.288504999999986     
  
-------    55------- k=  1.62460000
 time elapsed:   26.339416999999912     
  
-------    56------- k=  1.65450000
 time elapsed:   17.815176999999949     
  
-------    57------- k=  1.68440000
 time elapsed:   13.839343999999983     
  
-------    58------- k=  1.71430000
 time elapsed:   59.111505999999963     
  
-------    59------- k=  1.74420000
 time elapsed:   32.156258999999864     
  
-------    60------- k=  1.77410000
 time elapsed:   23.740538000000015     
  
-------    61------- k=  1.80400000
 time elapsed:   30.852415000000065     
  
-------    62------- k=  1.83390000
 time elapsed:   17.091293000000178     
  
-------    63------- k=  1.86380000
 time elapsed:   18.424262999999883     
  
-------    64------- k=  1.89370000
 time elapsed:   23.018197000000100     
  
-------    65------- k=  1.92360000
 time elapsed:   35.649202999999943     
  
-------    66------- k=  1.95350000
 time elapsed:   47.433340999999928     
  
-------    67------- k=  1.98340000
 time elapsed:   23.858265000000074     
  
-------    68------- k=  2.01330000
 time elapsed:   59.040115999999898     
  
-------    69------- k=  2.04320000
 time elapsed:   33.727795000000015     
  
-------    70------- k=  2.07310000
 time elapsed:   23.986992999999984     
  
-------    71------- k=  2.10300000
 time elapsed:   69.941766000000143     
  
-------    72------- k=  2.13290000
 time elapsed:   39.861994000000095     
  
-------    73------- k=  2.16280000
 time elapsed:   28.316808000000037     
  
-------    74------- k=  2.19270000
 time elapsed:   46.612517999999909     
  
-------    75------- k=  2.22260000
 time elapsed:   45.647917999999891     
  
-------    76------- k=  2.25250000
 time elapsed:   36.431958000000122     
  
-------    77------- k=  2.28240000
 time elapsed:   38.060214999999971     
  
-------    78------- k=  2.31230000
 time elapsed:   34.403463999999985     
  
-------    79------- k=  2.34220000
 time elapsed:   38.466487000000143     
  
-------    80------- k=  2.37210000
 time elapsed:   35.101731999999856     
  
-------    81------- k=  2.40200000
 time elapsed:   38.354283000000123     
  
-------    82------- k=  2.43190000
 time elapsed:   45.910442999999987     
  
-------    83------- k=  2.46180000
 time elapsed:   53.691634000000022     
  
-------    84------- k=  2.49170000
 time elapsed:   22.732365999999729     
  
-------    85------- k=  2.52160000
 time elapsed:   57.607281000000057     
  
-------    86------- k=  2.55150000
 time elapsed:   60.327350000000024     
  
-------    87------- k=  2.58140000
 time elapsed:   38.892737000000125     
  
-------    88------- k=  2.61130000
 time elapsed:   33.194352999999865     
  
-------    89------- k=  2.64120000
 time elapsed:   38.122597000000042     
  
-------    90------- k=  2.67110000
 time elapsed:   40.568341000000146     
  
-------    91------- k=  2.70100000
 time elapsed:   22.589449000000059     
  
-------    92------- k=  2.73090000
 time elapsed:   42.762138000000050     
  
-------    93------- k=  2.76080000
 time elapsed:   39.063756999999896     
  
-------    94------- k=  2.79070000
 time elapsed:   25.008554999999888     
  
-------    95------- k=  2.82060000
 time elapsed:   85.310710000000199     
  
-------    96------- k=  2.85050000
 time elapsed:   23.702029999999922     
  
-------    97------- k=  2.88040000
 time elapsed:   51.156054000000040     
  
-------    98------- k=  2.91030000
 time elapsed:   82.346422999999959     
  
-------    99------- k=  2.94020000
 time elapsed:   40.390020000000277     
  
-------   100------- k=  2.97010000
 time elapsed:   81.124109999999746     

Total time elapsed(s):2880.9936470000002  (min): 48.016560783333340
