 Read input data
 ...done
 Read velocity distributions from files
           1         255         128
 ...done.
  
-------     1------- k=  0.01000000
Warning: Muller did not converge in 40 steps for roots: 3
 time elapsed:   72.390852999999993     
  
-------     2------- k=  0.01299000
 time elapsed:   45.027991999999998     
  
-------     3------- k=  0.01598000
 time elapsed:   44.896717999999993     
  
-------     4------- k=  0.01897000
 time elapsed:   30.145092000000005     
  
-------     5------- k=  0.02196000
 time elapsed:   15.942457999999988     
  
-------     6------- k=  0.02495000
 time elapsed:   11.479462999999981     
  
-------     7------- k=  0.02794000
 time elapsed:   11.533646000000005     
  
-------     8------- k=  0.03093000
 time elapsed:   39.184663000000029     
  
-------     9------- k=  0.03392000
 time elapsed:   11.526347999999984     
  
-------    10------- k=  0.03691000
 time elapsed:   30.445000999999991     
  
-------    11------- k=  0.03990000
 time elapsed:   13.333129999999983     
  
-------    12------- k=  0.04289000
 time elapsed:   27.855772000000002     
  
-------    13------- k=  0.04588000
 time elapsed:   24.275568000000021     
  
-------    14------- k=  0.04887000
 time elapsed:   11.609313000000043     
  
-------    15------- k=  0.05186000
 time elapsed:   15.293332000000021     
  
-------    16------- k=  0.05485000
 time elapsed:   12.572183999999993     
  
-------    17------- k=  0.05784000
 time elapsed:   11.699654000000010     
  
-------    18------- k=  0.06083000
 time elapsed:   11.678765999999996     
  
-------    19------- k=  0.06382000
 time elapsed:   31.096937999999966     
  
-------    20------- k=  0.06681000
 time elapsed:   37.074493999999959     
  
-------    21------- k=  0.06980000
 time elapsed:   12.960619999999949     
  
-------    22------- k=  0.07279000
 time elapsed:   36.071867999999995     
  
-------    23------- k=  0.07578000
 time elapsed:   11.736137999999983     
  
-------    24------- k=  0.07877000
 time elapsed:   50.687375999999972     
  
-------    25------- k=  0.08176000
 time elapsed:   42.445638000000031     
  
-------    26------- k=  0.08475000
 time elapsed:   39.038730999999984     
  
-------    27------- k=  0.08774000
 time elapsed:   13.917666000000054     
  
-------    28------- k=  0.09073000
 time elapsed:   40.036859000000049     
  
-------    29------- k=  0.09372000
 time elapsed:   13.050038999999970     
  
-------    30------- k=  0.09671000
Warning: Muller did not converge in 40 steps for roots: 3
 time elapsed:   51.354802000000063     
  
-------    31------- k=  0.09970000
 time elapsed:   15.009275000000002     
  
-------    32------- k=  0.10269000
 time elapsed:   30.029722999999990     
  
-------    33------- k=  0.10568000
 time elapsed:   13.080689000000007     
  
-------    34------- k=  0.10867000
 time elapsed:   42.090613999999960     
  
-------    35------- k=  0.11166000
 time elapsed:   35.584736000000021     
  
-------    36------- k=  0.11465000
 time elapsed:   42.145888000000014     
  
-------    37------- k=  0.11764000
 time elapsed:   13.136121000000003     
  
-------    38------- k=  0.12063000
 time elapsed:   37.585768999999914     
  
-------    39------- k=  0.12362000
 time elapsed:   14.849602000000004     
  
-------    40------- k=  0.12661000
 time elapsed:   28.413375999999971     
  
-------    41------- k=  0.12960000
 time elapsed:   32.340567999999848     
  
-------    42------- k=  0.13259000
 time elapsed:   30.372884000000113     
  
-------    43------- k=  0.13558000
 time elapsed:   44.733337000000120     
  
-------    44------- k=  0.13857000
 time elapsed:   47.436240999999882     
  
-------    45------- k=  0.14156000
 time elapsed:   33.360263000000032     
  
-------    46------- k=  0.14455000
 time elapsed:   12.619464999999991     
  
-------    47------- k=  0.14754000
 time elapsed:   24.875021000000061     
  
-------    48------- k=  0.15053000
Warning: Muller did not converge in 40 steps for roots: 3
 time elapsed:   51.519029999999930     
  
-------    49------- k=  0.15352000
 time elapsed:   26.120023999999830     
  
-------    50------- k=  0.15651000
 time elapsed:   29.737141000000065     
  
-------    51------- k=  0.15950000
 time elapsed:   27.060832000000119     
  
-------    52------- k=  0.16249000
 time elapsed:   36.418104999999969     
  
-------    53------- k=  0.16548000
 time elapsed:   12.724429000000100     
  
-------    54------- k=  0.16847000
 time elapsed:   30.760087000000112     
  
-------    55------- k=  0.17146000
 time elapsed:   24.385475999999926     
  
-------    56------- k=  0.17445000
 time elapsed:   25.357510000000048     
  
-------    57------- k=  0.17744000
 time elapsed:   27.138828000000103     
  
-------    58------- k=  0.18043000
 time elapsed:   12.853061000000025     
  
-------    59------- k=  0.18342000
 time elapsed:   45.248872000000119     
  
-------    60------- k=  0.18641000
 time elapsed:   39.608126000000084     
  
-------    61------- k=  0.18940000
 time elapsed:   46.187027999999827     
  
-------    62------- k=  0.19239000
 time elapsed:   33.019874000000073     
  
-------    63------- k=  0.19538000
Warning: Muller did not converge in 40 steps for roots: 3
 time elapsed:   51.050948999999946     
  
-------    64------- k=  0.19837000
Warning: Muller did not converge in 40 steps for roots: 3
 time elapsed:   51.889278999999988     
  
-------    65------- k=  0.20136000
 time elapsed:   39.520687000000180     
  
-------    66------- k=  0.20435000
 time elapsed:   42.113095999999814     
  
-------    67------- k=  0.20734000
 time elapsed:   37.065014000000019     
  
-------    68------- k=  0.21033000
 time elapsed:   12.431546999999910     
  
-------    69------- k=  0.21332000
Warning: Muller did not converge in 40 steps for roots: 3
 time elapsed:   45.292767999999796     
  
-------    70------- k=  0.21631000
 time elapsed:   13.219092000000273     
  
-------    71------- k=  0.21930000
 time elapsed:   37.978833000000122     
  
-------    72------- k=  0.22229000
 time elapsed:   28.176007000000027     
  
-------    73------- k=  0.22528000
 time elapsed:   15.642756000000190     
  
-------    74------- k=  0.22827000
Warning: Muller did not converge in 40 steps for roots: 3
 time elapsed:   45.473101999999926     
  
-------    75------- k=  0.23126000
 time elapsed:   27.451242000000093     
  
-------    76------- k=  0.23425000
 time elapsed:   27.286111999999775     
  
-------    77------- k=  0.23724000
 time elapsed:   31.556183000000146     
  
-------    78------- k=  0.24023000
 time elapsed:   34.818995999999970     
  
-------    79------- k=  0.24322000
 time elapsed:   20.619970000000194     
  
-------    80------- k=  0.24621000
 time elapsed:   38.977895999999873     
  
-------    81------- k=  0.24920000
 time elapsed:   38.064392000000225     
  
-------    82------- k=  0.25219000
 time elapsed:   36.511042999999972     
  
-------    83------- k=  0.25518000
 time elapsed:   12.502463999999691     
  
-------    84------- k=  0.25817000
 time elapsed:   28.286530999999741     
  
-------    85------- k=  0.26116000
 time elapsed:   30.695724000000155     
  
-------    86------- k=  0.26415000
 time elapsed:   34.187336999999843     
  
-------    87------- k=  0.26714000
 time elapsed:   43.243686999999682     
  
-------    88------- k=  0.27013000
 time elapsed:   12.539477999999690     
  
-------    89------- k=  0.27312000
 time elapsed:   38.384316000000126     
  
-------    90------- k=  0.27611000
Warning: Muller did not converge in 40 steps for roots: 3
 time elapsed:   45.769639000000097     
  
-------    91------- k=  0.27910000
 time elapsed:   32.618778999999904     
  
-------    92------- k=  0.28209000
 time elapsed:   32.543474000000060     
  
-------    93------- k=  0.28508000
 time elapsed:   30.046287000000120     
  
-------    94------- k=  0.28807000
 time elapsed:   44.071687000000111     
  
-------    95------- k=  0.29106000
 time elapsed:   39.547320000000127     
  
-------    96------- k=  0.29405000
 time elapsed:   35.373023999999987     
  
-------    97------- k=  0.29704000
 time elapsed:   12.742987000000085     
  
-------    98------- k=  0.30003000
 time elapsed:   28.745102999999744     
  
-------    99------- k=  0.30302000
 time elapsed:   27.902470999999878     
  
-------   100------- k=  0.30601000
 time elapsed:   37.955275999999685     
  
-------   101------- k=  0.30900000
Warning: Muller did not converge in 40 steps for roots: 3
 time elapsed:   45.185443999999734     
  
-------   102------- k=  0.31199000
 time elapsed:   38.493876999999884     
  
-------   103------- k=  0.31498000
 time elapsed:   12.186369999999897     
  
-------   104------- k=  0.31797000
 time elapsed:   29.056084000000283     
  
-------   105------- k=  0.32096000
 time elapsed:   34.141282000000047     
  
-------   106------- k=  0.32395000
 time elapsed:   10.552697000000080     
  
-------   107------- k=  0.32694000
 time elapsed:   43.527536000000055     
  
-------   108------- k=  0.32993000
 time elapsed:   29.107509999999820     
  
-------   109------- k=  0.33292000
Warning: Muller did not converge in 40 steps for roots: 3
 time elapsed:   46.044998000000305     
  
-------   110------- k=  0.33591000
 time elapsed:   33.357443999999759     
  
-------   111------- k=  0.33890000
 time elapsed:   34.261091000000306     
  
-------   112------- k=  0.34189000
 time elapsed:   32.476834999999937     
  
-------   113------- k=  0.34488000
 time elapsed:   31.765417999999954     
  
-------   114------- k=  0.34787000
 time elapsed:   13.957934999999907     
  
-------   115------- k=  0.35086000
 time elapsed:   46.194328999999925     
  
-------   116------- k=  0.35385000
Warning: Muller did not converge in 40 steps for roots: 3
 time elapsed:   45.296509000000242     
  
-------   117------- k=  0.35684000
 time elapsed:   34.209108999999899     
  
-------   118------- k=  0.35983000
Warning: Muller did not converge in 40 steps for roots: 3
 time elapsed:   45.233717999999953     
  
-------   119------- k=  0.36282000
 time elapsed:   30.084537000000182     
  
-------   120------- k=  0.36581000
 time elapsed:   14.908441999999923     
  
-------   121------- k=  0.36880000
 time elapsed:   23.394116999999824     
  
-------   122------- k=  0.37179000
 time elapsed:   38.712410000000091     
  
-------   123------- k=  0.37478000
 time elapsed:   46.453619999999773     
  
-------   124------- k=  0.37777000
 time elapsed:   12.309849000000213     
  
-------   125------- k=  0.38076000
Warning: Muller did not converge in 40 steps for roots: 3
 time elapsed:   46.583822000000055     
  
-------   126------- k=  0.38375000
 time elapsed:   36.428193000000192     
  
-------   127------- k=  0.38674000
 time elapsed:   12.350523000000067     
  
-------   128------- k=  0.38973000
 time elapsed:   45.866419999999835     
  
-------   129------- k=  0.39272000
 time elapsed:   15.229999000000134     
  
-------   130------- k=  0.39571000
 time elapsed:   41.931438999999955     
  
-------   131------- k=  0.39870000
 time elapsed:   47.733584999999948     
  
-------   132------- k=  0.40169000
 time elapsed:   27.863448999999946     
  
-------   133------- k=  0.40468000
 time elapsed:   30.388199999999870     
  
-------   134------- k=  0.40767000
 time elapsed:   16.465481000000182     
  
-------   135------- k=  0.41066000
 time elapsed:   37.728073000000222     
  
-------   136------- k=  0.41365000
 time elapsed:   15.229917999999998     
  
-------   137------- k=  0.41664000
 time elapsed:   33.094704999999522     
  
-------   138------- k=  0.41963000
 time elapsed:   30.367632999999842     
  
-------   139------- k=  0.42262000
Warning: Muller did not converge in 40 steps for roots: 3
 time elapsed:   43.129425999999512     
  
-------   140------- k=  0.42561000
 time elapsed:   35.827586000000338     
  
-------   141------- k=  0.42860000
 time elapsed:   15.939814000000297     
  
-------   142------- k=  0.43159000
 time elapsed:   26.202996999999414     
  
-------   143------- k=  0.43458000
 time elapsed:   35.220941000000494     
  
-------   144------- k=  0.43757000
 time elapsed:   29.116293999999471     
  
-------   145------- k=  0.44056000
 time elapsed:   16.621595999999954     
  
-------   146------- k=  0.44355000
 time elapsed:   29.901702000000114     
  
-------   147------- k=  0.44654000
 time elapsed:   35.655789000000368     
  
-------   148------- k=  0.44953000
 time elapsed:   41.295318000000407     
  
-------   149------- k=  0.45252000
 time elapsed:   47.606184000000212     
  
-------   150------- k=  0.45551000
Warning: Muller did not converge in 40 steps for roots: 3
 time elapsed:   51.298593999999866     
  
-------   151------- k=  0.45850000
 time elapsed:   44.065568999999414     
  
-------   152------- k=  0.46149000
 time elapsed:   49.490022999999383     
  
-------   153------- k=  0.46448000
 time elapsed:   35.738159999999880     
  
-------   154------- k=  0.46747000
 time elapsed:   30.248935000000529     
  
-------   155------- k=  0.47046000
 time elapsed:   14.745579999999791     
  
-------   156------- k=  0.47345000
 time elapsed:   34.754997000000003     
  
-------   157------- k=  0.47644000
 time elapsed:   37.669535999999425     
  
-------   158------- k=  0.47943000
 time elapsed:   15.622888000000785     
  
-------   159------- k=  0.48242000
 time elapsed:   36.804570000000240     
  
-------   160------- k=  0.48541000
 time elapsed:   35.885323999999855     
  
-------   161------- k=  0.48840000
 time elapsed:   39.361750000000029     
  
-------   162------- k=  0.49139000
 time elapsed:   29.827314000000115     
  
-------   163------- k=  0.49438000
 time elapsed:   39.974795000000086     
  
-------   164------- k=  0.49737000
 time elapsed:   42.757260999999744     
  
-------   165------- k=  0.50036000
 time elapsed:   43.939283000000614     
  
-------   166------- k=  0.50335000
 time elapsed:   16.948692999999366     
  
-------   167------- k=  0.50634000
 time elapsed:   38.212083000000348     
  
-------   168------- k=  0.50933000
 time elapsed:   35.469173000000410     
  
-------   169------- k=  0.51232000
Warning: Muller did not converge in 40 steps for roots: 3
 time elapsed:   50.284472999999707     
  
-------   170------- k=  0.51531000
Warning: Muller did not converge in 40 steps for roots: 3
 time elapsed:   56.222263000000567     
  
-------   171------- k=  0.51830000
 time elapsed:   26.847385000000031     
  
-------   172------- k=  0.52129000
 time elapsed:   33.975615999999718     
  
-------   173------- k=  0.52428000
 time elapsed:   18.935389999999643     
  
-------   174------- k=  0.52727000
Warning: Muller did not converge in 40 steps for roots: 3
 time elapsed:   48.971924999999828     
  
-------   175------- k=  0.53026000
Warning: Muller did not converge in 40 steps for roots: 3
 time elapsed:   56.063605999999709     
  
-------   176------- k=  0.53325000
Warning: Muller did not converge in 40 steps for roots: 3
 time elapsed:   55.215095000000474     
  
-------   177------- k=  0.53624000
 time elapsed:   19.831961999999294     
  
-------   178------- k=  0.53923000
 time elapsed:   37.095425999999861     
  
-------   179------- k=  0.54222000
 time elapsed:   18.641498999999385     
  
-------   180------- k=  0.54521000
 time elapsed:   33.569853999999395     
  
-------   181------- k=  0.54820000
 time elapsed:   32.561830999999984     
  
-------   182------- k=  0.55119000
 time elapsed:   50.713289999999688     
  
-------   183------- k=  0.55418000
Warning: Muller did not converge in 40 steps for roots: 3
 time elapsed:   56.531183000000055     
  
-------   184------- k=  0.55717000
 time elapsed:   27.544951999999284     
  
-------   185------- k=  0.56016000
 time elapsed:   18.961262000000715     
  
-------   186------- k=  0.56315000
Warning: Muller did not converge in 40 steps for roots: 3
 time elapsed:   50.919996999999967     
  
-------   187------- k=  0.56614000
 time elapsed:   16.741022000000157     
  
-------   188------- k=  0.56913000
 time elapsed:   55.722396000000117     
  
-------   189------- k=  0.57212000
 time elapsed:   13.573134000000209     
  
-------   190------- k=  0.57511000
 time elapsed:   40.156662000000324     
  
-------   191------- k=  0.57810000
 time elapsed:   33.597300999999788     
  
-------   192------- k=  0.58109000
Warning: Muller did not converge in 40 steps for roots: 3
 time elapsed:   52.288691000000654     
  
-------   193------- k=  0.58408000
 time elapsed:   48.257857000000513     
  
-------   194------- k=  0.58707000
 time elapsed:   51.638041999999587     
  
-------   195------- k=  0.59006000
 time elapsed:   17.299081000000115     
  
-------   196------- k=  0.59305000
Warning: Muller did not converge in 40 steps for roots: 1
 time elapsed:   59.256781999999475     
  
-------   197------- k=  0.59604000
 time elapsed:   48.394693000000188     
  
-------   198------- k=  0.59903000
 time elapsed:   24.762019000000691     
  
-------   199------- k=  0.60202000
 time elapsed:   45.107560999999805     
  
-------   200------- k=  0.60501000
Warning: Muller did not converge in 40 steps for roots: 3
 time elapsed:   56.023001000000477     
  
-------   201------- k=  0.60800000
 time elapsed:   13.176833999999872     
  
-------   202------- k=  0.61099000
 time elapsed:   18.081028000000515     
  
-------   203------- k=  0.61398000
Warning: Muller did not converge in 40 steps for roots: 3
 time elapsed:   54.983669000000191     
  
-------   204------- k=  0.61697000
 time elapsed:   32.063296000000264     
  
-------   205------- k=  0.61996000
 time elapsed:   30.476813000000220     
  
-------   206------- k=  0.62295000
Warning: Muller did not converge in 40 steps for roots: 3
 time elapsed:   46.049944999999752     
  
-------   207------- k=  0.62594000
 time elapsed:   39.501406000000316     
  
-------   208------- k=  0.62893000
 time elapsed:   54.704864000000271     
  
-------   209------- k=  0.63192000
 time elapsed:   34.200656999999410     
  
-------   210------- k=  0.63491000
 time elapsed:   13.275787000000491     
  
-------   211------- k=  0.63790000
 time elapsed:   34.918391000000156     
  
-------   212------- k=  0.64089000
 time elapsed:   41.050130000000536     
  
-------   213------- k=  0.64388000
 time elapsed:   44.928390000000036     
  
-------   214------- k=  0.64687000
 time elapsed:   33.076192000000447     
  
-------   215------- k=  0.64986000
 time elapsed:   43.333302999999432     
  
-------   216------- k=  0.65285000
 time elapsed:   22.973105000000032     
  
-------   217------- k=  0.65584000
 time elapsed:   16.016719000000194     
  
-------   218------- k=  0.65883000
 time elapsed:   13.967781999999715     
  
-------   219------- k=  0.66182000
 time elapsed:   46.142001000000164     
  
-------   220------- k=  0.66481000
 time elapsed:   35.581312999999682     
  
-------   221------- k=  0.66780000
 time elapsed:   52.320063999999547     
  
-------   222------- k=  0.67079000
 time elapsed:   32.989301999999952     
  
-------   223------- k=  0.67378000
Warning: Muller did not converge in 40 steps for roots: 3
 time elapsed:   56.569080999999642     
  
-------   224------- k=  0.67677000
 time elapsed:   32.002629000000525     
  
-------   225------- k=  0.67976000
 time elapsed:   32.988809999999830     
  
-------   226------- k=  0.68275000
 time elapsed:   14.593209999999999     
  
-------   227------- k=  0.68574000
 time elapsed:   50.552870999999868     
  
-------   228------- k=  0.68873000
 time elapsed:   44.463177999999971     
  
-------   229------- k=  0.69172000
 time elapsed:   47.595479999999952     
  
-------   230------- k=  0.69471000
Warning: Muller did not converge in 40 steps for roots: 3
 time elapsed:   62.100190000000111     
  
-------   231------- k=  0.69770000
 time elapsed:   38.345101000000795     
  
-------   232------- k=  0.70069000
 time elapsed:   17.731494999999995     
  
-------   233------- k=  0.70368000
 time elapsed:   38.318852000000334     
  
-------   234------- k=  0.70667000
 time elapsed:   35.244517000000087     
  
-------   235------- k=  0.70966000
 time elapsed:   31.159512000000177     
  
-------   236------- k=  0.71265000
Warning: Muller did not converge in 40 steps for roots: 3
 time elapsed:   63.332370000000083     
  
-------   237------- k=  0.71564000
 time elapsed:   42.736832999999933     
  
-------   238------- k=  0.71863000
 time elapsed:   23.131663000000117     
  
-------   239------- k=  0.72162000
 time elapsed:   70.905753000000004     
  
-------   240------- k=  0.72461000
 time elapsed:   48.965345999999954     
  
-------   241------- k=  0.72760000
 time elapsed:   37.454800000000432     
  
-------   242------- k=  0.73059000
 time elapsed:   44.061115999999856     
  
-------   243------- k=  0.73358000
 time elapsed:   43.603353999999854     
  
-------   244------- k=  0.73657000
 time elapsed:   56.505766999999651     
  
-------   245------- k=  0.73956000
 time elapsed:   51.887448000001314     
  
-------   246------- k=  0.74255000
 time elapsed:   23.170924000000014     
  
-------   247------- k=  0.74554000
 time elapsed:   46.808242999999493     
  
-------   248------- k=  0.74853000
 time elapsed:   56.238084000000526     
  
-------   249------- k=  0.75152000
 time elapsed:   30.302471000000878     
  
-------   250------- k=  0.75451000
 time elapsed:   43.451821999999083     
  
-------   251------- k=  0.75750000
 time elapsed:   40.370154000000184     
  
-------   252------- k=  0.76049000
 time elapsed:   17.516746999999668     
  
-------   253------- k=  0.76348000
 time elapsed:   32.894812000000456     
  
-------   254------- k=  0.76647000
 time elapsed:   21.164924000000610     
  
-------   255------- k=  0.76946000
 time elapsed:   57.528383999999278     
  
-------   256------- k=  0.77245000
 time elapsed:   15.065806000000521     
  
-------   257------- k=  0.77544000
Warning: Muller did not converge in 40 steps for roots: 3
 time elapsed:   55.643357000000833     
  
-------   258------- k=  0.77843000
 time elapsed:   52.478315000000293     
  
-------   259------- k=  0.78142000
 time elapsed:   44.320313999998689     
  
-------   260------- k=  0.78441000
 time elapsed:   40.537576000000627     
  
-------   261------- k=  0.78740000
 time elapsed:   64.779481999999916     
  
-------   262------- k=  0.79039000
 time elapsed:   23.417981999999029     
  
-------   263------- k=  0.79338000
 time elapsed:   17.173969999999827     
  
-------   264------- k=  0.79637000
 time elapsed:   31.929776999999376     
  
-------   265------- k=  0.79936000
 time elapsed:   38.622327000000951     
  
-------   266------- k=  0.80235000
 time elapsed:   54.207331999999951     
  
-------   267------- k=  0.80534000
 time elapsed:   59.164345000001049     
  
-------   268------- k=  0.80833000
 time elapsed:   35.712217000000237     
  
-------   269------- k=  0.81132000
Warning: Muller did not converge in 40 steps for roots: 3
 time elapsed:   50.791933000000427     
  
-------   270------- k=  0.81431000
 time elapsed:   51.842317000000548     
  
-------   271------- k=  0.81730000
 time elapsed:   14.750412999999753     
  
-------   272------- k=  0.82029000
 time elapsed:   48.000017000000298     
  
-------   273------- k=  0.82328000
 time elapsed:   14.747529000000213     
  
-------   274------- k=  0.82627000
 time elapsed:   19.051325000000361     
  
-------   275------- k=  0.82926000
 time elapsed:   23.214721999998801     
  
-------   276------- k=  0.83225000
Warning: Muller did not converge in 40 steps for roots: 3
 time elapsed:   56.108296000000337     
  
-------   277------- k=  0.83524000
 time elapsed:   43.998498999999356     
  
-------   278------- k=  0.83823000
 time elapsed:   44.297813999999562     
  
-------   279------- k=  0.84122000
 time elapsed:   52.684459000000061     
  
-------   280------- k=  0.84421000
 time elapsed:   21.363323000001401     
  
-------   281------- k=  0.84720000
 time elapsed:   45.892255000000659     
  
-------   282------- k=  0.85019000
 time elapsed:   36.259534999999232     
  
-------   283------- k=  0.85318000
 time elapsed:   42.869855000000825     
  
-------   284------- k=  0.85617000
 time elapsed:   33.814682000000175     
  
-------   285------- k=  0.85916000
Warning: Muller did not converge in 40 steps for roots: 3
 time elapsed:   58.910846999999194     
  
-------   286------- k=  0.86215000
 time elapsed:   41.895924000000377     
  
-------   287------- k=  0.86514000
Warning: Muller did not converge in 40 steps for roots: 3
 time elapsed:   61.918634999999995     
  
-------   288------- k=  0.86813000
 time elapsed:   24.523749999998472     
  
-------   289------- k=  0.87112000
Warning: Muller did not converge in 40 steps for roots: 3
 time elapsed:   58.246129000001019     
  
-------   290------- k=  0.87411000
 time elapsed:   33.349954999999682     
  
-------   291------- k=  0.87710000
 time elapsed:   19.264737999999852     
  
-------   292------- k=  0.88009000
 time elapsed:   28.437885999999708     
  
-------   293------- k=  0.88308000
Warning: Muller did not converge in 40 steps for roots: 3
 time elapsed:   69.324816999998802     
  
-------   294------- k=  0.88607000
 time elapsed:   22.853510000000824     
  
-------   295------- k=  0.88906000
 time elapsed:   37.336013000000094     
  
-------   296------- k=  0.89205000
 time elapsed:   65.613811999999598     
  
-------   297------- k=  0.89504000
 time elapsed:   34.318476000000373     
  
-------   298------- k=  0.89803000
 time elapsed:   53.894992000001366     
  
-------   299------- k=  0.90102000
Warning: Muller did not converge in 40 steps for roots: 3
 time elapsed:   74.356481999999232     
  
-------   300------- k=  0.90401000
 time elapsed:   78.253966000000219     
  
-------   301------- k=  0.90700000
Warning: Muller did not converge in 40 steps for roots: 3
 time elapsed:   60.489437000000180     
  
-------   302------- k=  0.90999000
 time elapsed:   58.614047000000937     
  
-------   303------- k=  0.91298000
 time elapsed:   34.510911999999735     
  
-------   304------- k=  0.91597000
 time elapsed:   21.824598000001060     
  
-------   305------- k=  0.91896000
 time elapsed:   72.067074999999022     
  
-------   306------- k=  0.92195000
 time elapsed:   14.981406999999308     
  
-------   307------- k=  0.92494000
 time elapsed:   57.636578999999983     
  
-------   308------- k=  0.92793000
 time elapsed:   22.258864999999787     
  
-------   309------- k=  0.93092000
Warning: Muller did not converge in 40 steps for roots: 3
 time elapsed:   81.764992000000348     
  
-------   310------- k=  0.93391000
 time elapsed:   60.149072000000160     
  
-------   311------- k=  0.93690000
 time elapsed:   35.150489999999991     
  
-------   312------- k=  0.93989000
 time elapsed:   66.552764000000025     
  
-------   313------- k=  0.94288000
Warning: Muller did not converge in 40 steps for roots: 1
 time elapsed:   88.133584000001065     
  
-------   314------- k=  0.94587000
 time elapsed:   40.113948000000164     
  
-------   315------- k=  0.94886000
 time elapsed:   56.893792999999278     
  
-------   316------- k=  0.95185000
 time elapsed:   69.400064999999813     
  
-------   317------- k=  0.95484000
Warning: Muller did not converge in 40 steps for roots: 1
 time elapsed:   78.246322000000873     
  
-------   318------- k=  0.95783000
 time elapsed:   72.956216999999015     
  
-------   319------- k=  0.96082000
 time elapsed:   112.87887299999966     
  
-------   320------- k=  0.96381000
 time elapsed:   64.039703000000372     
  
-------   321------- k=  0.96680000
Warning: Muller did not converge in 40 steps for roots: 1 3
 time elapsed:   139.97515999999996     
  
-------   322------- k=  0.96979000
 time elapsed:   108.08088899999893     
  
-------   323------- k=  0.97278000
 time elapsed:   62.830200000000332     
  
-------   324------- k=  0.97577000
Warning: Muller did not converge in 40 steps for roots: 1
 time elapsed:   120.44171500000084     
  
-------   325------- k=  0.97876000
Warning: Muller did not converge in 40 steps for roots: 1
 time elapsed:   124.67984500000057     
  
-------   326------- k=  0.98175000
 time elapsed:   54.147055999999793     
  
-------   327------- k=  0.98474000
 time elapsed:   28.770304000001488     
  
-------   328------- k=  0.98773000
Warning: Muller did not converge in 40 steps for roots: 1
 time elapsed:   69.046220999998695     
  
-------   329------- k=  0.99072000
 time elapsed:   34.745047000000341     
  
-------   330------- k=  0.99371000
 time elapsed:   57.235463000000891     
  
-------   331------- k=  0.99670000
 time elapsed:   62.584602999999333     
  
-------   332------- k=  0.99969000
 time elapsed:   73.089916999999332     
  
-------   333------- k=  1.00268000
 time elapsed:   71.952519999998913     
  
-------   334------- k=  1.00567000
 time elapsed:   72.775024999999005     
  
-------   335------- k=  1.00866000
 time elapsed:   59.929691000001185     
  
-------   336------- k=  1.01165000
 time elapsed:   50.777545000000828     
  
-------   337------- k=  1.01464000
Warning: Muller did not converge in 40 steps for roots: 2
 time elapsed:   93.059753999999884     
  
-------   338------- k=  1.01763000
 time elapsed:   107.51162299999851     
  
-------   339------- k=  1.02062000
Warning: Muller did not converge in 40 steps for roots: 1 3
 time elapsed:   120.48281599999973     
  
-------   340------- k=  1.02361000
Warning: Muller did not converge in 40 steps for roots: 1
 time elapsed:   126.80299500000001     
  
-------   341------- k=  1.02660000
Warning: Muller did not converge in 40 steps for roots: 1
 time elapsed:   89.827133000000686     
  
-------   342------- k=  1.02959000
Warning: Muller did not converge in 40 steps for roots: 1
 time elapsed:   79.343886999999086     
  
-------   343------- k=  1.03258000
 time elapsed:   48.594943000000058     
  
-------   344------- k=  1.03557000
 time elapsed:   77.183821999999054     
  
-------   345------- k=  1.03856000
Warning: Muller did not converge in 40 steps for roots: 1
 time elapsed:   42.155740999998670     
  
-------   346------- k=  1.04155000
Warning: Muller did not converge in 40 steps for roots: 1 3
 time elapsed:   91.566091000000597     
  
-------   347------- k=  1.04454000
 time elapsed:   62.696254999998928     
  
-------   348------- k=  1.04753000
 time elapsed:   107.72935099999995     
  
-------   349------- k=  1.05052000
Warning: Muller did not converge in 40 steps for roots: 1
 time elapsed:   76.703236000001198     
  
-------   350------- k=  1.05351000
 time elapsed:   47.105327999999645     
  
-------   351------- k=  1.05650000
Warning: Muller did not converge in 40 steps for roots: 1
 time elapsed:   73.936155999999755     
  
-------   352------- k=  1.05949000
 time elapsed:   58.248158000000331     
  
-------   353------- k=  1.06248000
 time elapsed:   72.320760999999038     
  
-------   354------- k=  1.06547000
Warning: Muller did not converge in 40 steps for roots: 2
 time elapsed:   60.509156999998595     
  
-------   355------- k=  1.06846000
Warning: Muller did not converge in 40 steps for roots: 1
 time elapsed:   66.991535000001022     
  
-------   356------- k=  1.07145000
 time elapsed:   83.471439999999347     
  
-------   357------- k=  1.07444000
 time elapsed:   46.443328000001202     
  
-------   358------- k=  1.07743000
Warning: Muller did not converge in 40 steps for roots: 1
 time elapsed:   62.835879999998724     
  
-------   359------- k=  1.08042000
Warning: Muller did not converge in 40 steps for roots: 2
 time elapsed:   60.758583000000726     
  
-------   360------- k=  1.08341000
Warning: Muller did not converge in 40 steps for roots: 3
 time elapsed:   81.470452999999907     
  
-------   361------- k=  1.08640000
Warning: Muller did not converge in 40 steps for roots: 1 2
 time elapsed:   69.867450000001554     
  
-------   362------- k=  1.08939000
Warning: Muller did not converge in 40 steps for roots: 2
 time elapsed:   41.952299000000494     
  
-------   363------- k=  1.09238000
Warning: Muller did not converge in 40 steps for roots: 2
 time elapsed:   100.94629000000168     
  
-------   364------- k=  1.09537000
Warning: Muller did not converge in 40 steps for roots: 1
 time elapsed:   99.446112999999968     
  
-------   365------- k=  1.09836000
Warning: Muller did not converge in 40 steps for roots: 1 2
 time elapsed:   105.44555199999922     
  
-------   366------- k=  1.10135000
Warning: Muller did not converge in 40 steps for roots: 2
 time elapsed:   84.274527999999918     
  
-------   367------- k=  1.10434000
Warning: Muller did not converge in 40 steps for roots: 1
 time elapsed:   104.27545199999986     
  
-------   368------- k=  1.10733000
 time elapsed:   65.110635999999431     
  
-------   369------- k=  1.11032000
Warning: Muller did not converge in 40 steps for roots: 2
 time elapsed:   70.883576999998695     
  
-------   370------- k=  1.11331000
Warning: Muller did not converge in 40 steps for roots: 1 2
 time elapsed:   118.69618900000023     
  
-------   371------- k=  1.11630000
Warning: Muller did not converge in 40 steps for roots: 1
 time elapsed:   85.492506999999023     
  
-------   372------- k=  1.11929000
Warning: Muller did not converge in 40 steps for roots: 2 3
 time elapsed:   123.34083000000101     
  
-------   373------- k=  1.12228000
 time elapsed:   75.507983000001332     
  
-------   374------- k=  1.12527000
Warning: Muller did not converge in 40 steps for roots: 2
 time elapsed:   75.760143999999855     
  
-------   375------- k=  1.12826000
Warning: Muller did not converge in 40 steps for roots: 2 3
 time elapsed:   87.344804000000295     
  
-------   376------- k=  1.13125000
Warning: Muller did not converge in 40 steps for roots: 1 2
 time elapsed:   64.752966000000015     
  
-------   377------- k=  1.13424000
Warning: Muller did not converge in 40 steps for roots: 2
 time elapsed:   61.127976000001581     
  
-------   378------- k=  1.13723000
Warning: Muller did not converge in 40 steps for roots: 2
 time elapsed:   65.605133999999452     
  
-------   379------- k=  1.14022000
 time elapsed:   95.409918999999718     
  
-------   380------- k=  1.14321000
Warning: Muller did not converge in 40 steps for roots: 1
 time elapsed:   72.187088000000585     
  
-------   381------- k=  1.14620000
 time elapsed:   63.543851000002178     
  
-------   382------- k=  1.14919000
Warning: Muller did not converge in 40 steps for roots: 1
 time elapsed:   55.002609999999549     
  
-------   383------- k=  1.15218000
Warning: Muller did not converge in 40 steps for roots: 2 3
 time elapsed:   102.59425199999896     
  
-------   384------- k=  1.15517000
Warning: Muller did not converge in 40 steps for roots: 2
 time elapsed:   108.23100100000011     
  
-------   385------- k=  1.15816000
Warning: Muller did not converge in 40 steps for roots: 2
 time elapsed:   80.325291000001016     
  
-------   386------- k=  1.16115000
Warning: Muller did not converge in 40 steps for roots: 1 2
 time elapsed:   98.592717999999877     
  
-------   387------- k=  1.16414000
 time elapsed:   74.070836999999301     
  
-------   388------- k=  1.16713000
Warning: Muller did not converge in 40 steps for roots: 2
 time elapsed:   84.458953000001202     
  
-------   389------- k=  1.17012000
 time elapsed:   49.390542000001005     
  
-------   390------- k=  1.17311000
 time elapsed:   84.162749999999505     
  
-------   391------- k=  1.17610000
Warning: Muller did not converge in 40 steps for roots: 1
 time elapsed:   49.911127000003034     
  
-------   392------- k=  1.17909000
 time elapsed:   66.102322999999160     
  
-------   393------- k=  1.18208000
Warning: Muller did not converge in 40 steps for roots: 3
 time elapsed:   88.780606999996962     
  
-------   394------- k=  1.18507000
Warning: Muller did not converge in 40 steps for roots: 1 2
 time elapsed:   85.856277999999293     
  
-------   395------- k=  1.18806000
 time elapsed:   54.839648000001034     
  
-------   396------- k=  1.19105000
Warning: Muller did not converge in 40 steps for roots: 1
 time elapsed:   72.842271999998047     
  
-------   397------- k=  1.19404000
 time elapsed:   42.368069000000105     
  
-------   398------- k=  1.19703000
Warning: Muller did not converge in 40 steps for roots: 1 2
 time elapsed:   108.14754800000082     
  
-------   399------- k=  1.20002000
Warning: Muller did not converge in 40 steps for roots: 3
 time elapsed:   90.283828999999969     
  
-------   400------- k=  1.20301000
Warning: Muller did not converge in 40 steps for roots: 1
 time elapsed:   93.179004000001441     
  
-------   401------- k=  1.20600000
Warning: Muller did not converge in 40 steps for roots: 1
 time elapsed:   89.004999000000680     
  
-------   402------- k=  1.20899000
Warning: Muller did not converge in 40 steps for roots: 1
 time elapsed:   88.915963999999803     
  
-------   403------- k=  1.21198000
Warning: Muller did not converge in 40 steps for roots: 1
 time elapsed:   68.105494999999792     
  
-------   404------- k=  1.21497000
Warning: Muller did not converge in 40 steps for roots: 1 3
 time elapsed:   109.11220200000025     
  
-------   405------- k=  1.21796000
Warning: Muller did not converge in 40 steps for roots: 1
 time elapsed:   74.207182999998622     
  
-------   406------- k=  1.22095000
Warning: Muller did not converge in 40 steps for roots: 1 2
 time elapsed:   112.01434499999959     
  
-------   407------- k=  1.22394000
 time elapsed:   60.079085000001214     
  
-------   408------- k=  1.22693000
Warning: Muller did not converge in 40 steps for roots: 1 2 3
 time elapsed:   121.62283899999966     
  
-------   409------- k=  1.22992000
Warning: Muller did not converge in 40 steps for roots: 1
 time elapsed:   110.72304599999916     
  
-------   410------- k=  1.23291000
Warning: Muller did not converge in 40 steps for roots: 1
 time elapsed:   78.145897000002151     
  
-------   411------- k=  1.23590000
Warning: Muller did not converge in 40 steps for roots: 1
 time elapsed:   110.12876400000096     
  
-------   412------- k=  1.23889000
Warning: Muller did not converge in 40 steps for roots: 1
 time elapsed:   93.388052999998763     
  
-------   413------- k=  1.24188000
Warning: Muller did not converge in 40 steps for roots: 1
 time elapsed:   72.592464999997901     
  
-------   414------- k=  1.24487000
Warning: Muller did not converge in 40 steps for roots: 1
 time elapsed:   88.788356000000931     
  
-------   415------- k=  1.24786000
Warning: Muller did not converge in 40 steps for roots: 1 2
 time elapsed:   104.65813599999819     
  
-------   416------- k=  1.25085000
 time elapsed:   24.290403999999398     
  
-------   417------- k=  1.25384000
Warning: Muller did not converge in 40 steps for roots: 1
 time elapsed:   108.96222800000032     
  
-------   418------- k=  1.25683000
Warning: Muller did not converge in 40 steps for roots: 1 2
 time elapsed:   98.213569999999891     
  
-------   419------- k=  1.25982000
Warning: Muller did not converge in 40 steps for roots: 3
 time elapsed:   50.530045999999857     
  
-------   420------- k=  1.26281000
Warning: Muller did not converge in 40 steps for roots: 1
 time elapsed:   111.78454899999997     
  
-------   421------- k=  1.26580000
Warning: Muller did not converge in 40 steps for roots: 1 2
 time elapsed:   104.16188200000033     
  
-------   422------- k=  1.26879000
Warning: Muller did not converge in 40 steps for roots: 1
 time elapsed:   74.836039999998320     
  
-------   423------- k=  1.27178000
Warning: Muller did not converge in 40 steps for roots: 1
 time elapsed:   96.682688000000780     
  
-------   424------- k=  1.27477000
Warning: Muller did not converge in 40 steps for roots: 1
 time elapsed:   94.200397000000521     
  
-------   425------- k=  1.27776000
 time elapsed:   40.899532999999792     
  
-------   426------- k=  1.28075000
Warning: Muller did not converge in 40 steps for roots: 1
 time elapsed:   98.527375999998185     
  
-------   427------- k=  1.28374000
Warning: Muller did not converge in 40 steps for roots: 1
 time elapsed:   91.443495999999868     
  
-------   428------- k=  1.28673000
Warning: Muller did not converge in 40 steps for roots: 1
 time elapsed:   69.609513999999763     
  
-------   429------- k=  1.28972000
Warning: Muller did not converge in 40 steps for roots: 1
 time elapsed:   103.61683699999776     
  
-------   430------- k=  1.29271000
Warning: Muller did not converge in 40 steps for roots: 1
 time elapsed:   98.820040999999037     
  
-------   431------- k=  1.29570000
Warning: Muller did not converge in 40 steps for roots: 3
 time elapsed:   42.283922999999049     
  
-------   432------- k=  1.29869000
Warning: Muller did not converge in 40 steps for roots: 1
 time elapsed:   91.652296000000206     
  
-------   433------- k=  1.30168000
Warning: Muller did not converge in 40 steps for roots: 1
 time elapsed:   106.98269100000107     
  
-------   434------- k=  1.30467000
Warning: Muller did not converge in 40 steps for roots: 1
 time elapsed:   115.43726400000014     
  
-------   435------- k=  1.30766000
 time elapsed:   46.921264999997220     
  
-------   436------- k=  1.31065000
Warning: Muller did not converge in 40 steps for roots: 1
 time elapsed:   87.262305000000197     
  
-------   437------- k=  1.31364000
 time elapsed:   90.003961000002164     
  
-------   438------- k=  1.31663000
Warning: Muller did not converge in 40 steps for roots: 2
 time elapsed:   102.99777700000050     
  
-------   439------- k=  1.31962000
Warning: Muller did not converge in 40 steps for roots: 1
 time elapsed:   88.125335999997333     
  
-------   440------- k=  1.32261000
 time elapsed:   30.984447999999247     
  
-------   441------- k=  1.32560000
 time elapsed:   117.45750400000179     
  
-------   442------- k=  1.32859000
Warning: Muller did not converge in 40 steps for roots: 1
 time elapsed:   87.509122999999818     
  
-------   443------- k=  1.33158000
Warning: Muller did not converge in 40 steps for roots: 1
 time elapsed:   99.957850999999209     
  
-------   444------- k=  1.33457000
 time elapsed:   112.29773800000112     
  
-------   445------- k=  1.33756000
 time elapsed:   83.418195000002015     
  
-------   446------- k=  1.34055000
Warning: Muller did not converge in 40 steps for roots: 1
 time elapsed:   63.936504000001150     
  
-------   447------- k=  1.34354000
Warning: Muller did not converge in 40 steps for roots: 2
 time elapsed:   121.18209999999817     
  
-------   448------- k=  1.34653000
 time elapsed:   109.62562700000126     
  
-------   449------- k=  1.34952000
Warning: Muller did not converge in 40 steps for roots: 3
 time elapsed:   51.023193999997602     
  
-------   450------- k=  1.35251000
Warning: Muller did not converge in 40 steps for roots: 1
 time elapsed:   115.42281100000037     
  
-------   451------- k=  1.35550000
Warning: Muller did not converge in 40 steps for roots: 1 2
 time elapsed:   122.14560999999958     
  
-------   452------- k=  1.35849000
Warning: Muller did not converge in 40 steps for roots: 1 3
 time elapsed:   77.621217000003526     
  
-------   453------- k=  1.36148000
Warning: Muller did not converge in 40 steps for roots: 1
 time elapsed:   71.468794000000344     
  
-------   454------- k=  1.36447000
Warning: Muller did not converge in 40 steps for roots: 1 2
 time elapsed:   134.29070100000172     
  
-------   455------- k=  1.36746000
Warning: Muller did not converge in 40 steps for roots: 1
 time elapsed:   84.923283000000083     
  
-------   456------- k=  1.37045000
Warning: Muller did not converge in 40 steps for roots: 1
 time elapsed:   101.78470399999787     
  
-------   457------- k=  1.37344000
Warning: Muller did not converge in 40 steps for roots: 1
 time elapsed:   81.510908000000200     
  
-------   458------- k=  1.37643000
Warning: Muller did not converge in 40 steps for roots: 1
 time elapsed:   124.31474200000230     
  
-------   459------- k=  1.37942000
 time elapsed:   64.976407999998628     
  
-------   460------- k=  1.38241000
Warning: Muller did not converge in 40 steps for roots: 1
 time elapsed:   63.712253999998211     
  
-------   461------- k=  1.38540000
Warning: Muller did not converge in 40 steps for roots: 1
 time elapsed:   96.698200999999244     
  
-------   462------- k=  1.38839000
Warning: Muller did not converge in 40 steps for roots: 2
 time elapsed:   59.065389999999752     
  
-------   463------- k=  1.39138000
Warning: Muller did not converge in 40 steps for roots: 1
 time elapsed:   84.428384999999253     
  
-------   464------- k=  1.39437000
Warning: Muller did not converge in 40 steps for roots: 1
 time elapsed:   125.23217000000295     
  
-------   465------- k=  1.39736000
Warning: Muller did not converge in 40 steps for roots: 1
 time elapsed:   75.279944999998406     
  
-------   466------- k=  1.40035000
 time elapsed:   31.187688999998500     
  
-------   467------- k=  1.40334000
Warning: Muller did not converge in 40 steps for roots: 1 2
 time elapsed:   123.32302799999889     
  
-------   468------- k=  1.40633000
Warning: Muller did not converge in 40 steps for roots: 1 2
 time elapsed:   133.57665300000008     
  
-------   469------- k=  1.40932000
Warning: Muller did not converge in 40 steps for roots: 1
 time elapsed:   71.721181000000797     
  
-------   470------- k=  1.41231000
Warning: Muller did not converge in 40 steps for roots: 2
 time elapsed:   76.959828999999445     
  
-------   471------- k=  1.41530000
 time elapsed:   94.933133999998972     
  
-------   472------- k=  1.41829000
Warning: Muller did not converge in 40 steps for roots: 3
 time elapsed:   53.629012999997940     
  
-------   473------- k=  1.42128000
 time elapsed:   83.945916000000580     
  
-------   474------- k=  1.42427000
Warning: Muller did not converge in 40 steps for roots: 1 2
 time elapsed:   100.16681099999914     
  
-------   475------- k=  1.42726000
 time elapsed:   58.506683999999950     
  
-------   476------- k=  1.43025000
 time elapsed:   100.76866300000256     
  
-------   477------- k=  1.43324000
Warning: Muller did not converge in 40 steps for roots: 2
 time elapsed:   113.50255000000107     
  
-------   478------- k=  1.43623000
Warning: Muller did not converge in 40 steps for roots: 1 3
 time elapsed:   79.037155999998504     
  
-------   479------- k=  1.43922000
Warning: Muller did not converge in 40 steps for roots: 1
 time elapsed:   89.471311000001151     
  
-------   480------- k=  1.44221000
Warning: Muller did not converge in 40 steps for roots: 1
 time elapsed:   113.65522099999725     
  
-------   481------- k=  1.44520000
Warning: Muller did not converge in 40 steps for roots: 1
 time elapsed:   82.952315999998973     
  
-------   482------- k=  1.44819000
Warning: Muller did not converge in 40 steps for roots: 1
 time elapsed:   120.07296199999837     
  
-------   483------- k=  1.45118000
 time elapsed:   93.385461999998370     
  
-------   484------- k=  1.45417000
Warning: Muller did not converge in 40 steps for roots: 3
 time elapsed:   87.309180999996897     
  
-------   485------- k=  1.45716000
Warning: Muller did not converge in 40 steps for roots: 1
 time elapsed:   98.316039000001183     
  
-------   486------- k=  1.46015000
 time elapsed:   105.41934599999877     
  
-------   487------- k=  1.46314000
 time elapsed:   62.209313999999722     
  
-------   488------- k=  1.46613000
 time elapsed:   74.889268999999331     
  
-------   489------- k=  1.46912000
Warning: Muller did not converge in 40 steps for roots: 3
 time elapsed:   106.38146799999959     
  
-------   490------- k=  1.47211000
Warning: Muller did not converge in 40 steps for roots: 1
 time elapsed:   105.08144299999913     
  
-------   491------- k=  1.47510000
 time elapsed:   93.584860999999364     
  
-------   492------- k=  1.47809000
Warning: Muller did not converge in 40 steps for roots: 2
 time elapsed:   68.676223999998911     
  
-------   493------- k=  1.48108000
Warning: Muller did not converge in 40 steps for roots: 1
 time elapsed:   80.543447000000015     
  
-------   494------- k=  1.48407000
Warning: Muller did not converge in 40 steps for roots: 1
 time elapsed:   97.663323000000673     
  
-------   495------- k=  1.48706000
Warning: Muller did not converge in 40 steps for roots: 1 2
 time elapsed:   122.84727399999974     
  
-------   496------- k=  1.49005000
Warning: Muller did not converge in 40 steps for roots: 1
 time elapsed:   87.099871999998868     
  
-------   497------- k=  1.49304000
 time elapsed:   118.86324500000046     
  
-------   498------- k=  1.49603000
Warning: Muller did not converge in 40 steps for roots: 1
 time elapsed:   105.52102599999853     
  
-------   499------- k=  1.49902000
Warning: Muller did not converge in 40 steps for roots: 1
 time elapsed:   77.591535999999905     
  
-------   500------- k=  1.50201000
 time elapsed:   111.54257599999983     
  
-------   501------- k=  1.50500000
 time elapsed:   65.812136000000464     
  
-------   502------- k=  1.50799000
Warning: Muller did not converge in 40 steps for roots: 3
 time elapsed:   47.031297000001359     
  
-------   503------- k=  1.51098000
Warning: Muller did not converge in 40 steps for roots: 1 3
 time elapsed:   116.98697700000048     
  
-------   504------- k=  1.51397000
Warning: Muller did not converge in 40 steps for roots: 1
 time elapsed:   99.798240000000078     
  
-------   505------- k=  1.51696000
Warning: Muller did not converge in 40 steps for roots: 2
 time elapsed:   74.776616999999533     
  
-------   506------- k=  1.51995000
 time elapsed:   41.433421000001545     
  
-------   507------- k=  1.52294000
Warning: Muller did not converge in 40 steps for roots: 1 2
 time elapsed:   135.30211599999893     
  
-------   508------- k=  1.52593000
Warning: Muller did not converge in 40 steps for roots: 1 3
 time elapsed:   148.59116600000198     
  
-------   509------- k=  1.52892000
Warning: Muller did not converge in 40 steps for roots: 1
 time elapsed:   107.15884300000107     
  
-------   510------- k=  1.53191000
Warning: Muller did not converge in 40 steps for roots: 1 3
 time elapsed:   142.14114300000074     
  
-------   511------- k=  1.53490000
Warning: Muller did not converge in 40 steps for roots: 1 3
 time elapsed:   115.13156200000230     
  
-------   512------- k=  1.53789000
Warning: Muller did not converge in 40 steps for roots: 1
 time elapsed:   95.558171000000584     
  
-------   513------- k=  1.54088000
Warning: Muller did not converge in 40 steps for roots: 1
 time elapsed:   98.929758999998739     
  
-------   514------- k=  1.54387000
Warning: Muller did not converge in 40 steps for roots: 1
 time elapsed:   74.413559000000532     
  
-------   515------- k=  1.54686000
 time elapsed:   72.282145000001037     
  
-------   516------- k=  1.54985000
Warning: Muller did not converge in 40 steps for roots: 1
 time elapsed:   99.226115000001300     
  
-------   517------- k=  1.55284000
Warning: Muller did not converge in 40 steps for roots: 1
 time elapsed:   74.386150999998790     
  
-------   518------- k=  1.55583000
Warning: Muller did not converge in 40 steps for roots: 2
 time elapsed:   77.254603000001225     
  
-------   519------- k=  1.55882000
 time elapsed:   101.78873499999827     
  
-------   520------- k=  1.56181000
 time elapsed:   50.143438999999489     
  
-------   521------- k=  1.56480000
Warning: Muller did not converge in 40 steps for roots: 1 2
 time elapsed:   99.193570000003092     
  
-------   522------- k=  1.56779000
 time elapsed:   66.946817000000010     
  
-------   523------- k=  1.57078000
 time elapsed:   65.473058999999921     
  
-------   524------- k=  1.57377000
 time elapsed:   73.230027000001428     
  
-------   525------- k=  1.57676000
Warning: Muller did not converge in 40 steps for roots: 2
 time elapsed:   61.588704000001599     
  
-------   526------- k=  1.57975000
 time elapsed:   78.513756000000285     
  
-------   527------- k=  1.58274000
 time elapsed:   88.407135000001290     
  
-------   528------- k=  1.58573000
 time elapsed:   52.413723999998183     
  
-------   529------- k=  1.58872000
 time elapsed:   68.986654999996972     
  
-------   530------- k=  1.59171000
 time elapsed:   84.375765000000683     
  
-------   531------- k=  1.59470000
 time elapsed:   56.080765999999130     
  
-------   532------- k=  1.59769000
 time elapsed:   58.261860000002343     
  
-------   533------- k=  1.60068000
 time elapsed:   83.500985000002402     
  
-------   534------- k=  1.60367000
 time elapsed:   54.335956999999325     
  
-------   535------- k=  1.60666000
 time elapsed:   72.817584000000352     
  
-------   536------- k=  1.60965000
Warning: Muller did not converge in 40 steps for roots: 1
 time elapsed:   76.831812000000355     
  
-------   537------- k=  1.61264000
 time elapsed:   59.028092000000470     
  
-------   538------- k=  1.61563000
 time elapsed:   60.298968999999488     
  
-------   539------- k=  1.61862000
 time elapsed:   76.369657000002917     
  
-------   540------- k=  1.62161000
 time elapsed:   51.680119000000559     
  
-------   541------- k=  1.62460000
 time elapsed:   67.049034000003303     
  
-------   542------- k=  1.62759000
 time elapsed:   85.442430999999488     
  
-------   543------- k=  1.63058000
 time elapsed:   54.731091999998171     
  
-------   544------- k=  1.63357000
 time elapsed:   61.150950999999623     
  
-------   545------- k=  1.63656000
 time elapsed:   91.709936000002926     
  
-------   546------- k=  1.63955000
 time elapsed:   45.722293999999238     
  
-------   547------- k=  1.64254000
 time elapsed:   65.887868999998318     
  
-------   548------- k=  1.64553000
 time elapsed:   83.475211999997555     
  
-------   549------- k=  1.64852000
 time elapsed:   52.876830000001064     
  
-------   550------- k=  1.65151000
Warning: Muller did not converge in 40 steps for roots: 1
 time elapsed:   60.580238000002282     
  
-------   551------- k=  1.65450000
Warning: Muller did not converge in 40 steps for roots: 1
 time elapsed:   86.451391999999032     
  
-------   552------- k=  1.65749000
 time elapsed:   57.055704999998852     
  
-------   553------- k=  1.66048000
Warning: Muller did not converge in 40 steps for roots: 1
 time elapsed:   71.294153999999253     
  
-------   554------- k=  1.66347000
 time elapsed:   80.132863999999245     
  
-------   555------- k=  1.66646000
 time elapsed:   61.939103000000614     
  
-------   556------- k=  1.66945000
 time elapsed:   65.082429000001866     
  
-------   557------- k=  1.67244000
 time elapsed:   87.852510000000620     
  
-------   558------- k=  1.67543000
 time elapsed:   56.137838999999076     
  
-------   559------- k=  1.67842000
Warning: Muller did not converge in 40 steps for roots: 1
 time elapsed:   69.902896999999939     
  
-------   560------- k=  1.68141000
 time elapsed:   81.165670999998838     
  
-------   561------- k=  1.68440000
 time elapsed:   58.744045999999798     
  
-------   562------- k=  1.68739000
 time elapsed:   59.068825000002107     
  
-------   563------- k=  1.69038000
 time elapsed:   84.436077000002115     
  
-------   564------- k=  1.69337000
 time elapsed:   51.410597000001871     
  
-------   565------- k=  1.69636000
 time elapsed:   62.915358000002016     
  
-------   566------- k=  1.69935000
 time elapsed:   84.995736000000761     
  
-------   567------- k=  1.70234000
Warning: Muller did not converge in 40 steps for roots: 2
 time elapsed:   62.597874999999476     
  
-------   568------- k=  1.70533000
 time elapsed:   64.130983999999444     
  
-------   569------- k=  1.70832000
 time elapsed:   85.149394000000029     
  
-------   570------- k=  1.71131000
 time elapsed:   50.878086000000621     
  
-------   571------- k=  1.71430000
Warning: Muller did not converge in 40 steps for roots: 1
 time elapsed:   67.876766000001226     
  
-------   572------- k=  1.71729000
 time elapsed:   89.386467000000266     
  
-------   573------- k=  1.72028000
 time elapsed:   60.406398999999510     
  
-------   574------- k=  1.72327000
 time elapsed:   64.196860000000015     
  
-------   575------- k=  1.72626000
 time elapsed:   96.107369000001199     
  
-------   576------- k=  1.72925000
 time elapsed:   50.357350999998744     
  
-------   577------- k=  1.73224000
 time elapsed:   67.300124000001233     
  
-------   578------- k=  1.73523000
 time elapsed:   82.210596999997506     
  
-------   579------- k=  1.73822000
Warning: Muller did not converge in 40 steps for roots: 2
 time elapsed:   63.460637999996834     
  
-------   580------- k=  1.74121000
 time elapsed:   57.066944999998668     
  
-------   581------- k=  1.74420000
 time elapsed:   79.037089000004926     
  
-------   582------- k=  1.74719000
Warning: Muller did not converge in 40 steps for roots: 2
 time elapsed:   58.487363000000187     
  
-------   583------- k=  1.75018000
 time elapsed:   62.270920999995724     
  
-------   584------- k=  1.75317000
 time elapsed:   84.171441000005871     
  
-------   585------- k=  1.75616000
Warning: Muller did not converge in 40 steps for roots: 2
 time elapsed:   63.293508000002475     
  
-------   586------- k=  1.75915000
Warning: Muller did not converge in 40 steps for roots: 1
 time elapsed:   68.040428000000247     
  
-------   587------- k=  1.76214000
 time elapsed:   79.251806000000215     
  
-------   588------- k=  1.76513000
 time elapsed:   55.197723000004771     
  
-------   589------- k=  1.76812000
 time elapsed:   70.999669999997423     
  
-------   590------- k=  1.77111000
Warning: Muller did not converge in 40 steps for roots: 1
 time elapsed:   95.041114999999991     
  
-------   591------- k=  1.77410000
 time elapsed:   66.257411999999022     
  
-------   592------- k=  1.77709000
 time elapsed:   76.971235999997589     
  
-------   593------- k=  1.78008000
 time elapsed:   83.272306999999273     
  
-------   594------- k=  1.78307000
 time elapsed:   58.092066000004706     
  
-------   595------- k=  1.78606000
Warning: Muller did not converge in 40 steps for roots: 1
 time elapsed:   74.758205999998609     
  
-------   596------- k=  1.78905000
 time elapsed:   89.348658999995678     
  
-------   597------- k=  1.79204000
 time elapsed:   63.548533000001044     
  
-------   598------- k=  1.79503000
 time elapsed:   71.914622999996936     
  
-------   599------- k=  1.79802000
 time elapsed:   91.620343999995384     
  
-------   600------- k=  1.80101000
 time elapsed:   60.033081000001403     
  
-------   601------- k=  1.80400000
 time elapsed:   70.701357999998436     
  
-------   602------- k=  1.80699000
Warning: Muller did not converge in 40 steps for roots: 1
 time elapsed:   97.448794999996608     
  
-------   603------- k=  1.80998000
Warning: Muller did not converge in 40 steps for roots: 2
 time elapsed:   67.097066999995150     
  
-------   604------- k=  1.81297000
 time elapsed:   73.693485000003420     
  
-------   605------- k=  1.81596000
Warning: Muller did not converge in 40 steps for roots: 1
 time elapsed:   99.635282999995979     
  
-------   606------- k=  1.81895000
 time elapsed:   58.852190999998129     
  
-------   607------- k=  1.82194000
Warning: Muller did not converge in 40 steps for roots: 1
 time elapsed:   71.165220999995654     
  
-------   608------- k=  1.82493000
 time elapsed:   86.610873999998148     
  
-------   609------- k=  1.82792000
 time elapsed:   59.972414000003482     
  
-------   610------- k=  1.83091000
 time elapsed:   61.780993000000308     
  
-------   611------- k=  1.83390000
Warning: Muller did not converge in 40 steps for roots: 1
 time elapsed:   91.114539000001969     
  
-------   612------- k=  1.83689000
 time elapsed:   50.127429000000120     
  
-------   613------- k=  1.83988000
 time elapsed:   75.610416000003170     
  
-------   614------- k=  1.84287000
 time elapsed:   104.25501200000144     
  
-------   615------- k=  1.84586000
 time elapsed:   66.057991000001493     
  
-------   616------- k=  1.84885000
 time elapsed:   71.330290999998397     
  
-------   617------- k=  1.85184000
 time elapsed:   82.304801000005682     
  
-------   618------- k=  1.85483000
 time elapsed:   53.255713999998989     
  
-------   619------- k=  1.85782000
 time elapsed:   77.080136000004131     
  
-------   620------- k=  1.86081000
 time elapsed:   97.794743999998900     
  
-------   621------- k=  1.86380000
Warning: Muller did not converge in 40 steps for roots: 2
 time elapsed:   67.652360000000044     
  
-------   622------- k=  1.86679000
 time elapsed:   76.751581000004080     
  
-------   623------- k=  1.86978000
Warning: Muller did not converge in 40 steps for roots: 1
 time elapsed:   94.114086000001407     
  
-------   624------- k=  1.87277000
 time elapsed:   61.300262999997358     
  
-------   625------- k=  1.87576000
 time elapsed:   69.995202999998583     
  
-------   626------- k=  1.87875000
 time elapsed:   89.347993999996106     
  
-------   627------- k=  1.88174000
 time elapsed:   61.456619000004139     
  
-------   628------- k=  1.88473000
Warning: Muller did not converge in 40 steps for roots: 1
 time elapsed:   70.831631000000925     
  
-------   629------- k=  1.88772000
Warning: Muller did not converge in 40 steps for roots: 1
 time elapsed:   103.00651099999959     
  
-------   630------- k=  1.89071000
 time elapsed:   82.051084000006085     
  
-------   631------- k=  1.89370000
Warning: Muller did not converge in 40 steps for roots: 1
 time elapsed:   72.487379999998666     
  
-------   632------- k=  1.89669000
 time elapsed:   95.056569000000309     
  
-------   633------- k=  1.89968000
 time elapsed:   69.328446999999869     
  
-------   634------- k=  1.90267000
 time elapsed:   80.836583000003884     
  
-------   635------- k=  1.90566000
 time elapsed:   78.130929999999353     
  
-------   636------- k=  1.90865000
 time elapsed:   77.056888999999501     
  
-------   637------- k=  1.91164000
Warning: Muller did not converge in 40 steps for roots: 1
 time elapsed:   73.291380999995454     
  
-------   638------- k=  1.91463000
 time elapsed:   98.291399000001547     
  
-------   639------- k=  1.91762000
Warning: Muller did not converge in 40 steps for roots: 2
 time elapsed:   95.359616000001552     
  
-------   640------- k=  1.92061000
Warning: Muller did not converge in 40 steps for roots: 1
 time elapsed:   89.241636999999173     
  
-------   641------- k=  1.92360000
 time elapsed:   82.998558000006597     
  
-------   642------- k=  1.92659000
 time elapsed:   95.251137999999628     
  
-------   643------- k=  1.92958000
Warning: Muller did not converge in 40 steps for roots: 1
 time elapsed:   73.102027000000817     
  
-------   644------- k=  1.93257000
Warning: Muller did not converge in 40 steps for roots: 1
 time elapsed:   92.451162999997905     
  
-------   645------- k=  1.93556000
 time elapsed:   77.702331000000413     
  
-------   646------- k=  1.93855000
 time elapsed:   57.481798000000708     
  
-------   647------- k=  1.94154000
 time elapsed:   104.27348399999755     
  
-------   648------- k=  1.94453000
 time elapsed:   79.272157999999763     
  
-------   649------- k=  1.94752000
 time elapsed:   68.148853999999119     
  
-------   650------- k=  1.95051000
 time elapsed:   104.94006899999658     
  
-------   651------- k=  1.95350000
 time elapsed:   70.406748000001244     
  
-------   652------- k=  1.95649000
 time elapsed:   64.366819000002579     
  
-------   653------- k=  1.95948000
 time elapsed:   95.019519000001310     
  
-------   654------- k=  1.96247000
 time elapsed:   67.915139000004274     
  
-------   655------- k=  1.96546000
 time elapsed:   66.042239000002155     
  
-------   656------- k=  1.96845000
 time elapsed:   90.038516000000527     
  
-------   657------- k=  1.97144000
 time elapsed:   69.010201999997662     
  
-------   658------- k=  1.97443000
Warning: Muller did not converge in 40 steps for roots: 1
 time elapsed:   66.458387999999104     
  
-------   659------- k=  1.97742000
 time elapsed:   96.861910999999964     
  
-------   660------- k=  1.98041000
Warning: Muller did not converge in 40 steps for roots: 2
 time elapsed:   73.373416999995243     
  
-------   661------- k=  1.98340000
Warning: Muller did not converge in 40 steps for roots: 1
 time elapsed:   69.050694999998086     
  
-------   662------- k=  1.98639000
 time elapsed:   89.907721999996284     
  
-------   663------- k=  1.98938000
 time elapsed:   73.684694999996282     
  
-------   664------- k=  1.99237000
 time elapsed:   87.103273000000627     
  
-------   665------- k=  1.99536000
 time elapsed:   87.530020999998669     
  
-------   666------- k=  1.99835000
 time elapsed:   81.098479000000225     
  
-------   667------- k=  2.00134000
 time elapsed:   76.428671000001486     
  
-------   668------- k=  2.00433000
 time elapsed:   115.55721300000005     
  
-------   669------- k=  2.00732000
Warning: Muller did not converge in 40 steps for roots: 3
 time elapsed:   114.57611299999553     
  
-------   670------- k=  2.01031000
 time elapsed:   63.049803000001702     
  
-------   671------- k=  2.01330000
 time elapsed:   110.03845300000103     
  
-------   672------- k=  2.01629000
 time elapsed:   69.587665999999444     
  
-------   673------- k=  2.01928000
Warning: Muller did not converge in 40 steps for roots: 3
 time elapsed:   118.95719999999710     
  
-------   674------- k=  2.02227000
Warning: Muller did not converge in 40 steps for roots: 1
 time elapsed:   99.657310000002326     
  
-------   675------- k=  2.02526000
Warning: Muller did not converge in 40 steps for roots: 2
 time elapsed:   86.113098000001628     
  
-------   676------- k=  2.02825000
 time elapsed:   73.838402000001224     
  
-------   677------- k=  2.03124000
Warning: Muller did not converge in 40 steps for roots: 3
 time elapsed:   146.48930899999687     
  
-------   678------- k=  2.03423000
 time elapsed:   65.189167000004090     
  
-------   679------- k=  2.03722000
 time elapsed:   80.049198000000615     
  
-------   680------- k=  2.04021000
 time elapsed:   88.959263999997347     
  
-------   681------- k=  2.04320000
Warning: Muller did not converge in 40 steps for roots: 2 3
 time elapsed:   113.96812399999908     
  
-------   682------- k=  2.04619000
Warning: Muller did not converge in 40 steps for roots: 1
 time elapsed:   78.660482000006596     
  
-------   683------- k=  2.04918000
Warning: Muller did not converge in 40 steps for roots: 1
 time elapsed:   114.92959100000007     
  
-------   684------- k=  2.05217000
 time elapsed:   81.487569999997504     
  
-------   685------- k=  2.05516000
 time elapsed:   87.139869000006001     
  
-------   686------- k=  2.05815000
 time elapsed:   132.87143600000127     
  
-------   687------- k=  2.06114000
Warning: Muller did not converge in 40 steps for roots: 3
 time elapsed:   109.99155099999916     
  
-------   688------- k=  2.06413000
 time elapsed:   83.846816999997827     
  
-------   689------- k=  2.06712000
Warning: Muller did not converge in 40 steps for roots: 1
 time elapsed:   117.77892100000463     
  
-------   690------- k=  2.07011000
Warning: Muller did not converge in 40 steps for roots: 3
 time elapsed:   129.06207300000096     
  
-------   691------- k=  2.07310000
Warning: Muller did not converge in 40 steps for roots: 3
 time elapsed:   116.04061799999909     
  
-------   692------- k=  2.07609000
 time elapsed:   163.62338099999761     
  
-------   693------- k=  2.07908000
Warning: Muller did not converge in 40 steps for roots: 2 3
 time elapsed:   112.94687100000010     
  
-------   694------- k=  2.08207000
 time elapsed:   102.08833400000003     
  
-------   695------- k=  2.08506000
 time elapsed:   94.716856999999436     
  
-------   696------- k=  2.08805000
 time elapsed:   79.450637999994797     
  
-------   697------- k=  2.09104000
Warning: Muller did not converge in 40 steps for roots: 1
 time elapsed:   95.188815999994404     
  
-------   698------- k=  2.09403000
 time elapsed:   81.254436000002897     
  
-------   699------- k=  2.09702000
 time elapsed:   85.849826999998186     
  
-------   700------- k=  2.10001000
Warning: Muller did not converge in 40 steps for roots: 1
 time elapsed:   93.360528000004706     
  
-------   701------- k=  2.10300000
 time elapsed:   92.950808000001416     
  
-------   702------- k=  2.10599000
 time elapsed:   93.245923000002222     
  
-------   703------- k=  2.10898000
 time elapsed:   85.481493999999657     
  
-------   704------- k=  2.11197000
 time elapsed:   81.739110999995319     
  
-------   705------- k=  2.11496000
 time elapsed:   88.760925999995379     
  
-------   706------- k=  2.11795000
