 Read input data
 ...done
 Read velocity distributions from files
           1         255         128
 ...done.
  
-------     1------- k=  0.01000000
Warning: Muller did not converge in 40 steps for roots: 3
 time elapsed:   83.116795000000010     
  
-------     2------- k=  0.03990000
 time elapsed:   46.958305000000010     
  
-------     3------- k=  0.06980000
 time elapsed:   42.989407999999997     
  
-------     4------- k=  0.09970000
 time elapsed:   29.727921999999978     
  
-------     5------- k=  0.12960000
 time elapsed:   20.829651999999982     
  
-------     6------- k=  0.15950000
Warning: Muller did not converge in 40 steps for roots: 3
 time elapsed:   49.896398999999974     
  
-------     7------- k=  0.18940000
 time elapsed:   13.064528999999993     
  
-------     8------- k=  0.21930000
 time elapsed:   15.253728999999964     
  
-------     9------- k=  0.24920000
 time elapsed:   30.488589999999988     
  
-------    10------- k=  0.27910000
 time elapsed:   34.557119999999998     
  
-------    11------- k=  0.30900000
 time elapsed:   13.325922000000048     
  
-------    12------- k=  0.33890000
 time elapsed:   12.706006000000002     
  
-------    13------- k=  0.36880000
 time elapsed:   21.663280999999984     
  
-------    14------- k=  0.39870000
 time elapsed:   32.347686000000010     
  
-------    15------- k=  0.42860000
 time elapsed:   25.700559999999996     
  
-------    16------- k=  0.45850000
 time elapsed:   23.228646999999967     
  
-------    17------- k=  0.48840000
 time elapsed:   24.757570999999928     
  
-------    18------- k=  0.51830000
 time elapsed:   27.290881999999897     
  
-------    19------- k=  0.54820000
 time elapsed:   31.106621000000018     
  
-------    20------- k=  0.57810000
 time elapsed:   32.853406000000064     
  
-------    21------- k=  0.60800000
 time elapsed:   20.664339000000041     
  
-------    22------- k=  0.63790000
 time elapsed:   34.509728999999993     
  
-------    23------- k=  0.66780000
 time elapsed:   33.482266999999979     
  
-------    24------- k=  0.69770000
 time elapsed:   50.577811999999994     
  
-------    25------- k=  0.72760000
 time elapsed:   22.560246000000006     
  
-------    26------- k=  0.75750000
 time elapsed:   37.976164000000040     
  
-------    27------- k=  0.78740000
 time elapsed:   45.805443999999966     
  
-------    28------- k=  0.81730000
 time elapsed:   53.100078999999937     
  
-------    29------- k=  0.84720000
 time elapsed:   23.068835000000036     
  
-------    30------- k=  0.87710000
 time elapsed:   24.033441000000039     
  
-------    31------- k=  0.90700000
 time elapsed:   24.044605000000047     
  
-------    32------- k=  0.93690000
 time elapsed:   25.192380999999955     
  
-------    33------- k=  0.96680000
 time elapsed:   25.121642999999949     
  
-------    34------- k=  0.99670000
 time elapsed:   26.072973000000047     
  
-------    35------- k=  1.02660000
 time elapsed:   47.905934999999999     
  
-------    36------- k=  1.05650000
 time elapsed:   41.004225000000133     
  
-------    37------- k=  1.08640000
 time elapsed:   52.949922000000015     
  
-------    38------- k=  1.11630000
 time elapsed:   27.191254999999956     
  
-------    39------- k=  1.14620000
 time elapsed:   42.050514999999905     
  
-------    40------- k=  1.17610000
 time elapsed:   61.328539999999975     
  
-------    41------- k=  1.20600000
 time elapsed:   59.549093999999968     
  
-------    42------- k=  1.23590000
 time elapsed:   61.672779999999875     
  
-------    43------- k=  1.26580000
 time elapsed:   57.552853000000141     
  
-------    44------- k=  1.29570000
 time elapsed:   38.937819000000218     
  
-------    45------- k=  1.32560000
 time elapsed:   55.001659999999902     
  
-------    46------- k=  1.35550000
 time elapsed:   53.343996999999945     
  
-------    47------- k=  1.38540000
 time elapsed:   31.299130000000105     
  
-------    48------- k=  1.41530000
 time elapsed:   74.161055999999917     
  
-------    49------- k=  1.44520000
 time elapsed:   37.852452000000085     
  
-------    50------- k=  1.47510000
 time elapsed:   49.250225000000000     
  
-------    51------- k=  1.50500000
 time elapsed:   51.181138000000146     
  
-------    52------- k=  1.53490000
 time elapsed:   36.141505999999936     
  
-------    53------- k=  1.56480000
 time elapsed:   62.671818000000030     
  
-------    54------- k=  1.59470000
 time elapsed:   37.484502000000020     
  
-------    55------- k=  1.62460000
 time elapsed:   50.632127999999739     
  
-------    56------- k=  1.65450000
 time elapsed:   56.766102000000046     
  
-------    57------- k=  1.68440000
 time elapsed:   58.912210999999843     
  
-------    58------- k=  1.71430000
 time elapsed:   75.976525000000038     
  
-------    59------- k=  1.74420000
 time elapsed:   59.477765000000090     
  
-------    60------- k=  1.77410000
 time elapsed:   64.573466000000280     
  
-------    61------- k=  1.80400000
 time elapsed:   66.740499000000000     
  
-------    62------- k=  1.83390000
 time elapsed:   73.067568000000392     
  
-------    63------- k=  1.86380000
 time elapsed:   69.576756000000387     
  
-------    64------- k=  1.89370000
 time elapsed:   66.886266999999862     
  
-------    65------- k=  1.92360000
 time elapsed:   74.169711000000007     
  
-------    66------- k=  1.95350000
 time elapsed:   77.734697000000324     
  
-------    67------- k=  1.98340000
 time elapsed:   44.444884000000002     
  
-------    68------- k=  2.01330000
 time elapsed:   66.582797000000028     
  
-------    69------- k=  2.04320000
 time elapsed:   68.846282000000429     
  
-------    70------- k=  2.07310000
 time elapsed:   79.897711000000072     
  
-------    71------- k=  2.10300000
 time elapsed:   134.48536800000011     
  
-------    72------- k=  2.13290000
 time elapsed:   64.812269000000015     
  
-------    73------- k=  2.16280000
 time elapsed:   92.713708999999653     
  
-------    74------- k=  2.19270000
 time elapsed:   78.184704000000238     
  
-------    75------- k=  2.22260000
 time elapsed:   75.554728000000068     
  
-------    76------- k=  2.25250000
 time elapsed:   50.727908999999727     
  
-------    77------- k=  2.28240000
 time elapsed:   80.010346999999911     
  
-------    78------- k=  2.31230000
 time elapsed:   88.723112000000128     
  
-------    79------- k=  2.34220000
 time elapsed:   56.965989999999692     
  
-------    80------- k=  2.37210000
 time elapsed:   84.975635000000239     
  
-------    81------- k=  2.40200000
 time elapsed:   81.449903000000177     
  
-------    82------- k=  2.43190000
 time elapsed:   73.931178999999702     
  
-------    83------- k=  2.46180000
 time elapsed:   84.346113999999943     
  
-------    84------- k=  2.49170000
 time elapsed:   128.19710500000019     
  
-------    85------- k=  2.52160000
 time elapsed:   75.498741000000336     
  
-------    86------- k=  2.55150000
 time elapsed:   128.97803899999963     
  
-------    87------- k=  2.58140000
 time elapsed:   142.45872199999940     
  
-------    88------- k=  2.61130000
 time elapsed:   196.31025500000032     
  
-------    89------- k=  2.64120000
 time elapsed:   187.99725200000012     
  
-------    90------- k=  2.67110000
 time elapsed:   159.98858999999993     
  
-------    91------- k=  2.70100000
 time elapsed:   169.37154000000010     
  
-------    92------- k=  2.73090000
 time elapsed:   132.03517800000009     
  
-------    93------- k=  2.76080000
 time elapsed:   128.19410699999935     
  
-------    94------- k=  2.79070000
 time elapsed:   212.82776500000000     
  
-------    95------- k=  2.82060000
 time elapsed:   240.12445200000002     
  
-------    96------- k=  2.85050000
 time elapsed:   262.22669399999995     
  
-------    97------- k=  2.88040000
 time elapsed:   331.62040799999977     
  
-------    98------- k=  2.91030000
 time elapsed:   178.77870499999972     
  
-------    99------- k=  2.94020000
 time elapsed:   651.85396599999967     
  
-------   100------- k=  2.97010000
 time elapsed:   191.53854099999990     

Total time elapsed(s):7655.9992450000000  (min): 127.59998741666666
