 Read input data
 ...done
 Read velocity distributions from files
           1         255         128
 ...done.
  
-------     1------- k=  0.01000000
Warning: Muller did not converge in 40 steps for roots: 3
 time elapsed:   70.891295000000000     
  
-------     2------- k=  0.03990000
 time elapsed:   34.878700000000009     
  
-------     3------- k=  0.06980000
 time elapsed:   18.516516000000010     
  
-------     4------- k=  0.09970000
 time elapsed:   16.276845999999992     
  
-------     5------- k=  0.12960000
 time elapsed:   15.548685000000006     
  
-------     6------- k=  0.15950000
 time elapsed:   14.737121000000002     
  
-------     7------- k=  0.18940000
 time elapsed:   13.780775000000006     
  
-------     8------- k=  0.21930000
 time elapsed:   12.091277999999988     
  
-------     9------- k=  0.24920000
 time elapsed:   13.142707999999999     
  
-------    10------- k=  0.27910000
 time elapsed:   13.825867000000017     
  
-------    11------- k=  0.30900000
 time elapsed:   12.377903000000003     
  
-------    12------- k=  0.33890000
 time elapsed:   11.155649999999980     
  
-------    13------- k=  0.36880000
 time elapsed:   12.579024999999973     
  
-------    14------- k=  0.39870000
 time elapsed:   12.566791999999964     
  
-------    15------- k=  0.42860000
 time elapsed:   10.002151999999967     
  
-------    16------- k=  0.45850000
 time elapsed:   9.4008200000000102     
  
-------    17------- k=  0.48840000
 time elapsed:   13.845533999999986     
  
-------    18------- k=  0.51830000
 time elapsed:   11.192926999999997     
  
-------    19------- k=  0.54820000
 time elapsed:   10.785603999999978     
  
-------    20------- k=  0.57810000
 time elapsed:   9.8202860000000101     
  
-------    21------- k=  0.60800000
 time elapsed:   11.777620000000013     
  
-------    22------- k=  0.63790000
 time elapsed:   13.692549000000042     
  
-------    23------- k=  0.66780000
 time elapsed:   14.881051000000014     
  
-------    24------- k=  0.69770000
 time elapsed:   13.711047000000008     
  
-------    25------- k=  0.72760000
 time elapsed:   10.283154000000025     
  
-------    26------- k=  0.75750000
 time elapsed:   11.186498999999969     
  
-------    27------- k=  0.78740000
 time elapsed:   12.865277999999989     
  
-------    28------- k=  0.81730000
 time elapsed:   12.366955000000019     
  
-------    29------- k=  0.84720000
 time elapsed:   10.532438000000013     
  
-------    30------- k=  0.87710000
 time elapsed:   13.144062000000019     
  
-------    31------- k=  0.90700000
 time elapsed:   9.8987189999999714     
  
-------    32------- k=  0.93690000
 time elapsed:   16.906841999999983     
  
-------    33------- k=  0.96680000
 time elapsed:   15.572569999999985     
  
-------    34------- k=  0.99670000
 time elapsed:   13.998134999999991     
  
-------    35------- k=  1.02660000
 time elapsed:   12.443579000000000     
  
-------    36------- k=  1.05650000
 time elapsed:   19.204762999999957     
  
-------    37------- k=  1.08640000
 time elapsed:   13.544792000000029     
  
-------    38------- k=  1.11630000
 time elapsed:   9.2918740000000071     
  
-------    39------- k=  1.14620000
 time elapsed:   9.8748950000000377     
  
-------    40------- k=  1.17610000
 time elapsed:   17.111562000000049     
  
-------    41------- k=  1.20600000
 time elapsed:   19.679800999999998     
  
-------    42------- k=  1.23590000
 time elapsed:   15.139453000000003     
  
-------    43------- k=  1.26580000
 time elapsed:   12.125900000000001     
  
-------    44------- k=  1.29570000
 time elapsed:   11.039638999999966     
  
-------    45------- k=  1.32560000
 time elapsed:   16.963985000000093     
  
-------    46------- k=  1.35550000
 time elapsed:   22.158534000000031     
  
-------    47------- k=  1.38540000
 time elapsed:   16.733579999999961     
  
-------    48------- k=  1.41530000
 time elapsed:   17.713994000000071     
  
-------    49------- k=  1.44520000
 time elapsed:   11.654524999999921     
  
-------    50------- k=  1.47510000
 time elapsed:   12.248842999999965     
  
-------    51------- k=  1.50500000
 time elapsed:   11.559151999999926     
  
-------    52------- k=  1.53490000
 time elapsed:   11.439693000000034     
  
-------    53------- k=  1.56480000
 time elapsed:   11.971824999999967     
  
-------    54------- k=  1.59470000
 time elapsed:   18.001192999999944     
  
-------    55------- k=  1.62460000
 time elapsed:   18.277912000000015     
  
-------    56------- k=  1.65450000
 time elapsed:   18.319702000000007     
  
-------    57------- k=  1.68440000
 time elapsed:   16.059261999999990     
  
-------    58------- k=  1.71430000
 time elapsed:   16.914458000000081     
  
-------    59------- k=  1.74420000
 time elapsed:   16.163194999999973     
  
-------    60------- k=  1.77410000
 time elapsed:   13.130962999999952     
  
-------    61------- k=  1.80400000
 time elapsed:   20.415329999999926     
  
-------    62------- k=  1.83390000
 time elapsed:   21.862536000000091     
  
-------    63------- k=  1.86380000
 time elapsed:   14.963770999999952     
  
-------    64------- k=  1.89370000
 time elapsed:   18.129474000000073     
  
-------    65------- k=  1.92360000
 time elapsed:   18.137923999999998     
  
-------    66------- k=  1.95350000
 time elapsed:   23.847104000000058     
  
-------    67------- k=  1.98340000
 time elapsed:   20.537260999999944     
  
-------    68------- k=  2.01330000
 time elapsed:   21.699380999999903     
  
-------    69------- k=  2.04320000
 time elapsed:   26.098101000000042     
  
-------    70------- k=  2.07310000
 time elapsed:   16.803582999999890     
  
-------    71------- k=  2.10300000
 time elapsed:   29.076444000000038     
  
-------    72------- k=  2.13290000
 time elapsed:   25.401016000000027     
  
-------    73------- k=  2.16280000
 time elapsed:   25.201747999999952     
  
-------    74------- k=  2.19270000
 time elapsed:   16.457969999999932     
  
-------    75------- k=  2.22260000
 time elapsed:   25.269015999999965     
  
-------    76------- k=  2.25250000
 time elapsed:   26.314391999999998     
  
-------    77------- k=  2.28240000
 time elapsed:   24.132250999999997     
  
-------    78------- k=  2.31230000
 time elapsed:   18.037861000000021     
  
-------    79------- k=  2.34220000
 time elapsed:   22.983418000000029     
  
-------    80------- k=  2.37210000
 time elapsed:   36.716007999999874     
  
-------    81------- k=  2.40200000
 time elapsed:   23.947848000000022     
  
-------    82------- k=  2.43190000
 time elapsed:   22.350293999999849     
  
-------    83------- k=  2.46180000
 time elapsed:   21.656242000000020     
  
-------    84------- k=  2.49170000
 time elapsed:   22.759999999999991     
  
-------    85------- k=  2.52160000
 time elapsed:   27.192448000000013     
  
-------    86------- k=  2.55150000
 time elapsed:   27.635806000000002     
  
-------    87------- k=  2.58140000
 time elapsed:   19.260438999999906     
  
-------    88------- k=  2.61130000
 time elapsed:   33.608011999999917     
  
-------    89------- k=  2.64120000
 time elapsed:   33.842462000000069     
  
-------    90------- k=  2.67110000
 time elapsed:   33.889552000000094     
  
-------    91------- k=  2.70100000
 time elapsed:   29.648840999999948     
  
-------    92------- k=  2.73090000
 time elapsed:   25.603041999999959     
  
-------    93------- k=  2.76080000
 time elapsed:   43.043077999999923     
  
-------    94------- k=  2.79070000
 time elapsed:   28.706254000000172     
  
-------    95------- k=  2.82060000
 time elapsed:   35.300083000000086     
  
-------    96------- k=  2.85050000
 time elapsed:   34.059940000000097     
  
-------    97------- k=  2.88040000
 time elapsed:   32.749249000000191     
  
-------    98------- k=  2.91030000
 time elapsed:   31.377318999999943     
  
-------    99------- k=  2.94020000
 time elapsed:   32.762903000000051     
  
-------   100------- k=  2.97010000
 time elapsed:   28.393757000000051     

Total time elapsed(s):1947.0888410000000  (min): 32.451480683333337
