 Read input data
 ...done
 Read velocity distributions from files
           1         255         128
 ...done.
  
-------     1------- k=  0.01000000
Warning: Muller did not converge in 40 steps for roots: 2 3
 time elapsed:   87.055195999999995     
  
-------     2------- k=  0.03990000
 time elapsed:   49.653133999999980     
  
-------     3------- k=  0.06980000
 time elapsed:   33.987553999999989     
  
-------     4------- k=  0.09970000
 time elapsed:   19.434253000000012     
  
-------     5------- k=  0.12960000
 time elapsed:   16.485485000000011     
  
-------     6------- k=  0.15950000
 time elapsed:   14.041208000000012     
  
-------     7------- k=  0.18940000
 time elapsed:   9.9208910000000117     
  
-------     8------- k=  0.21930000
 time elapsed:   8.9407420000000002     
  
-------     9------- k=  0.24920000
 time elapsed:   8.6364340000000084     
  
-------    10------- k=  0.27910000
 time elapsed:   8.3287089999999750     
  
-------    11------- k=  0.30900000
 time elapsed:   7.3231579999999781     
  
-------    12------- k=  0.33890000
 time elapsed:   7.3597550000000069     
  
-------    13------- k=  0.36880000
 time elapsed:   6.6625579999999900     
  
-------    14------- k=  0.39870000
 time elapsed:   6.6826149999999984     
  
-------    15------- k=  0.42860000
 time elapsed:   5.6631879999999910     
  
-------    16------- k=  0.45850000
 time elapsed:   5.0106830000000286     
  
-------    17------- k=  0.48840000
 time elapsed:   5.0186019999999871     
  
-------    18------- k=  0.51830000
 time elapsed:   3.9903209999999945     
  
-------    19------- k=  0.54820000
 time elapsed:   4.0489390000000185     
  
-------    20------- k=  0.57810000
 time elapsed:   3.9309240000000045     
  
-------    21------- k=  0.60800000
 time elapsed:   3.6514240000000200     
  
-------    22------- k=  0.63790000
 time elapsed:   3.6514769999999999     
  
-------    23------- k=  0.66780000
 time elapsed:   3.6628680000000031     
  
-------    24------- k=  0.69770000
 time elapsed:   3.9311950000000024     
  
-------    25------- k=  0.72760000
 time elapsed:   3.6792149999999992     
  
-------    26------- k=  0.75750000
 time elapsed:   3.6181060000000116     
  
-------    27------- k=  0.78740000
 time elapsed:   3.6334180000000060     
  
-------    28------- k=  0.81730000
 time elapsed:   3.9041429999999764     
  
-------    29------- k=  0.84720000
 time elapsed:   3.3928450000000225     
  
-------    30------- k=  0.87710000
 time elapsed:   3.3659830000000284     
  
-------    31------- k=  0.90700000
 time elapsed:   3.3408610000000181     
  
-------    32------- k=  0.93690000
 time elapsed:   3.3452229999999759     
  
-------    33------- k=  0.96680000
 time elapsed:   3.3478090000000407     
  
-------    34------- k=  0.99670000
 time elapsed:   3.4142459999999915     
  
-------    35------- k=  1.02660000
 time elapsed:   3.3802620000000161     
  
-------    36------- k=  1.05650000
 time elapsed:   3.7069070000000011     
  
-------    37------- k=  1.08640000
 time elapsed:   3.3690260000000194     
  
-------    38------- k=  1.11630000
 time elapsed:   3.3713400000000320     
  
-------    39------- k=  1.14620000
 time elapsed:   3.6448199999999815     
  
-------    40------- k=  1.17610000
 time elapsed:   3.3750349999999685     
  
-------    41------- k=  1.20600000
 time elapsed:   3.4000350000000026     
  
-------    42------- k=  1.23590000
 time elapsed:   3.6961730000000443     
  
-------    43------- k=  1.26580000
 time elapsed:   3.6568469999999706     
  
-------    44------- k=  1.29570000
 time elapsed:   3.6731680000000324     
  
-------    45------- k=  1.32560000
 time elapsed:   3.3462559999999826     
  
-------    46------- k=  1.35550000
 time elapsed:   3.3385829999999714     
  
-------    47------- k=  1.38540000
 time elapsed:   3.3553430000000048     
  
-------    48------- k=  1.41530000
 time elapsed:   3.3486139999999978     
  
-------    49------- k=  1.44520000
 time elapsed:   3.6147410000000377     
  
-------    50------- k=  1.47510000
 time elapsed:   3.3906069999999886     
  
-------    51------- k=  1.50500000
 time elapsed:   3.3860740000000078     
  
-------    52------- k=  1.53490000
 time elapsed:   3.4209609999999770     
  
-------    53------- k=  1.56480000
 time elapsed:   3.4206260000000270     
  
-------    54------- k=  1.59470000
 time elapsed:   3.4215619999999944     
  
-------    55------- k=  1.62460000
 time elapsed:   3.4032990000000041     
  
-------    56------- k=  1.65450000
 time elapsed:   3.3872450000000072     
  
-------    57------- k=  1.68440000
 time elapsed:   3.3676670000000399     
  
-------    58------- k=  1.71430000
 time elapsed:   3.3457379999999830     
  
-------    59------- k=  1.74420000
 time elapsed:   3.3642470000000344     
  
-------    60------- k=  1.77410000
 time elapsed:   3.3547209999999836     
  
-------    61------- k=  1.80400000
 time elapsed:   3.3798550000000205     
  
-------    62------- k=  1.83390000
 time elapsed:   3.4345059999999989     
  
-------    63------- k=  1.86380000
 time elapsed:   3.4072240000000420     
  
-------    64------- k=  1.89370000
 time elapsed:   3.3784689999999955     
  
-------    65------- k=  1.92360000
 time elapsed:   3.4036720000000287     
  
-------    66------- k=  1.95350000
 time elapsed:   3.4065579999999613     
  
-------    67------- k=  1.98340000
 time elapsed:   3.4247979999999529     
  
-------    68------- k=  2.01330000
 time elapsed:   3.4539939999999660     
  
-------    69------- k=  2.04320000
 time elapsed:   3.4072649999999953     
  
-------    70------- k=  2.07310000
 time elapsed:   3.4036889999999858     
  
-------    71------- k=  2.10300000
 time elapsed:   3.3926580000000399     
  
-------    72------- k=  2.13290000
 time elapsed:   3.3517939999999840     
  
-------    73------- k=  2.16280000
 time elapsed:   3.3253700000000208     
  
-------    74------- k=  2.19270000
 time elapsed:   3.3314270000000192     
  
-------    75------- k=  2.22260000
 time elapsed:   3.4473689999999806     
  
-------    76------- k=  2.25250000
 time elapsed:   3.3995699999999829     
  
-------    77------- k=  2.28240000
 time elapsed:   3.3711270000000013     
  
-------    78------- k=  2.31230000
 time elapsed:   3.4366020000000503     
  
-------    79------- k=  2.34220000
 time elapsed:   3.4076269999999340     
  
-------    80------- k=  2.37210000
 time elapsed:   3.3564920000000029     
  
-------    81------- k=  2.40200000
 time elapsed:   3.4176310000000285     
  
-------    82------- k=  2.43190000
 time elapsed:   3.3755909999999858     
  
-------    83------- k=  2.46180000
 time elapsed:   3.4058459999999968     
  
-------    84------- k=  2.49170000
 time elapsed:   3.3600950000000012     
  
-------    85------- k=  2.52160000
 time elapsed:   3.4643469999999752     
  
-------    86------- k=  2.55150000
 time elapsed:   3.9108029999999872     
  
-------    87------- k=  2.58140000
 time elapsed:   3.4032560000000558     
  
-------    88------- k=  2.61130000
 time elapsed:   3.3506469999999808     
  
-------    89------- k=  2.64120000
 time elapsed:   3.3547059999999647     
  
-------    90------- k=  2.67110000
 time elapsed:   3.3698639999998932     
  
-------    91------- k=  2.70100000
 time elapsed:   3.3558279999999741     
  
-------    92------- k=  2.73090000
 time elapsed:   3.3976109999999835     
  
-------    93------- k=  2.76080000
 time elapsed:   3.3608769999999595     
  
-------    94------- k=  2.79070000
 time elapsed:   3.3641590000000861     
  
-------    95------- k=  2.82060000
 time elapsed:   3.4185400000000072     
  
-------    96------- k=  2.85050000
 time elapsed:   3.3549239999999827     
  
-------    97------- k=  2.88040000
 time elapsed:   3.4119809999999688     
  
-------    98------- k=  2.91030000
 time elapsed:   3.3300189999999930     
  
-------    99------- k=  2.94020000
 time elapsed:   3.3285789999999906     
  
-------   100------- k=  2.97010000
 time elapsed:   3.4804480000000240     

Total time elapsed(s):588.01601800000003  (min): 9.8002669666666673
