 Read input data
 ...done
 Read velocity distributions from files
           1         255         128
 ...done.
  
-------     1------- k=  0.01000000
 time elapsed:   38.932096999999999     
  
-------     2------- k=  0.03990000
Warning: Muller did not converge in 40 steps for roots: 3
 time elapsed:   53.670801000000004     
  
-------     3------- k=  0.06980000
Warning: Muller did not converge in 40 steps for roots: 3
 time elapsed:   52.520735000000002     
  
-------     4------- k=  0.09970000
 time elapsed:   46.674219999999991     
  
-------     5------- k=  0.12960000
Warning: Muller did not converge in 40 steps for roots: 3
 time elapsed:   46.205239999999975     
  
-------     6------- k=  0.15950000
 time elapsed:   14.067401999999987     
  
-------     7------- k=  0.18940000
 time elapsed:   41.635133999999994     
  
-------     8------- k=  0.21930000
 time elapsed:   16.172433000000012     
  
-------     9------- k=  0.24920000
 time elapsed:   13.087729999999965     
  
-------    10------- k=  0.27910000
 time elapsed:   10.329450999999949     
  
-------    11------- k=  0.30900000
 time elapsed:   10.443470999999988     
  
-------    12------- k=  0.33890000
 time elapsed:   9.1518590000000017     
  
-------    13------- k=  0.36880000
 time elapsed:   8.8919970000000035     
  
-------    14------- k=  0.39870000
 time elapsed:   8.6658530000000269     
  
-------    15------- k=  0.42860000
 time elapsed:   8.1625809999999888     
  
-------    16------- k=  0.45850000
 time elapsed:   8.6532950000000142     
  
-------    17------- k=  0.48840000
 time elapsed:   11.436529000000007     
  
-------    18------- k=  0.51830000
 time elapsed:   6.8123090000000275     
  
-------    19------- k=  0.54820000
 time elapsed:   6.8635500000000320     
  
-------    20------- k=  0.57810000
 time elapsed:   5.7752540000000181     
  
-------    21------- k=  0.60800000
 time elapsed:   5.4306100000000015     
  
-------    22------- k=  0.63790000
 time elapsed:   6.7902910000000247     
  
-------    23------- k=  0.66780000
Warning: Muller did not converge in 40 steps for roots: 2
 time elapsed:   19.184892999999988     
  
-------    24------- k=  0.69770000
 time elapsed:   11.793502999999987     
  
-------    25------- k=  0.72760000
 time elapsed:   11.250903999999991     
  
-------    26------- k=  0.75750000
 time elapsed:   9.8107950000000415     
  
-------    27------- k=  0.78740000
 time elapsed:   6.9397329999999897     
  
-------    28------- k=  0.81730000
 time elapsed:   10.314340000000016     
  
-------    29------- k=  0.84720000
 time elapsed:   14.449817000000053     
  
-------    30------- k=  0.87710000
Warning: Muller did not converge in 40 steps for roots: 2
 time elapsed:   28.347045999999978     
  
-------    31------- k=  0.90700000
 time elapsed:   24.693302000000017     
  
-------    32------- k=  0.93690000
 time elapsed:   7.4120239999999740     
  
-------    33------- k=  0.96680000
 time elapsed:   22.504436000000055     
  
-------    34------- k=  0.99670000
 time elapsed:   11.250969999999938     
  
-------    35------- k=  1.02660000
 time elapsed:   23.615464000000088     
  
-------    36------- k=  1.05650000
 time elapsed:   20.445082999999954     
  
-------    37------- k=  1.08640000
 time elapsed:   9.0315890000000536     
  
-------    38------- k=  1.11630000
 time elapsed:   26.912278000000015     
  
-------    39------- k=  1.14620000
 time elapsed:   20.935727999999926     
  
-------    40------- k=  1.17610000
 time elapsed:   8.7358099999999013     
  
-------    41------- k=  1.20600000
 time elapsed:   26.891793000000007     
  
-------    42------- k=  1.23590000
 time elapsed:   22.820262999999954     
  
-------    43------- k=  1.26580000
 time elapsed:   9.7246939999999995     
  
-------    44------- k=  1.29570000
 time elapsed:   30.219274000000041     
  
-------    45------- k=  1.32560000
 time elapsed:   27.262161999999989     
  
-------    46------- k=  1.35550000
 time elapsed:   9.9772010000000364     
  
-------    47------- k=  1.38540000
 time elapsed:   30.563160999999923     
  
-------    48------- k=  1.41530000
 time elapsed:   25.912031000000070     
  
-------    49------- k=  1.44520000
 time elapsed:   10.076062999999976     
  
-------    50------- k=  1.47510000
Warning: Muller did not converge in 40 steps for roots: 2
 time elapsed:   31.425588999999945     
  
-------    51------- k=  1.50500000
Warning: Muller did not converge in 40 steps for roots: 2
 time elapsed:   28.782105999999999     
  
-------    52------- k=  1.53490000
 time elapsed:   10.182232999999997     
  
-------    53------- k=  1.56480000
 time elapsed:   28.968229000000065     
  
-------    54------- k=  1.59470000
 time elapsed:   20.413662999999929     
  
-------    55------- k=  1.62460000
 time elapsed:   10.973107000000027     
  
-------    56------- k=  1.65450000
 time elapsed:   32.902086000000054     
  
-------    57------- k=  1.68440000
 time elapsed:   27.797924000000194     
  
-------    58------- k=  1.71430000
 time elapsed:   11.668635999999879     
  
-------    59------- k=  1.74420000
 time elapsed:   33.728808999999956     
  
-------    60------- k=  1.77410000
Warning: Muller did not converge in 40 steps for roots: 2
 time elapsed:   33.348479999999881     
  
-------    61------- k=  1.80400000
 time elapsed:   11.170922000000019     
  
-------    62------- k=  1.83390000
 time elapsed:   32.229908000000023     
  
-------    63------- k=  1.86380000
 time elapsed:   32.080750000000080     
  
-------    64------- k=  1.89370000
 time elapsed:   11.389251999999942     
  
-------    65------- k=  1.92360000
 time elapsed:   31.701618000000053     
  
-------    66------- k=  1.95350000
 time elapsed:   34.224997999999914     
  
-------    67------- k=  1.98340000
 time elapsed:   11.838193999999930     
  
-------    68------- k=  2.01330000
 time elapsed:   32.896199999999908     
  
-------    69------- k=  2.04320000
 time elapsed:   23.867813999999953     
  
-------    70------- k=  2.07310000
 time elapsed:   12.428149000000076     
  
-------    71------- k=  2.10300000
 time elapsed:   26.480747000000065     
  
-------    72------- k=  2.13290000
 time elapsed:   24.285102999999935     
  
-------    73------- k=  2.16280000
 time elapsed:   13.169399999999996     
  
-------    74------- k=  2.19270000
 time elapsed:   39.022437999999966     
  
-------    75------- k=  2.22260000
 time elapsed:   35.016732000000047     
  
-------    76------- k=  2.25250000
 time elapsed:   13.285128999999870     
  
-------    77------- k=  2.28240000
 time elapsed:   40.027055000000018     
  
-------    78------- k=  2.31230000
Warning: Muller did not converge in 40 steps for roots: 2
 time elapsed:   40.050351000000092     
  
-------    79------- k=  2.34220000
 time elapsed:   13.405570000000125     
  
-------    80------- k=  2.37210000
 time elapsed:   39.127330999999913     
  
-------    81------- k=  2.40200000
Warning: Muller did not converge in 40 steps for roots: 2
 time elapsed:   40.711250000000064     
  
-------    82------- k=  2.43190000
 time elapsed:   14.287078999999949     
  
-------    83------- k=  2.46180000
 time elapsed:   38.723813000000064     
  
-------    84------- k=  2.49170000
 time elapsed:   40.902728999999908     
  
-------    85------- k=  2.52160000
 time elapsed:   14.831368999999995     
  
-------    86------- k=  2.55150000
 time elapsed:   29.920022000000017     
  
-------    87------- k=  2.58140000
 time elapsed:   29.007742000000007     
  
-------    88------- k=  2.61130000
 time elapsed:   14.166594000000032     
  
-------    89------- k=  2.64120000
 time elapsed:   31.913393999999926     
  
-------    90------- k=  2.67110000
 time elapsed:   30.486726999999973     
  
-------    91------- k=  2.70100000
 time elapsed:   14.654395999999906     
  
-------    92------- k=  2.73090000
 time elapsed:   31.730955999999878     
  
-------    93------- k=  2.76080000
Warning: Muller did not converge in 40 steps for roots: 2
 time elapsed:   45.400504000000183     
  
-------    94------- k=  2.79070000
 time elapsed:   14.719136999999591     
  
-------    95------- k=  2.82060000
 time elapsed:   45.745365000000220     
  
-------    96------- k=  2.85050000
Warning: Muller did not converge in 40 steps for roots: 2
 time elapsed:   46.859647000000223     
  
-------    97------- k=  2.88040000
 time elapsed:   15.747550000000047     
  
-------    98------- k=  2.91030000
 time elapsed:   48.354225999999926     
  
-------    99------- k=  2.94020000
 time elapsed:   46.335091000000375     
  
-------   100------- k=  2.97010000
 time elapsed:   16.023804000000382     

Total time elapsed(s):2310.0935899999999  (min): 38.501559833333332
