 Read input data
 ...done
 Read velocity distributions from files
           1         255         128
 ...done.
  
-------     1------- k=  0.01000000
 time elapsed:   53.493690000000001     
  
-------     2------- k=  0.03990000
 time elapsed:   19.248605999999995     
  
-------     3------- k=  0.06980000
 time elapsed:   20.007276000000005     
  
-------     4------- k=  0.09970000
 time elapsed:   13.587964999999997     
  
-------     5------- k=  0.12960000
 time elapsed:   13.350712000000001     
  
-------     6------- k=  0.15950000
 time elapsed:   13.029302999999999     
  
-------     7------- k=  0.18940000
 time elapsed:   12.968988999999993     
  
-------     8------- k=  0.21930000
 time elapsed:   13.010636000000005     
  
-------     9------- k=  0.24920000
 time elapsed:   13.095812999999993     
  
-------    10------- k=  0.27910000
 time elapsed:   13.138511999999992     
  
-------    11------- k=  0.30900000
 time elapsed:   13.198678000000001     
  
-------    12------- k=  0.33890000
 time elapsed:   13.342471999999987     
  
-------    13------- k=  0.36880000
 time elapsed:   13.465159999999997     
  
-------    14------- k=  0.39870000
 time elapsed:   15.801128000000006     
  
-------    15------- k=  0.42860000
 time elapsed:   15.881571000000008     
  
-------    16------- k=  0.45850000
 time elapsed:   15.954969000000006     
  
-------    17------- k=  0.48840000
 time elapsed:   15.983814999999993     
  
-------    18------- k=  0.51830000
 time elapsed:   16.427263999999980     
  
-------    19------- k=  0.54820000
 time elapsed:   16.533328999999981     
  
-------    20------- k=  0.57810000
 time elapsed:   16.570324000000028     
  
-------    21------- k=  0.60800000
 time elapsed:   18.836105000000032     
  
-------    22------- k=  0.63790000
 time elapsed:   18.933333000000005     
  
-------    23------- k=  0.66780000
 time elapsed:   18.970950999999957     
  
-------    24------- k=  0.69770000
 time elapsed:   19.029287999999951     
  
-------    25------- k=  0.72760000
 time elapsed:   19.323345000000018     
  
-------    26------- k=  0.75750000
 time elapsed:   19.590476999999964     
  
-------    27------- k=  0.78740000
 time elapsed:   20.998338999999987     
  
-------    28------- k=  0.81730000
 time elapsed:   24.037536999999986     
  
-------    29------- k=  0.84720000
 time elapsed:   24.762404000000004     
  
-------    30------- k=  0.87710000
 time elapsed:   24.927899000000025     
  
-------    31------- k=  0.90700000
 time elapsed:   24.950832999999989     
  
-------    32------- k=  0.93690000
 time elapsed:   25.253293999999983     
  
-------    33------- k=  0.96680000
 time elapsed:   26.212308000000007     
  
-------    34------- k=  0.99670000
 time elapsed:   28.144897000000014     
  
-------    35------- k=  1.02660000
 time elapsed:   28.381346000000008     
  
-------    36------- k=  1.05650000
 time elapsed:   28.755832000000055     
  
-------    37------- k=  1.08640000
 time elapsed:   29.249420999999984     
  
-------    38------- k=  1.11630000
 time elapsed:   29.450498000000039     
  
-------    39------- k=  1.14620000
 time elapsed:   32.381464000000051     
  
-------    40------- k=  1.17610000
 time elapsed:   47.376435000000015     
  
-------    41------- k=  1.20600000
 time elapsed:   36.951283999999987     
  
-------    42------- k=  1.23590000
 time elapsed:   36.304050999999959     
  
-------    43------- k=  1.26580000
 time elapsed:   33.443887000000018     
  
-------    44------- k=  1.29570000
 time elapsed:   33.608750999999984     
  
-------    45------- k=  1.32560000
 time elapsed:   36.581508999999983     
  
-------    46------- k=  1.35550000
 time elapsed:   31.665813999999955     
  
-------    47------- k=  1.38540000
 time elapsed:   32.003555000000006     
  
-------    48------- k=  1.41530000
 time elapsed:   34.511830000000145     
  
-------    49------- k=  1.44520000
 time elapsed:   36.179504999999835     
  
-------    50------- k=  1.47510000
 time elapsed:   40.354239000000007     
  
-------    51------- k=  1.50500000
 time elapsed:   35.182176999999911     
  
-------    52------- k=  1.53490000
 time elapsed:   40.760107000000062     
  
-------    53------- k=  1.56480000
 time elapsed:   35.447503000000097     
  
-------    54------- k=  1.59470000
 time elapsed:   41.130930000000035     
  
-------    55------- k=  1.62460000
 time elapsed:   42.518816000000015     
  
-------    56------- k=  1.65450000
 time elapsed:   42.856966000000057     
  
-------    57------- k=  1.68440000
 time elapsed:   40.159339000000045     
  
-------    58------- k=  1.71430000
 time elapsed:   61.201446000000033     
  
-------    59------- k=  1.74420000
 time elapsed:   45.523282999999992     
  
-------    60------- k=  1.77410000
 time elapsed:   44.799278000000186     
  
-------    61------- k=  1.80400000
 time elapsed:   46.786622000000079     
  
-------    62------- k=  1.83390000
 time elapsed:   53.162712000000056     
  
-------    63------- k=  1.86380000
 time elapsed:   46.893289999999979     
  
-------    64------- k=  1.89370000
 time elapsed:   56.833065999999917     
  
-------    65------- k=  1.92360000
 time elapsed:   47.545559999999796     
  
-------    66------- k=  1.95350000
 time elapsed:   51.278892000000042     
  
-------    67------- k=  1.98340000
 time elapsed:   64.191673999999921     
  
-------    68------- k=  2.01330000
 time elapsed:   48.796665999999959     
  
-------    69------- k=  2.04320000
 time elapsed:   49.286284999999680     
  
-------    70------- k=  2.07310000
 time elapsed:   70.909424000000399     
  
-------    71------- k=  2.10300000
 time elapsed:   66.471391999999923     
  
-------    72------- k=  2.13290000
 time elapsed:   52.078804000000218     
  
-------    73------- k=  2.16280000
 time elapsed:   76.743329999999787     
  
-------    74------- k=  2.19270000
 time elapsed:   52.745538000000124     
  
-------    75------- k=  2.22260000
 time elapsed:   52.614982999999938     
  
-------    76------- k=  2.25250000
 time elapsed:   50.356985999999779     
  
-------    77------- k=  2.28240000
 time elapsed:   54.264748999999938     
  
-------    78------- k=  2.31230000
 time elapsed:   54.840603000000101     
  
-------    79------- k=  2.34220000
 time elapsed:   56.576931999999942     
  
-------    80------- k=  2.37210000
 time elapsed:   53.049023999999918     
  
-------    81------- k=  2.40200000
 time elapsed:   57.134655000000294     
  
-------    82------- k=  2.43190000
 time elapsed:   57.410145000000284     
  
-------    83------- k=  2.46180000
 time elapsed:   63.901567000000341     
  
-------    84------- k=  2.49170000
 time elapsed:   73.846495999999661     
  
-------    85------- k=  2.52160000
 time elapsed:   79.082699999999932     
  
-------    86------- k=  2.55150000
 time elapsed:   98.004317999999785     
  
-------    87------- k=  2.58140000
 time elapsed:   84.060967000000346     
  
-------    88------- k=  2.61130000
 time elapsed:   102.67049700000007     
  
-------    89------- k=  2.64120000
 time elapsed:   131.46479799999997     
  
-------    90------- k=  2.67110000
 time elapsed:   119.05598999999984     
  
-------    91------- k=  2.70100000
 time elapsed:   127.05802700000004     
  
-------    92------- k=  2.73090000
 time elapsed:   136.84223900000006     
  
-------    93------- k=  2.76080000
 time elapsed:   151.49774699999989     
  
-------    94------- k=  2.79070000
 time elapsed:   168.92943400000013     
  
-------    95------- k=  2.82060000
 time elapsed:   129.00426400000015     
  
-------    96------- k=  2.85050000
 time elapsed:   167.70738700000038     
  
-------    97------- k=  2.88040000
 time elapsed:   199.78581299999951     
  
-------    98------- k=  2.91030000
 time elapsed:   173.77738300000055     
  
-------    99------- k=  2.94020000
 time elapsed:   185.95269199999984     
  
-------   100------- k=  2.97010000
 time elapsed:   190.48461700000007     

Total time elapsed(s):5232.1649539999999  (min): 87.202749233333336
