 Read input data
 ...done
 Read velocity distributions from files
           1         255         128
 ...done.
  
-------     1------- k=  0.01000000
Warning: Muller did not converge in 40 steps for roots: 2 3
 time elapsed:   88.202241000000001     
  
-------     2------- k=  0.03990000
 time elapsed:   51.100369999999984     
  
-------     3------- k=  0.06980000
 time elapsed:   44.124674999999996     
  
-------     4------- k=  0.09970000
 time elapsed:   48.971881999999994     
  
-------     5------- k=  0.12960000
 time elapsed:   35.283467999999971     
  
-------     6------- k=  0.15950000
 time elapsed:   35.385765999999990     
  
-------     7------- k=  0.18940000
 time elapsed:   14.311288999999988     
  
-------     8------- k=  0.21930000
Warning: Muller did not converge in 40 steps for roots: 3
 time elapsed:   47.705493999999987     
  
-------     9------- k=  0.24920000
 time elapsed:   47.144077999999979     
  
-------    10------- k=  0.27910000
 time elapsed:   38.307704000000001     
  
-------    11------- k=  0.30900000
 time elapsed:   37.432268999999962     
  
-------    12------- k=  0.33890000
 time elapsed:   13.899249999999995     
  
-------    13------- k=  0.36880000
 time elapsed:   15.493797999999970     
  
-------    14------- k=  0.39870000
 time elapsed:   48.654219000000012     
  
-------    15------- k=  0.42860000
 time elapsed:   24.344383999999991     
  
-------    16------- k=  0.45850000
 time elapsed:   52.473020000000020     
  
-------    17------- k=  0.48840000
Warning: Muller did not converge in 40 steps for roots: 3
 time elapsed:   53.593811000000073     
  
-------    18------- k=  0.51830000
 time elapsed:   14.363550999999916     
  
-------    19------- k=  0.54820000
 time elapsed:   31.599593000000027     
  
-------    20------- k=  0.57810000
 time elapsed:   45.419872000000055     
  
-------    21------- k=  0.60800000
 time elapsed:   29.969429999999988     
  
-------    22------- k=  0.63790000
 time elapsed:   16.160070000000019     
  
-------    23------- k=  0.66780000
 time elapsed:   31.768841000000066     
  
-------    24------- k=  0.69770000
 time elapsed:   53.098327999999924     
  
-------    25------- k=  0.72760000
 time elapsed:   39.676594999999907     
  
-------    26------- k=  0.75750000
 time elapsed:   30.799837999999909     
  
-------    27------- k=  0.78740000
Warning: Muller did not converge in 40 steps for roots: 3
 time elapsed:   60.781567000000109     
  
-------    28------- k=  0.81730000
 time elapsed:   18.519033000000036     
  
-------    29------- k=  0.84720000
 time elapsed:   44.443633999999975     
  
-------    30------- k=  0.87710000
 time elapsed:   23.027317000000039     
  
-------    31------- k=  0.90700000
 time elapsed:   62.388781999999992     
  
-------    32------- k=  0.93690000
 time elapsed:   57.107841999999891     
  
-------    33------- k=  0.96680000
Warning: Muller did not converge in 40 steps for roots: 3
 time elapsed:   93.496005999999852     
  
-------    34------- k=  0.99670000
 time elapsed:   45.226208000000042     
  
-------    35------- k=  1.02660000
 time elapsed:   44.912620000000061     
  
-------    36------- k=  1.05650000
Warning: Muller did not converge in 40 steps for roots: 3
 time elapsed:   60.976511000000073     
  
-------    37------- k=  1.08640000
 time elapsed:   18.416891999999962     
  
-------    38------- k=  1.11630000
 time elapsed:   57.463214999999991     
  
-------    39------- k=  1.14620000
 time elapsed:   45.785260999999991     
  
-------    40------- k=  1.17610000
 time elapsed:   48.450667999999951     
  
-------    41------- k=  1.20600000
 time elapsed:   54.541502000000037     
  
-------    42------- k=  1.23590000
 time elapsed:   60.397913000000017     
  
-------    43------- k=  1.26580000
 time elapsed:   58.474950999999919     
  
-------    44------- k=  1.29570000
 time elapsed:   47.701451000000134     
  
-------    45------- k=  1.32560000
 time elapsed:   58.497092999999950     
  
-------    46------- k=  1.35550000
 time elapsed:   21.429074000000128     
  
-------    47------- k=  1.38540000
 time elapsed:   55.632837999999992     
  
-------    48------- k=  1.41530000
 time elapsed:   17.474281000000019     
  
-------    49------- k=  1.44520000
 time elapsed:   41.469335000000001     
  
-------    50------- k=  1.47510000
 time elapsed:   25.954167999999754     
  
-------    51------- k=  1.50500000
 time elapsed:   43.874960000000101     
  
-------    52------- k=  1.53490000
 time elapsed:   19.435804000000189     
  
-------    53------- k=  1.56480000
 time elapsed:   49.861728999999741     
  
-------    54------- k=  1.59470000
 time elapsed:   63.988474999999653     
  
-------    55------- k=  1.62460000
 time elapsed:   23.944251999999778     
  
-------    56------- k=  1.65450000
 time elapsed:   52.835678999999800     
  
-------    57------- k=  1.68440000
Warning: Muller did not converge in 40 steps for roots: 3
 time elapsed:   81.228557999999794     
  
-------    58------- k=  1.71430000
Warning: Muller did not converge in 40 steps for roots: 3
 time elapsed:   83.349352000000181     
  
-------    59------- k=  1.74420000
 time elapsed:   54.644358000000011     
  
-------    60------- k=  1.77410000
 time elapsed:   58.062331000000086     
  
-------    61------- k=  1.80400000
 time elapsed:   19.977729000000181     
  
-------    62------- k=  1.83390000
 time elapsed:   54.327704000000267     
  
-------    63------- k=  1.86380000
 time elapsed:   75.436999000000014     
  
-------    64------- k=  1.89370000
 time elapsed:   90.082709000000250     
  
-------    65------- k=  1.92360000
 time elapsed:   22.778957999999875     
  
-------    66------- k=  1.95350000
 time elapsed:   70.548925000000054     
  
-------    67------- k=  1.98340000
 time elapsed:   27.155840999999782     
  
-------    68------- k=  2.01330000
 time elapsed:   71.581328000000212     
  
-------    69------- k=  2.04320000
 time elapsed:   70.227495000000090     
  
-------    70------- k=  2.07310000
 time elapsed:   23.825640000000021     
  
-------    71------- k=  2.10300000
 time elapsed:   23.455474999999751     
  
-------    72------- k=  2.13290000
Warning: Muller did not converge in 40 steps for roots: 3
 time elapsed:   99.149958999999853     
  
-------    73------- k=  2.16280000
Warning: Muller did not converge in 40 steps for roots: 3
 time elapsed:   97.894587999999658     
  
-------    74------- k=  2.19270000
 time elapsed:   85.583403000000089     
  
-------    75------- k=  2.22260000
 time elapsed:   33.404399999999896     
  
-------    76------- k=  2.25250000
 time elapsed:   60.809158000000025     
  
-------    77------- k=  2.28240000
 time elapsed:   68.557222999999794     
  
-------    78------- k=  2.31230000
 time elapsed:   72.872906999999941     
  
-------    79------- k=  2.34220000
 time elapsed:   57.174190000000181     
  
-------    80------- k=  2.37210000
 time elapsed:   71.123790000000099     
  
-------    81------- k=  2.40200000
Warning: Muller did not converge in 40 steps for roots: 3
 time elapsed:   101.82137499999999     
  
-------    82------- k=  2.43190000
 time elapsed:   73.600904999999784     
  
-------    83------- k=  2.46180000
 time elapsed:   113.48161799999980     
  
-------    84------- k=  2.49170000
 time elapsed:   81.848704999999427     
  
-------    85------- k=  2.52160000
 time elapsed:   73.293359999999666     
  
-------    86------- k=  2.55150000
 time elapsed:   93.630094000000099     
  
-------    87------- k=  2.58140000
 time elapsed:   30.004127000000153     
  
-------    88------- k=  2.61130000
 time elapsed:   91.606004999999641     
  
-------    89------- k=  2.64120000
 time elapsed:   82.904946000000564     
  
-------    90------- k=  2.67110000
 time elapsed:   75.118614999999409     
  
-------    91------- k=  2.70100000
 time elapsed:   95.960579999999936     
  
-------    92------- k=  2.73090000
 time elapsed:   31.965728999999556     
  
-------    93------- k=  2.76080000
 time elapsed:   42.087659000000713     
  
-------    94------- k=  2.79070000
 time elapsed:   90.136402000000089     
  
-------    95------- k=  2.82060000
 time elapsed:   108.46460999999999     
  
-------    96------- k=  2.85050000
 time elapsed:   130.64235400000052     
  
-------    97------- k=  2.88040000
 time elapsed:   179.32166500000039     
  
-------    98------- k=  2.91030000
 time elapsed:   143.11269499999980     
  
-------    99------- k=  2.94020000
 time elapsed:   173.40487000000030     
  
-------   100------- k=  2.97010000
 time elapsed:   73.393458999999893     

Total time elapsed(s):5725.0745319999996  (min): 95.417908866666664
