 Read input data
 ...done
 Read velocity distributions from files
           1         255         128
 ...done.
  
-------     1------- k=  0.01000000
Warning: Muller did not converge in 40 steps for roots: 2 3
 time elapsed:   102.88910199999999     
  
-------     2------- k=  0.03990000
 time elapsed:   53.566056999999986     
  
-------     3------- k=  0.06980000
 time elapsed:   51.627880000000005     
  
-------     4------- k=  0.09970000
 time elapsed:   27.865177000000017     
  
-------     5------- k=  0.12960000
 time elapsed:   38.117908000000000     
  
-------     6------- k=  0.15950000
 time elapsed:   22.776366000000053     
  
-------     7------- k=  0.18940000
 time elapsed:   28.883449999999982     
  
-------     8------- k=  0.21930000
 time elapsed:   13.900474000000031     
  
-------     9------- k=  0.24920000
 time elapsed:   36.143119000000013     
  
-------    10------- k=  0.27910000
 time elapsed:   15.053553000000022     
  
-------    11------- k=  0.30900000
 time elapsed:   29.281305999999972     
  
-------    12------- k=  0.33890000
 time elapsed:   35.067869000000030     
  
-------    13------- k=  0.36880000
 time elapsed:   35.093711999999982     
  
-------    14------- k=  0.39870000
 time elapsed:   38.953759000000048     
  
-------    15------- k=  0.42860000
 time elapsed:   39.056170999999949     
  
-------    16------- k=  0.45850000
 time elapsed:   30.573801000000003     
  
-------    17------- k=  0.48840000
 time elapsed:   50.770614999999907     
  
-------    18------- k=  0.51830000
 time elapsed:   37.289240000000063     
  
-------    19------- k=  0.54820000
 time elapsed:   46.094853000000057     
  
-------    20------- k=  0.57810000
 time elapsed:   40.465366000000017     
  
-------    21------- k=  0.60800000
 time elapsed:   20.569211999999993     
  
-------    22------- k=  0.63790000
 time elapsed:   23.046693000000005     
  
-------    23------- k=  0.66780000
 time elapsed:   42.882976999999983     
  
-------    24------- k=  0.69770000
 time elapsed:   51.211282999999980     
  
-------    25------- k=  0.72760000
 time elapsed:   54.830083000000059     
  
-------    26------- k=  0.75750000
Warning: Muller did not converge in 40 steps for roots: 3
 time elapsed:   75.423433999999929     
  
-------    27------- k=  0.78740000
 time elapsed:   53.962033000000019     
  
-------    28------- k=  0.81730000
 time elapsed:   24.579406999999946     
  
-------    29------- k=  0.84720000
 time elapsed:   50.587561000000051     
  
-------    30------- k=  0.87710000
 time elapsed:   58.662561999999980     
  
-------    31------- k=  0.90700000
 time elapsed:   62.029929999999922     
  
-------    32------- k=  0.93690000
 time elapsed:   24.367339000000129     
  
-------    33------- k=  0.96680000
 time elapsed:   84.753598000000011     
  
-------    34------- k=  0.99670000
 time elapsed:   75.690313999999944     
  
-------    35------- k=  1.02660000
 time elapsed:   91.473046999999951     
  
-------    36------- k=  1.05650000
 time elapsed:   25.800635999999940     
  
-------    37------- k=  1.08640000
 time elapsed:   71.765225999999984     
  
-------    38------- k=  1.11630000
 time elapsed:   27.795249000000013     
  
-------    39------- k=  1.14620000
 time elapsed:   30.487519999999904     
  
-------    40------- k=  1.17610000
 time elapsed:   67.397289999999884     
  
-------    41------- k=  1.20600000
 time elapsed:   80.584430999999995     
  
-------    42------- k=  1.23590000
 time elapsed:   90.298639000000094     
  
-------    43------- k=  1.26580000
 time elapsed:   49.787366999999904     
  
-------    44------- k=  1.29570000
 time elapsed:   91.170623999999862     
  
-------    45------- k=  1.32560000
 time elapsed:   83.064539999999852     
  
-------    46------- k=  1.35550000
Warning: Muller did not converge in 40 steps for roots: 3
 time elapsed:   143.77647699999989     
  
-------    47------- k=  1.38540000
 time elapsed:   37.302979000000050     
  
-------    48------- k=  1.41530000
 time elapsed:   100.86882599999990     
  
-------    49------- k=  1.44520000
 time elapsed:   85.028106000000207     
  
-------    50------- k=  1.47510000
 time elapsed:   137.85753699999987     
  
-------    51------- k=  1.50500000
 time elapsed:   45.223775999999816     
  
-------    52------- k=  1.53490000
 time elapsed:   66.788527999999587     
  
-------    53------- k=  1.56480000
 time elapsed:   119.28548400000000     
  
-------    54------- k=  1.59470000
 time elapsed:   167.07266800000025     
  
-------    55------- k=  1.62460000
 time elapsed:   200.71262100000013     
  
-------    56------- k=  1.65450000
 time elapsed:   152.38087599999972     
  
-------    57------- k=  1.68440000
Warning: Muller did not converge in 40 steps for roots: 3
 time elapsed:   273.75065799999993     
  
-------    58------- k=  1.71430000
 time elapsed:   196.04268599999978     
  
-------    59------- k=  1.74420000
 time elapsed:   128.35925499999985     
  
-------    60------- k=  1.77410000
 time elapsed:   139.89484300000004     
  
-------    61------- k=  1.80400000
Warning: Muller did not converge in 40 steps for roots: 3
 time elapsed:   295.80663700000059     
  
-------    62------- k=  1.83390000
 time elapsed:   148.53691700000036     
  
-------    63------- k=  1.86380000
 time elapsed:   201.17337500000031     
  
-------    64------- k=  1.89370000
 time elapsed:   204.70443700000033     
  
-------    65------- k=  1.92360000
 time elapsed:   234.06992999999966     
  
-------    66------- k=  1.95350000
Warning: Muller did not converge in 40 steps for roots: 1
 time elapsed:   188.43017899999995     
  
-------    67------- k=  1.98340000
Warning: Muller did not converge in 40 steps for roots: 1
 time elapsed:   317.05537099999947     
  
-------    68------- k=  2.01330000
Warning: Muller did not converge in 40 steps for roots: 2
 time elapsed:   288.73530100000062     
  
-------    69------- k=  2.04320000
Warning: Muller did not converge in 40 steps for roots: 1 2
 time elapsed:   268.60268600000018     
  
-------    70------- k=  2.07310000
Warning: Muller did not converge in 40 steps for roots: 3
 time elapsed:   281.63738300000023     
  
-------    71------- k=  2.10300000
 time elapsed:   244.64991000000009     
  
-------    72------- k=  2.13290000
 time elapsed:   267.69812400000046     
  
-------    73------- k=  2.16280000
 time elapsed:   244.80893700000070     
  
-------    74------- k=  2.19270000
 time elapsed:   177.27516500000002     
  
-------    75------- k=  2.22260000
Warning: Muller did not converge in 40 steps for roots: 2
 time elapsed:   204.23587099999986     
  
-------    76------- k=  2.25250000
Warning: Muller did not converge in 40 steps for roots: 2 3
 time elapsed:   336.12169699999959     
  
-------    77------- k=  2.28240000
Warning: Muller did not converge in 40 steps for roots: 1 3
 time elapsed:   336.48157699999956     
  
-------    78------- k=  2.31230000
Warning: Muller did not converge in 40 steps for roots: 1
 time elapsed:   271.12186099999963     
  
-------    79------- k=  2.34220000
Warning: Muller did not converge in 40 steps for roots: 3
 time elapsed:   189.60153699999864     
  
-------    80------- k=  2.37210000
Warning: Muller did not converge in 40 steps for roots: 1 2
 time elapsed:   374.35185500000080     
  
-------    81------- k=  2.40200000
Warning: Muller did not converge in 40 steps for roots: 1 2
 time elapsed:   381.34201299999950     
  
-------    82------- k=  2.43190000
Warning: Muller did not converge in 40 steps for roots: 1 2
 time elapsed:   368.40817199999947     
  
-------    83------- k=  2.46180000
Warning: Muller did not converge in 40 steps for roots: 1 2
 time elapsed:   437.84298899999885     
  
-------    84------- k=  2.49170000
 time elapsed:   195.28300700000000     
  
-------    85------- k=  2.52160000
 time elapsed:   144.55145499999890     
  
-------    86------- k=  2.55150000
Warning: Muller did not converge in 40 steps for roots: 1 2
 time elapsed:   478.49233100000129     
  
-------    87------- k=  2.58140000
Warning: Muller did not converge in 40 steps for roots: 1
 time elapsed:   473.30181199999970     
  
-------    88------- k=  2.61130000
Warning: Muller did not converge in 40 steps for roots: 1
 time elapsed:   276.98885399999926     
  
-------    89------- k=  2.64120000
Warning: Muller did not converge in 40 steps for roots: 1 2
 time elapsed:   670.41376700000001     
  
-------    90------- k=  2.67110000
Warning: Muller did not converge in 40 steps for roots: 1
 time elapsed:   453.14595200000076     
  
-------    91------- k=  2.70100000
Warning: Muller did not converge in 40 steps for roots: 1
 time elapsed:   445.29180499999893     
  
-------    92------- k=  2.73090000
Warning: Muller did not converge in 40 steps for roots: 1
 time elapsed:   432.10634200000095     
  
-------    93------- k=  2.76080000
Warning: Muller did not converge in 40 steps for roots: 1 3
 time elapsed:   544.32251100000030     
  
-------    94------- k=  2.79070000
Warning: Muller did not converge in 40 steps for roots: 2
 time elapsed:   358.79255000000012     
  
-------    95------- k=  2.82060000
Warning: Muller did not converge in 40 steps for roots: 2
 time elapsed:   526.87270900000112     
  
-------    96------- k=  2.85050000
Warning: Muller did not converge in 40 steps for roots: 1
 time elapsed:   371.26245200000085     
  
-------    97------- k=  2.88040000
Warning: Muller did not converge in 40 steps for roots: 1
 time elapsed:   570.70274399999835     
  
-------    98------- k=  2.91030000
Warning: Muller did not converge in 40 steps for roots: 1 2
 time elapsed:   563.82615100000112     
  
-------    99------- k=  2.94020000
Warning: Muller did not converge in 40 steps for roots: 1 2
 time elapsed:   848.80863999999929     
  
-------   100------- k=  2.97010000
Warning: Muller did not converge in 40 steps for roots: 1
 time elapsed:   640.19142900000224     

Total time elapsed(s):18437.310496999999  (min): 307.28850828333333
