 Read input data
 ...done
 Read velocity distributions from files
           1         255         128
 ...done.
  
-------     1------- k=  0.01000000
Warning: Muller did not converge in 40 steps for roots: 3
 time elapsed:   70.797866999999997     
  
-------     2------- k=  0.03990000
 time elapsed:   39.811535000000006     
  
-------     3------- k=  0.06980000
 time elapsed:   22.840889999999987     
  
-------     4------- k=  0.09970000
 time elapsed:   19.265948000000009     
  
-------     5------- k=  0.12960000
 time elapsed:   17.808524000000006     
  
-------     6------- k=  0.15950000
 time elapsed:   14.652276000000001     
  
-------     7------- k=  0.18940000
 time elapsed:   10.468870000000010     
  
-------     8------- k=  0.21930000
 time elapsed:   10.766682000000003     
  
-------     9------- k=  0.24920000
 time elapsed:   9.4051980000000128     
  
-------    10------- k=  0.27910000
 time elapsed:   8.7620260000000201     
  
-------    11------- k=  0.30900000
 time elapsed:   8.2660680000000184     
  
-------    12------- k=  0.33890000
 time elapsed:   8.2811039999999991     
  
-------    13------- k=  0.36880000
 time elapsed:   6.9734440000000006     
  
-------    14------- k=  0.39870000
 time elapsed:   6.9929019999999866     
  
-------    15------- k=  0.42860000
 time elapsed:   6.4632799999999690     
  
-------    16------- k=  0.45850000
 time elapsed:   5.4009399999999914     
  
-------    17------- k=  0.48840000
 time elapsed:   5.4468380000000138     
  
-------    18------- k=  0.51830000
 time elapsed:   4.9123359999999821     
  
-------    19------- k=  0.54820000
 time elapsed:   4.6284549999999740     
  
-------    20------- k=  0.57810000
 time elapsed:   4.2574749999999995     
  
-------    21------- k=  0.60800000
 time elapsed:   4.2541640000000029     
  
-------    22------- k=  0.63790000
Warning: Muller did not converge in 40 steps for roots: 1
 time elapsed:   15.202486000000022     
  
-------    23------- k=  0.66780000
Warning: Muller did not converge in 40 steps for roots: 1
 time elapsed:   15.157483000000013     
  
-------    24------- k=  0.69770000
 time elapsed:   8.3780100000000175     
  
-------    25------- k=  0.72760000
 time elapsed:   7.4986330000000407     
  
-------    26------- k=  0.75750000
 time elapsed:   9.7760850000000232     
  
-------    27------- k=  0.78740000
 time elapsed:   4.7782209999999736     
  
-------    28------- k=  0.81730000
 time elapsed:   12.305358999999953     
  
-------    29------- k=  0.84720000
 time elapsed:   11.005265000000009     
  
-------    30------- k=  0.87710000
 time elapsed:   4.2117519999999899     
  
-------    31------- k=  0.90700000
 time elapsed:   10.326197999999977     
  
-------    32------- k=  0.93690000
 time elapsed:   7.3620589999999879     
  
-------    33------- k=  0.96680000
 time elapsed:   9.8648479999999950     
  
-------    34------- k=  0.99670000
 time elapsed:   10.476300000000037     
  
-------    35------- k=  1.02660000
 time elapsed:   3.9057879999999727     
  
-------    36------- k=  1.05650000
 time elapsed:   10.904756999999961     
  
-------    37------- k=  1.08640000
 time elapsed:   10.395595999999955     
  
-------    38------- k=  1.11630000
 time elapsed:   3.9669069999999920     
  
-------    39------- k=  1.14620000
 time elapsed:   10.516202000000021     
  
-------    40------- k=  1.17610000
 time elapsed:   10.207707999999968     
  
-------    41------- k=  1.20600000
 time elapsed:   3.9573939999999652     
  
-------    42------- k=  1.23590000
 time elapsed:   10.405342999999959     
  
-------    43------- k=  1.26580000
 time elapsed:   10.432102999999984     
  
-------    44------- k=  1.29570000
 time elapsed:   4.2106059999999843     
  
-------    45------- k=  1.32560000
 time elapsed:   10.149441000000024     
  
-------    46------- k=  1.35550000
 time elapsed:   10.142091999999991     
  
-------    47------- k=  1.38540000
 time elapsed:   4.2429349999999886     
  
-------    48------- k=  1.41530000
 time elapsed:   10.564077999999995     
  
-------    49------- k=  1.44520000
 time elapsed:   10.091746000000057     
  
-------    50------- k=  1.47510000
 time elapsed:   4.1948539999999639     
  
-------    51------- k=  1.50500000
 time elapsed:   10.147843000000080     
  
-------    52------- k=  1.53490000
 time elapsed:   10.126993999999968     
  
-------    53------- k=  1.56480000
 time elapsed:   4.4813950000000204     
  
-------    54------- k=  1.59470000
 time elapsed:   10.390286000000060     
  
-------    55------- k=  1.62460000
 time elapsed:   9.7926089999999704     
  
-------    56------- k=  1.65450000
 time elapsed:   4.1810560000000123     
  
-------    57------- k=  1.68440000
 time elapsed:   10.330034000000069     
  
-------    58------- k=  1.71430000
 time elapsed:   10.091114999999945     
  
-------    59------- k=  1.74420000
 time elapsed:   4.4973410000000058     
  
-------    60------- k=  1.77410000
 time elapsed:   10.375768999999991     
  
-------    61------- k=  1.80400000
 time elapsed:   10.322394999999915     
  
-------    62------- k=  1.83390000
 time elapsed:   4.7656770000000961     
  
-------    63------- k=  1.86380000
 time elapsed:   10.095568999999955     
  
-------    64------- k=  1.89370000
 time elapsed:   10.093148000000042     
  
-------    65------- k=  1.92360000
 time elapsed:   4.4642020000000002     
  
-------    66------- k=  1.95350000
 time elapsed:   10.399018999999953     
  
-------    67------- k=  1.98340000
 time elapsed:   10.029695000000061     
  
-------    68------- k=  2.01330000
 time elapsed:   4.4005290000000059     
  
-------    69------- k=  2.04320000
 time elapsed:   10.375474000000054     
  
-------    70------- k=  2.07310000
 time elapsed:   9.9880319999999756     
  
-------    71------- k=  2.10300000
 time elapsed:   4.4861899999999650     
  
-------    72------- k=  2.13290000
 time elapsed:   10.692920000000072     
  
-------    73------- k=  2.16280000
 time elapsed:   10.126275999999962     
  
-------    74------- k=  2.19270000
 time elapsed:   4.5298940000000130     
  
-------    75------- k=  2.22260000
 time elapsed:   10.378544000000034     
  
-------    76------- k=  2.25250000
 time elapsed:   10.192964000000075     
  
-------    77------- k=  2.28240000
 time elapsed:   4.5199629999999615     
  
-------    78------- k=  2.31230000
 time elapsed:   10.439878000000022     
  
-------    79------- k=  2.34220000
 time elapsed:   10.080803000000060     
  
-------    80------- k=  2.37210000
 time elapsed:   4.4902369999999792     
  
-------    81------- k=  2.40200000
 time elapsed:   10.457991999999990     
  
-------    82------- k=  2.43190000
 time elapsed:   10.234723000000031     
  
-------    83------- k=  2.46180000
 time elapsed:   4.4957630000000108     
  
-------    84------- k=  2.49170000
 time elapsed:   10.190278000000035     
  
-------    85------- k=  2.52160000
 time elapsed:   10.301434999999969     
  
-------    86------- k=  2.55150000
 time elapsed:   4.4830920000000560     
  
-------    87------- k=  2.58140000
 time elapsed:   10.136518000000024     
  
-------    88------- k=  2.61130000
 time elapsed:   10.117339000000015     
  
-------    89------- k=  2.64120000
 time elapsed:   4.5411409999999250     
  
-------    90------- k=  2.67110000
 time elapsed:   10.111419999999953     
  
-------    91------- k=  2.70100000
 time elapsed:   10.130675999999994     
  
-------    92------- k=  2.73090000
 time elapsed:   4.4848230000000058     
  
-------    93------- k=  2.76080000
 time elapsed:   10.134024000000068     
  
-------    94------- k=  2.79070000
 time elapsed:   10.149485000000027     
  
-------    95------- k=  2.82060000
 time elapsed:   4.5096229999999196     
  
-------    96------- k=  2.85050000
 time elapsed:   10.114779999999996     
  
-------    97------- k=  2.88040000
 time elapsed:   10.115291999999954     
  
-------    98------- k=  2.91030000
 time elapsed:   4.5351849999999558     
  
-------    99------- k=  2.94020000
 time elapsed:   10.157305000000065     
  
-------   100------- k=  2.97010000
 time elapsed:   10.140538999999990     

Total time elapsed(s):964.13662399999998  (min): 16.068943733333334
