 Read input data
 ...done
 Read velocity distributions from files
           1         255         128
 ...done.
  
-------     1------- k=  0.01000000
 time elapsed:   45.730765000000005     
  
-------     2------- k=  0.03990000
Warning: Muller did not converge in 40 steps for roots: 3
 time elapsed:   52.612576999999995     
  
-------     3------- k=  0.06980000
 time elapsed:   27.477628000000010     
  
-------     4------- k=  0.09970000
Warning: Muller did not converge in 40 steps for roots: 3
 time elapsed:   51.162555000000012     
  
-------     5------- k=  0.12960000
 time elapsed:   38.998487999999981     
  
-------     6------- k=  0.15950000
Warning: Muller did not converge in 40 steps for roots: 3
 time elapsed:   52.271861000000001     
  
-------     7------- k=  0.18940000
 time elapsed:   34.757877000000008     
  
-------     8------- k=  0.21930000
 time elapsed:   42.733115999999995     
  
-------     9------- k=  0.24920000
 time elapsed:   18.606942000000004     
  
-------    10------- k=  0.27910000
 time elapsed:   31.548380000000009     
  
-------    11------- k=  0.30900000
 time elapsed:   18.582409999999982     
  
-------    12------- k=  0.33890000
 time elapsed:   47.483903999999995     
  
-------    13------- k=  0.36880000
 time elapsed:   19.695445000000007     
  
-------    14------- k=  0.39870000
 time elapsed:   35.741324000000077     
  
-------    15------- k=  0.42860000
 time elapsed:   23.558473999999933     
  
-------    16------- k=  0.45850000
 time elapsed:   35.840089000000035     
  
-------    17------- k=  0.48840000
 time elapsed:   52.853643000000034     
  
-------    18------- k=  0.51830000
 time elapsed:   30.118934999999965     
  
-------    19------- k=  0.54820000
 time elapsed:   28.892105999999899     
  
-------    20------- k=  0.57810000
 time elapsed:   38.532144999999900     
  
-------    21------- k=  0.60800000
 time elapsed:   50.014472999999953     
  
-------    22------- k=  0.63790000
Warning: Muller did not converge in 40 steps for roots: 3
 time elapsed:   71.561183000000028     
  
-------    23------- k=  0.66780000
Warning: Muller did not converge in 40 steps for roots: 3
 time elapsed:   71.850010999999995     
  
-------    24------- k=  0.69770000
 time elapsed:   30.839563999999996     
  
-------    25------- k=  0.72760000
Warning: Muller did not converge in 40 steps for roots: 3
 time elapsed:   73.853195000000028     
  
-------    26------- k=  0.75750000
 time elapsed:   62.092663000000130     
  
-------    27------- k=  0.78740000
Warning: Muller did not converge in 40 steps for roots: 3
 time elapsed:   80.755538999999999     
  
-------    28------- k=  0.81730000
 time elapsed:   29.411857999999938     
  
-------    29------- k=  0.84720000
Warning: Muller did not converge in 40 steps for roots: 2
 time elapsed:   86.846416999999974     
  
-------    30------- k=  0.87710000
 time elapsed:   83.273143000000118     
  
-------    31------- k=  0.90700000
 time elapsed:   75.346493000000009     
  
-------    32------- k=  0.93690000
 time elapsed:   42.270111999999926     
  
-------    33------- k=  0.96680000
 time elapsed:   77.389608999999837     
  
-------    34------- k=  0.99670000
Warning: Muller did not converge in 40 steps for roots: 2
 time elapsed:   145.49088700000016     
  
-------    35------- k=  1.02660000
Warning: Muller did not converge in 40 steps for roots: 2
 time elapsed:   100.28486399999997     
  
-------    36------- k=  1.05650000
 time elapsed:   83.859778000000006     
  
-------    37------- k=  1.08640000
Warning: Muller did not converge in 40 steps for roots: 3
 time elapsed:   104.41179000000011     
  
-------    38------- k=  1.11630000
 time elapsed:   69.668810999999778     
  
-------    39------- k=  1.14620000
 time elapsed:   79.737078999999994     
  
-------    40------- k=  1.17610000
 time elapsed:   54.289327999999841     
  
-------    41------- k=  1.20600000
Warning: Muller did not converge in 40 steps for roots: 3
 time elapsed:   181.66269699999975     
  
-------    42------- k=  1.23590000
Warning: Muller did not converge in 40 steps for roots: 2
 time elapsed:   133.98009200000024     
  
-------    43------- k=  1.26580000
 time elapsed:   161.20988999999963     
  
-------    44------- k=  1.29570000
Warning: Muller did not converge in 40 steps for roots: 2
 time elapsed:   123.75977100000000     
  
-------    45------- k=  1.32560000
 time elapsed:   162.01744599999984     
  
-------    46------- k=  1.35550000
Warning: Muller did not converge in 40 steps for roots: 2 3
 time elapsed:   229.79335400000036     
  
-------    47------- k=  1.38540000
 time elapsed:   147.26334399999996     
  
-------    48------- k=  1.41530000
Warning: Muller did not converge in 40 steps for roots: 3
 time elapsed:   138.71424400000024     
  
-------    49------- k=  1.44520000
 time elapsed:   156.27158899999995     
  
-------    50------- k=  1.47510000
Warning: Muller did not converge in 40 steps for roots: 2
 time elapsed:   207.95496900000035     
  
-------    51------- k=  1.50500000
Warning: Muller did not converge in 40 steps for roots: 3
 time elapsed:   133.00005000000010     
  
-------    52------- k=  1.53490000
 time elapsed:   118.84715300000016     
  
-------    53------- k=  1.56480000
Warning: Muller did not converge in 40 steps for roots: 3
 time elapsed:   236.98495099999946     
  
-------    54------- k=  1.59470000
 time elapsed:   250.69601599999987     
  
-------    55------- k=  1.62460000
 time elapsed:   217.98133400000006     
  
-------    56------- k=  1.65450000
 time elapsed:   147.35046399999919     
  
-------    57------- k=  1.68440000
Warning: Muller did not converge in 40 steps for roots: 2
 time elapsed:   285.59481799999958     
  
-------    58------- k=  1.71430000
 time elapsed:   267.23847400000068     
  
-------    59------- k=  1.74420000
 time elapsed:   123.47432399999980     
  
-------    60------- k=  1.77410000
 time elapsed:   246.44329300000027     
  
-------    61------- k=  1.80400000
Warning: Muller did not converge in 40 steps for roots: 3
 time elapsed:   263.73734899999999     
  
-------    62------- k=  1.83390000
Warning: Muller did not converge in 40 steps for roots: 2
 time elapsed:   286.71444599999995     
  
-------    63------- k=  1.86380000
Warning: Muller did not converge in 40 steps for roots: 2
 time elapsed:   308.51740199999949     
  
-------    64------- k=  1.89370000
 time elapsed:   218.86114799999996     
  
-------    65------- k=  1.92360000
 time elapsed:   91.211517000000640     
  
-------    66------- k=  1.95350000
Warning: Muller did not converge in 40 steps for roots: 1
 time elapsed:   224.95175000000017     
  
-------    67------- k=  1.98340000
Warning: Muller did not converge in 40 steps for roots: 1
 time elapsed:   157.92176399999971     
  
-------    68------- k=  2.01330000
 time elapsed:   144.57070500000009     
  
-------    69------- k=  2.04320000
Warning: Muller did not converge in 40 steps for roots: 1
 time elapsed:   311.93782100000044     
  
-------    70------- k=  2.07310000
Warning: Muller did not converge in 40 steps for roots: 2 3
 time elapsed:   299.29149799999959     
  
-------    71------- k=  2.10300000
 time elapsed:   140.30378700000074     
  
-------    72------- k=  2.13290000
 time elapsed:   207.59925900000053     
  
-------    73------- k=  2.16280000
 time elapsed:   244.29362299999957     
  
-------    74------- k=  2.19270000
 time elapsed:   67.687654000001203     
  
-------    75------- k=  2.22260000
Warning: Muller did not converge in 40 steps for roots: 2
 time elapsed:   298.70610300000044     
  
-------    76------- k=  2.25250000
Warning: Muller did not converge in 40 steps for roots: 2
 time elapsed:   214.02328999999918     
  
-------    77------- k=  2.28240000
Warning: Muller did not converge in 40 steps for roots: 1 2
 time elapsed:   420.63014900000053     
  
-------    78------- k=  2.31230000
Warning: Muller did not converge in 40 steps for roots: 1 2
 time elapsed:   424.90362699999969     
  
-------    79------- k=  2.34220000
 time elapsed:   190.94595800000025     
  
-------    80------- k=  2.37210000
Warning: Muller did not converge in 40 steps for roots: 1 2
 time elapsed:   334.63543100000061     
  
-------    81------- k=  2.40200000
Warning: Muller did not converge in 40 steps for roots: 1 2
 time elapsed:   378.78244800000175     
  
-------    82------- k=  2.43190000
Warning: Muller did not converge in 40 steps for roots: 1 2
 time elapsed:   284.05923900000016     
  
-------    83------- k=  2.46180000
Warning: Muller did not converge in 40 steps for roots: 1
 time elapsed:   414.94345499999872     
  
-------    84------- k=  2.49170000
Warning: Muller did not converge in 40 steps for roots: 2
 time elapsed:   309.60461900000155     
  
-------    85------- k=  2.52160000
 time elapsed:   290.35703199999989     
  
-------    86------- k=  2.55150000
Warning: Muller did not converge in 40 steps for roots: 1
 time elapsed:   457.60004400000071     
  
-------    87------- k=  2.58140000
Warning: Muller did not converge in 40 steps for roots: 1 2
 time elapsed:   628.59161800000038     
  
-------    88------- k=  2.61130000
Warning: Muller did not converge in 40 steps for roots: 1
 time elapsed:   586.06703900000139     
  
-------    89------- k=  2.64120000
Warning: Muller did not converge in 40 steps for roots: 1
 time elapsed:   356.63529000000017     
  
-------    90------- k=  2.67110000
Warning: Muller did not converge in 40 steps for roots: 1 3
 time elapsed:   510.90072400000099     
  
-------    91------- k=  2.70100000
Warning: Muller did not converge in 40 steps for roots: 1 2 3
 time elapsed:   629.48930400000063     
  
-------    92------- k=  2.73090000
Warning: Muller did not converge in 40 steps for roots: 1 2
 time elapsed:   589.03885600000103     
  
-------    93------- k=  2.76080000
Warning: Muller did not converge in 40 steps for roots: 1
 time elapsed:   587.71642000000065     
  
-------    94------- k=  2.79070000
Warning: Muller did not converge in 40 steps for roots: 2
 time elapsed:   449.95339400000012     
  
-------    95------- k=  2.82060000
Warning: Muller did not converge in 40 steps for roots: 2
 time elapsed:   513.28387100000327     
  
-------    96------- k=  2.85050000
Warning: Muller did not converge in 40 steps for roots: 1
 time elapsed:   614.84272799999962     
  
-------    97------- k=  2.88040000
Warning: Muller did not converge in 40 steps for roots: 1 3
 time elapsed:   633.25858800000060     
  
-------    98------- k=  2.91030000
Warning: Muller did not converge in 40 steps for roots: 1 2 3
 time elapsed:   845.78767800000060     
  
-------    99------- k=  2.94020000
Warning: Muller did not converge in 40 steps for roots: 1 2 3
 time elapsed:   976.78877800000191     
  
-------   100------- k=  2.97010000
Warning: Muller did not converge in 40 steps for roots: 1 2 3
 time elapsed:   1014.7671840000003     

Total time elapsed(s):21794.816741000002  (min): 363.24694568333337
