 Read input data
 ...done
 Read velocity distributions from files
           1         255         128
 ...done.
  
-------     1------- k=  0.01000000
Warning: Muller did not converge in 40 steps for roots: 2
 time elapsed:   98.479211000000006     
  
-------     2------- k=  0.03990000
 time elapsed:   70.518566999999990     
  
-------     3------- k=  0.06980000
 time elapsed:   55.234330000000000     
  
-------     4------- k=  0.09970000
 time elapsed:   42.761973000000012     
  
-------     5------- k=  0.12960000
 time elapsed:   53.427284999999983     
  
-------     6------- k=  0.15950000
 time elapsed:   30.073498999999970     
  
-------     7------- k=  0.18940000
 time elapsed:   26.706128999999976     
  
-------     8------- k=  0.21930000
 time elapsed:   27.004491000000030     
  
-------     9------- k=  0.24920000
 time elapsed:   33.017955000000029     
  
-------    10------- k=  0.27910000
 time elapsed:   26.222669999999994     
  
-------    11------- k=  0.30900000
 time elapsed:   35.309464999999989     
  
-------    12------- k=  0.33890000
 time elapsed:   29.854647999999997     
  
-------    13------- k=  0.36880000
 time elapsed:   27.264484000000039     
  
-------    14------- k=  0.39870000
 time elapsed:   44.153149999999982     
  
-------    15------- k=  0.42860000
 time elapsed:   35.269854000000009     
  
-------    16------- k=  0.45850000
 time elapsed:   34.039144000000078     
  
-------    17------- k=  0.48840000
 time elapsed:   47.638810000000035     
  
-------    18------- k=  0.51830000
 time elapsed:   42.163710999999921     
  
-------    19------- k=  0.54820000
 time elapsed:   36.011190999999940     
  
-------    20------- k=  0.57810000
 time elapsed:   45.960238000000004     
  
-------    21------- k=  0.60800000
 time elapsed:   27.613797999999974     
  
-------    22------- k=  0.63790000
 time elapsed:   48.323294000000033     
  
-------    23------- k=  0.66780000
 time elapsed:   34.668848000000025     
  
-------    24------- k=  0.69770000
 time elapsed:   54.641879000000017     
  
-------    25------- k=  0.72760000
 time elapsed:   32.591654999999946     
  
-------    26------- k=  0.75750000
 time elapsed:   84.950711000000183     
  
-------    27------- k=  0.78740000
 time elapsed:   83.435013999999910     
  
-------    28------- k=  0.81730000
 time elapsed:   33.573781999999937     
  
-------    29------- k=  0.84720000
 time elapsed:   73.873408000000154     
  
-------    30------- k=  0.87710000
 time elapsed:   50.141820999999936     
  
-------    31------- k=  0.90700000
 time elapsed:   34.128094000000146     
  
-------    32------- k=  0.93690000
 time elapsed:   79.799052999999958     
  
-------    33------- k=  0.96680000
 time elapsed:   62.695880999999872     
  
-------    34------- k=  0.99670000
 time elapsed:   63.269063000000187     
  
-------    35------- k=  1.02660000
 time elapsed:   101.80627400000003     
  
-------    36------- k=  1.05650000
 time elapsed:   54.875796999999920     
  
-------    37------- k=  1.08640000
 time elapsed:   78.417991999999913     
  
-------    38------- k=  1.11630000
 time elapsed:   52.785797999999886     
  
-------    39------- k=  1.14620000
 time elapsed:   47.701881999999841     
  
-------    40------- k=  1.17610000
 time elapsed:   83.815881999999874     
  
-------    41------- k=  1.20600000
 time elapsed:   69.707499000000098     
  
-------    42------- k=  1.23590000
 time elapsed:   59.157674999999927     
  
-------    43------- k=  1.26580000
 time elapsed:   88.065313000000060     
  
-------    44------- k=  1.29570000
 time elapsed:   29.991808999999648     
  
-------    45------- k=  1.32560000
 time elapsed:   73.341797000000042     
  
-------    46------- k=  1.35550000
 time elapsed:   67.625430999999935     
  
-------    47------- k=  1.38540000
 time elapsed:   42.299766000000091     
  
-------    48------- k=  1.41530000
 time elapsed:   120.24877800000013     
  
-------    49------- k=  1.44520000
 time elapsed:   72.296725000000151     
  
-------    50------- k=  1.47510000
 time elapsed:   98.138484000000062     
  
-------    51------- k=  1.50500000
 time elapsed:   104.62683100000004     
  
-------    52------- k=  1.53490000
 time elapsed:   61.826215999999931     
  
-------    53------- k=  1.56480000
 time elapsed:   72.145064000000275     
  
-------    54------- k=  1.59470000
 time elapsed:   75.130353999999897     
  
-------    55------- k=  1.62460000
 time elapsed:   55.097480999999789     
  
-------    56------- k=  1.65450000
 time elapsed:   137.46837800000003     
  
-------    57------- k=  1.68440000
 time elapsed:   90.085185999999794     
  
-------    58------- k=  1.71430000
 time elapsed:   51.051452000000154     
  
-------    59------- k=  1.74420000
 time elapsed:   87.816774000000350     
  
-------    60------- k=  1.77410000
 time elapsed:   68.290962999999920     
  
-------    61------- k=  1.80400000
 time elapsed:   43.810532999999850     
  
-------    62------- k=  1.83390000
 time elapsed:   78.338553999999931     
  
-------    63------- k=  1.86380000
 time elapsed:   88.276174000000083     
  
-------    64------- k=  1.89370000
 time elapsed:   73.541236999999910     
  
-------    65------- k=  1.92360000
 time elapsed:   84.090273000000252     
  
-------    66------- k=  1.95350000
 time elapsed:   81.366958999999952     
  
-------    67------- k=  1.98340000
 time elapsed:   68.809197000000040     
  
-------    68------- k=  2.01330000
 time elapsed:   81.987710999999763     
  
-------    69------- k=  2.04320000
 time elapsed:   89.314132999999856     
  
-------    70------- k=  2.07310000
 time elapsed:   103.42869799999971     
  
-------    71------- k=  2.10300000
 time elapsed:   107.59521500000028     
  
-------    72------- k=  2.13290000
 time elapsed:   90.932203999999729     
  
-------    73------- k=  2.16280000
 time elapsed:   115.16666600000008     
  
-------    74------- k=  2.19270000
 time elapsed:   109.56916600000022     
  
-------    75------- k=  2.22260000
 time elapsed:   100.92091399999936     
  
-------    76------- k=  2.25250000
 time elapsed:   108.83313199999975     
  
-------    77------- k=  2.28240000
 time elapsed:   112.67489600000044     
  
-------    78------- k=  2.31230000
 time elapsed:   65.479245999999875     
  
-------    79------- k=  2.34220000
 time elapsed:   106.77831300000071     
  
-------    80------- k=  2.37210000
 time elapsed:   134.61200300000019     
  
-------    81------- k=  2.40200000
 time elapsed:   69.252178000000640     
  
-------    82------- k=  2.43190000
 time elapsed:   108.13721700000042     
  
-------    83------- k=  2.46180000
 time elapsed:   108.51469099999940     
  
-------    84------- k=  2.49170000
 time elapsed:   130.94099499999993     
  
-------    85------- k=  2.52160000
 time elapsed:   103.50062700000035     
  
-------    86------- k=  2.55150000
 time elapsed:   161.65361599999960     
  
-------    87------- k=  2.58140000
 time elapsed:   226.73371399999996     
  
-------    88------- k=  2.61130000
 time elapsed:   140.19371099999989     
  
-------    89------- k=  2.64120000
 time elapsed:   240.91368799999964     
  
-------    90------- k=  2.67110000
 time elapsed:   212.22925399999986     
  
-------    91------- k=  2.70100000
 time elapsed:   191.34711800000059     
  
-------    92------- k=  2.73090000
 time elapsed:   193.55449299999964     
  
-------    93------- k=  2.76080000
 time elapsed:   254.49530499999946     
  
-------    94------- k=  2.79070000
 time elapsed:   340.97814500000004     
  
-------    95------- k=  2.82060000
 time elapsed:   273.16441300000042     
  
-------    96------- k=  2.85050000
 time elapsed:   346.33703999999943     
  
-------    97------- k=  2.88040000
 time elapsed:   284.17742199999884     
  
-------    98------- k=  2.91030000
 time elapsed:   526.11359699999957     
  
-------    99------- k=  2.94020000
 time elapsed:   367.54115700000148     
  
-------   100------- k=  2.97010000
 time elapsed:   538.03743699999904     

Total time elapsed(s):10212.194105000000  (min): 170.20323508333334
