 Read input data
 ...done
 Read velocity distributions from files
           1         255         128
 ...done.
  
-------     1------- k=  0.01000000
Warning: Muller did not converge in 40 steps for roots: 3
 time elapsed:   68.628141999999997     
  
-------     2------- k=  0.03990000
 time elapsed:   41.720252000000002     
  
-------     3------- k=  0.06980000
 time elapsed:   18.659709000000007     
  
-------     4------- k=  0.09970000
 time elapsed:   15.361633000000012     
  
-------     5------- k=  0.12960000
 time elapsed:   15.610928999999999     
  
-------     6------- k=  0.15950000
 time elapsed:   14.777972999999974     
  
-------     7------- k=  0.18940000
 time elapsed:   13.513499999999993     
  
-------     8------- k=  0.21930000
 time elapsed:   12.433964000000003     
  
-------     9------- k=  0.24920000
 time elapsed:   16.372351000000009     
  
-------    10------- k=  0.27910000
 time elapsed:   13.510924000000017     
  
-------    11------- k=  0.30900000
 time elapsed:   12.847572000000014     
  
-------    12------- k=  0.33890000
 time elapsed:   12.216488999999996     
  
-------    13------- k=  0.36880000
 time elapsed:   11.606542999999988     
  
-------    14------- k=  0.39870000
 time elapsed:   10.554279000000008     
  
-------    15------- k=  0.42860000
 time elapsed:   12.798735999999963     
  
-------    16------- k=  0.45850000
 time elapsed:   9.3973489999999629     
  
-------    17------- k=  0.48840000
 time elapsed:   9.0922309999999698     
  
-------    18------- k=  0.51830000
 time elapsed:   9.9730059999999980     
  
-------    19------- k=  0.54820000
 time elapsed:   11.772056000000021     
  
-------    20------- k=  0.57810000
 time elapsed:   11.816076000000010     
  
-------    21------- k=  0.60800000
 time elapsed:   12.469202999999993     
  
-------    22------- k=  0.63790000
 time elapsed:   15.641039000000035     
  
-------    23------- k=  0.66780000
 time elapsed:   17.337794000000031     
  
-------    24------- k=  0.69770000
 time elapsed:   15.457890999999961     
  
-------    25------- k=  0.72760000
 time elapsed:   10.078018999999983     
  
-------    26------- k=  0.75750000
 time elapsed:   20.047651000000030     
  
-------    27------- k=  0.78740000
 time elapsed:   35.689538999999968     
  
-------    28------- k=  0.81730000
 time elapsed:   31.476003999999989     
  
-------    29------- k=  0.84720000
 time elapsed:   30.944592000000057     
  
-------    30------- k=  0.87710000
 time elapsed:   34.367885999999999     
  
-------    31------- k=  0.90700000
 time elapsed:   25.864239999999995     
  
-------    32------- k=  0.93690000
 time elapsed:   30.973448999999960     
  
-------    33------- k=  0.96680000
 time elapsed:   33.671930999999972     
  
-------    34------- k=  0.99670000
Warning: Muller did not converge in 40 steps for roots: 2
 time elapsed:   35.616915999999947     
  
-------    35------- k=  1.02660000
 time elapsed:   57.383301999999958     
  
-------    36------- k=  1.05650000
 time elapsed:   19.106098000000088     
  
-------    37------- k=  1.08640000
 time elapsed:   49.297655999999961     
  
-------    38------- k=  1.11630000
 time elapsed:   42.686922999999979     
  
-------    39------- k=  1.14620000
 time elapsed:   28.738456999999926     
  
-------    40------- k=  1.17610000
Warning: Muller did not converge in 40 steps for roots: 2
 time elapsed:   53.418283000000088     
  
-------    41------- k=  1.20600000
 time elapsed:   36.896505000000047     
  
-------    42------- k=  1.23590000
 time elapsed:   29.304478000000017     
  
-------    43------- k=  1.26580000
 time elapsed:   52.628067999999985     
  
-------    44------- k=  1.29570000
 time elapsed:   33.905929000000015     
  
-------    45------- k=  1.32560000
 time elapsed:   38.393586000000141     
  
-------    46------- k=  1.35550000
 time elapsed:   59.782126000000062     
  
-------    47------- k=  1.38540000
Warning: Muller did not converge in 40 steps for roots: 2
 time elapsed:   42.123830999999882     
  
-------    48------- k=  1.41530000
 time elapsed:   36.755051000000094     
  
-------    49------- k=  1.44520000
 time elapsed:   53.967121000000134     
  
-------    50------- k=  1.47510000
 time elapsed:   60.020303000000013     
  
-------    51------- k=  1.50500000
 time elapsed:   36.673483999999917     
  
-------    52------- k=  1.53490000
 time elapsed:   38.906696000000011     
  
-------    53------- k=  1.56480000
 time elapsed:   61.370102999999972     
  
-------    54------- k=  1.59470000
 time elapsed:   40.148638000000119     
  
-------    55------- k=  1.62460000
 time elapsed:   44.692191000000093     
  
-------    56------- k=  1.65450000
 time elapsed:   66.972514999999930     
  
-------    57------- k=  1.68440000
 time elapsed:   38.243744999999990     
  
-------    58------- k=  1.71430000
 time elapsed:   48.421293000000105     
  
-------    59------- k=  1.74420000
 time elapsed:   69.647492999999940     
  
-------    60------- k=  1.77410000
 time elapsed:   41.897175000000061     
  
-------    61------- k=  1.80400000
 time elapsed:   47.175633999999945     
  
-------    62------- k=  1.83390000
 time elapsed:   71.352159000000029     
  
-------    63------- k=  1.86380000
 time elapsed:   40.773245000000088     
  
-------    64------- k=  1.89370000
 time elapsed:   51.441433999999845     
  
-------    65------- k=  1.92360000
 time elapsed:   83.422014000000217     
  
-------    66------- k=  1.95350000
 time elapsed:   47.192416999999750     
  
-------    67------- k=  1.98340000
 time elapsed:   52.735975000000053     
  
-------    68------- k=  2.01330000
 time elapsed:   86.488319000000047     
  
-------    69------- k=  2.04320000
 time elapsed:   59.147837999999865     
  
-------    70------- k=  2.07310000
 time elapsed:   58.302348999999595     
  
-------    71------- k=  2.10300000
 time elapsed:   89.326183000000128     
  
-------    72------- k=  2.13290000
 time elapsed:   52.450310000000172     
  
-------    73------- k=  2.16280000
 time elapsed:   53.025973000000249     
  
-------    74------- k=  2.19270000
 time elapsed:   90.511899000000085     
  
-------    75------- k=  2.22260000
 time elapsed:   54.652530999999726     
  
-------    76------- k=  2.25250000
Warning: Muller did not converge in 40 steps for roots: 2
 time elapsed:   65.198757999999998     
  
-------    77------- k=  2.28240000
 time elapsed:   87.979639999999563     
  
-------    78------- k=  2.31230000
 time elapsed:   59.846785000000182     
  
-------    79------- k=  2.34220000
 time elapsed:   65.349083999999948     
  
-------    80------- k=  2.37210000
 time elapsed:   84.570336000000225     
  
-------    81------- k=  2.40200000
 time elapsed:   65.097777999999835     
  
-------    82------- k=  2.43190000
 time elapsed:   68.386027999999897     
  
-------    83------- k=  2.46180000
 time elapsed:   110.06974399999990     
  
-------    84------- k=  2.49170000
 time elapsed:   62.506515999999920     
  
-------    85------- k=  2.52160000
 time elapsed:   70.151231000000280     
  
-------    86------- k=  2.55150000
 time elapsed:   98.498169999999845     
  
-------    87------- k=  2.58140000
 time elapsed:   62.743015999999898     
  
-------    88------- k=  2.61130000
Warning: Muller did not converge in 40 steps for roots: 2
 time elapsed:   79.913802999999916     
  
-------    89------- k=  2.64120000
 time elapsed:   105.66046800000004     
  
-------    90------- k=  2.67110000
 time elapsed:   69.293799999999919     
  
-------    91------- k=  2.70100000
 time elapsed:   73.986715999999888     
  
-------    92------- k=  2.73090000
 time elapsed:   108.54301400000031     
  
-------    93------- k=  2.76080000
 time elapsed:   62.264928999999938     
  
-------    94------- k=  2.79070000
 time elapsed:   75.381212000000232     
  
-------    95------- k=  2.82060000
 time elapsed:   106.86857500000042     
  
-------    96------- k=  2.85050000
 time elapsed:   77.925664999999753     
  
-------    97------- k=  2.88040000
Warning: Muller did not converge in 40 steps for roots: 2
 time elapsed:   84.699937999999747     
  
-------    98------- k=  2.91030000
 time elapsed:   109.52852299999995     
  
-------    99------- k=  2.94020000
 time elapsed:   72.533738000000085     
  
-------   100------- k=  2.97010000
 time elapsed:   84.186894999999822     

Total time elapsed(s):4823.0868570000002  (min): 80.384780950000007
