 Read input data
 ...done
 Read velocity distributions from files
           1         255         128
 ...done.
  
-------     1------- k=  0.01000000
Warning: Muller did not converge in 40 steps for roots: 3
 time elapsed:   76.372282999999996     
  
-------     2------- k=  0.03990000
 time elapsed:   32.264177000000004     
  
-------     3------- k=  0.06980000
 time elapsed:   31.998900000000006     
  
-------     4------- k=  0.09970000
 time elapsed:   41.927046999999988     
  
-------     5------- k=  0.12960000
 time elapsed:   22.389819999999986     
  
-------     6------- k=  0.15950000
 time elapsed:   39.370992000000001     
  
-------     7------- k=  0.18940000
 time elapsed:   22.687682999999993     
  
-------     8------- k=  0.21930000
 time elapsed:   37.415508999999986     
  
-------     9------- k=  0.24920000
 time elapsed:   47.401104999999973     
  
-------    10------- k=  0.27910000
 time elapsed:   14.207071999999982     
  
-------    11------- k=  0.30900000
Warning: Muller did not converge in 40 steps for roots: 3
 time elapsed:   47.892898000000002     
  
-------    12------- k=  0.33890000
 time elapsed:   12.879357000000027     
  
-------    13------- k=  0.36880000
 time elapsed:   44.581139000000007     
  
-------    14------- k=  0.39870000
 time elapsed:   15.038649000000021     
  
-------    15------- k=  0.42860000
 time elapsed:   50.648986000000036     
  
-------    16------- k=  0.45850000
 time elapsed:   40.684792000000016     
  
-------    17------- k=  0.48840000
 time elapsed:   42.543643999999972     
  
-------    18------- k=  0.51830000
Warning: Muller did not converge in 40 steps for roots: 3
 time elapsed:   59.196298999999954     
  
-------    19------- k=  0.54820000
 time elapsed:   22.639777999999978     
  
-------    20------- k=  0.57810000
 time elapsed:   44.719377000000009     
  
-------    21------- k=  0.60800000
 time elapsed:   19.867930000000001     
  
-------    22------- k=  0.63790000
 time elapsed:   61.897215000000074     
  
-------    23------- k=  0.66780000
 time elapsed:   21.170579999999973     
  
-------    24------- k=  0.69770000
 time elapsed:   57.403874000000087     
  
-------    25------- k=  0.72760000
 time elapsed:   20.603915999999913     
  
-------    26------- k=  0.75750000
 time elapsed:   37.844319999999925     
  
-------    27------- k=  0.78740000
Warning: Muller did not converge in 40 steps for roots: 1 3
 time elapsed:   116.78082600000005     
  
-------    28------- k=  0.81730000
 time elapsed:   50.368828000000121     
  
-------    29------- k=  0.84720000
 time elapsed:   61.450352000000066     
  
-------    30------- k=  0.87710000
 time elapsed:   56.845158999999967     
  
-------    31------- k=  0.90700000
 time elapsed:   22.035143000000062     
  
-------    32------- k=  0.93690000
 time elapsed:   72.790565999999899     
  
-------    33------- k=  0.96680000
 time elapsed:   55.852283999999827     
  
-------    34------- k=  0.99670000
 time elapsed:   57.486331999999948     
  
-------    35------- k=  1.02660000
 time elapsed:   58.058207000000039     
  
-------    36------- k=  1.05650000
 time elapsed:   35.322418999999854     
  
-------    37------- k=  1.08640000
 time elapsed:   60.256277000000182     
  
-------    38------- k=  1.11630000
 time elapsed:   21.652407000000039     
  
-------    39------- k=  1.14620000
 time elapsed:   74.275675999999976     
  
-------    40------- k=  1.17610000
 time elapsed:   84.463361999999961     
  
-------    41------- k=  1.20600000
 time elapsed:   74.602209000000130     
  
-------    42------- k=  1.23590000
 time elapsed:   72.054237000000057     
  
-------    43------- k=  1.26580000
 time elapsed:   34.799931000000015     
  
-------    44------- k=  1.29570000
 time elapsed:   61.572583000000122     
  
-------    45------- k=  1.32560000
 time elapsed:   98.377868000000262     
  
-------    46------- k=  1.35550000
 time elapsed:   65.790565000000242     
  
-------    47------- k=  1.38540000
 time elapsed:   40.108265999999730     
  
-------    48------- k=  1.41530000
 time elapsed:   58.870629000000008     
  
-------    49------- k=  1.44520000
 time elapsed:   109.49423799999977     
  
-------    50------- k=  1.47510000
 time elapsed:   114.11666500000001     
  
-------    51------- k=  1.50500000
 time elapsed:   98.003164999999626     
  
-------    52------- k=  1.53490000
 time elapsed:   50.585275999999794     
  
-------    53------- k=  1.56480000
 time elapsed:   52.722200000000157     
  
-------    54------- k=  1.59470000
Warning: Muller did not converge in 40 steps for roots: 1
 time elapsed:   145.77309900000000     
  
-------    55------- k=  1.62460000
 time elapsed:   76.591175999999905     
  
-------    56------- k=  1.65450000
 time elapsed:   108.85813700000017     
  
-------    57------- k=  1.68440000
 time elapsed:   147.32090999999991     
  
-------    58------- k=  1.71430000
 time elapsed:   151.81633000000011     
  
-------    59------- k=  1.74420000
 time elapsed:   32.368588000000273     
  
-------    60------- k=  1.77410000
Warning: Muller did not converge in 40 steps for roots: 1
 time elapsed:   159.28381300000001     
  
-------    61------- k=  1.80400000
 time elapsed:   159.68746200000032     
  
-------    62------- k=  1.83390000
 time elapsed:   101.48126900000034     
  
-------    63------- k=  1.86380000
 time elapsed:   129.83723199999986     
  
-------    64------- k=  1.89370000
Warning: Muller did not converge in 40 steps for roots: 1
 time elapsed:   195.05480099999977     
  
-------    65------- k=  1.92360000
 time elapsed:   41.724449999999706     
  
-------    66------- k=  1.95350000
 time elapsed:   159.70496600000024     
  
-------    67------- k=  1.98340000
 time elapsed:   146.14652099999967     
  
-------    68------- k=  2.01330000
 time elapsed:   117.75222299999950     
  
-------    69------- k=  2.04320000
 time elapsed:   129.86945399999968     
  
-------    70------- k=  2.07310000
Warning: Muller did not converge in 40 steps for roots: 3
 time elapsed:   221.61369400000058     
  
-------    71------- k=  2.10300000
 time elapsed:   122.09448799999973     
  
-------    72------- k=  2.13290000
 time elapsed:   120.33133000000089     
  
-------    73------- k=  2.16280000
 time elapsed:   127.79763000000003     
  
-------    74------- k=  2.19270000
 time elapsed:   103.24102000000039     
  
-------    75------- k=  2.22260000
 time elapsed:   184.88205099999959     
  
-------    76------- k=  2.25250000
 time elapsed:   127.32513099999960     
  
-------    77------- k=  2.28240000
 time elapsed:   81.389118000000053     
  
-------    78------- k=  2.31230000
 time elapsed:   198.21808799999963     
  
-------    79------- k=  2.34220000
 time elapsed:   196.44691299999977     
  
-------    80------- k=  2.37210000
 time elapsed:   117.20755599999939     
  
-------    81------- k=  2.40200000
 time elapsed:   146.69829600000048     
  
-------    82------- k=  2.43190000
 time elapsed:   204.32916400000067     
  
-------    83------- k=  2.46180000
 time elapsed:   115.36681399999998     
  
-------    84------- k=  2.49170000
 time elapsed:   134.89700900000025     
  
-------    85------- k=  2.52160000
 time elapsed:   141.13701700000001     
  
-------    86------- k=  2.55150000
 time elapsed:   91.757430000000568     
  
-------    87------- k=  2.58140000
Warning: Muller did not converge in 40 steps for roots: 1
 time elapsed:   249.16225399999985     
  
-------    88------- k=  2.61130000
 time elapsed:   156.55388600000060     
  
-------    89------- k=  2.64120000
 time elapsed:   72.647214000000531     
  
-------    90------- k=  2.67110000
 time elapsed:   380.43574100000023     
  
-------    91------- k=  2.70100000
 time elapsed:   231.92662699999983     
  
-------    92------- k=  2.73090000
 time elapsed:   260.30552699999862     
  
-------    93------- k=  2.76080000
 time elapsed:   290.91544599999906     
  
-------    94------- k=  2.79070000
 time elapsed:   453.60095899999942     
  
-------    95------- k=  2.82060000
 time elapsed:   167.24984800000129     
  
-------    96------- k=  2.85050000
 time elapsed:   558.22764800000004     
  
-------    97------- k=  2.88040000
 time elapsed:   546.54814299999998     
  
-------    98------- k=  2.91030000
 time elapsed:   442.52785700000095     
  
-------    99------- k=  2.94020000
Warning: Muller did not converge in 40 steps for roots: 3
 time elapsed:   685.74401799999941     
  
-------   100------- k=  2.97010000
 time elapsed:   613.81402899999921     

Total time elapsed(s):12272.276948999999  (min): 204.53794914999997
