 Read input data
 ...done
 Read velocity distributions from files
           1         255         128
 ...done.
  
-------     1------- k=  0.01000000
Warning: Muller did not converge in 40 steps for roots: 3
 time elapsed:   70.816352999999992     
  
-------     2------- k=  0.03990000
 time elapsed:   32.500023999999996     
  
-------     3------- k=  0.06980000
 time elapsed:   25.738734999999991     
  
-------     4------- k=  0.09970000
 time elapsed:   19.453354999999988     
  
-------     5------- k=  0.12960000
 time elapsed:   20.477402999999981     
  
-------     6------- k=  0.15950000
 time elapsed:   39.171077999999994     
  
-------     7------- k=  0.18940000
 time elapsed:   12.072078000000005     
  
-------     8------- k=  0.21930000
 time elapsed:   10.221580999999986     
  
-------     9------- k=  0.24920000
 time elapsed:   9.9305200000000013     
  
-------    10------- k=  0.27910000
 time elapsed:   9.6194600000000037     
  
-------    11------- k=  0.30900000
 time elapsed:   9.6769840000000045     
  
-------    12------- k=  0.33890000
 time elapsed:   20.919853999999987     
  
-------    13------- k=  0.36880000
 time elapsed:   28.157347000000016     
  
-------    14------- k=  0.39870000
 time elapsed:   10.080712000000005     
  
-------    15------- k=  0.42860000
 time elapsed:   18.984878999999978     
  
-------    16------- k=  0.45850000
 time elapsed:   17.062078999999983     
  
-------    17------- k=  0.48840000
 time elapsed:   5.8444380000000251     
  
-------    18------- k=  0.51830000
 time elapsed:   17.264203000000009     
  
-------    19------- k=  0.54820000
 time elapsed:   5.9797619999999938     
  
-------    20------- k=  0.57810000
 time elapsed:   13.142869999999959     
  
-------    21------- k=  0.60800000
 time elapsed:   4.7768950000000245     
  
-------    22------- k=  0.63790000
 time elapsed:   6.6960320000000024     
  
-------    23------- k=  0.66780000
 time elapsed:   19.956910999999991     
  
-------    24------- k=  0.69770000
 time elapsed:   13.807775999999990     
  
-------    25------- k=  0.72760000
 time elapsed:   14.168181000000004     
  
-------    26------- k=  0.75750000
 time elapsed:   26.430427000000009     
  
-------    27------- k=  0.78740000
 time elapsed:   19.014835000000005     
  
-------    28------- k=  0.81730000
 time elapsed:   13.194419999999980     
  
-------    29------- k=  0.84720000
 time elapsed:   16.154699000000051     
  
-------    30------- k=  0.87710000
 time elapsed:   20.479563999999982     
  
-------    31------- k=  0.90700000
 time elapsed:   8.0716670000000477     
  
-------    32------- k=  0.93690000
 time elapsed:   16.107061999999928     
  
-------    33------- k=  0.96680000
 time elapsed:   13.364929000000075     
  
-------    34------- k=  0.99670000
 time elapsed:   13.200288000000000     
  
-------    35------- k=  1.02660000
 time elapsed:   16.486523000000034     
  
-------    36------- k=  1.05650000
 time elapsed:   6.4115560000000187     
  
-------    37------- k=  1.08640000
 time elapsed:   4.7143459999999777     
  
-------    38------- k=  1.11630000
 time elapsed:   13.105227000000014     
  
-------    39------- k=  1.14620000
 time elapsed:   26.505203000000051     
  
-------    40------- k=  1.17610000
 time elapsed:   16.790239999999926     
  
-------    41------- k=  1.20600000
 time elapsed:   22.135393999999906     
  
-------    42------- k=  1.23590000
 time elapsed:   12.872167999999988     
  
-------    43------- k=  1.26580000
 time elapsed:   20.223970000000008     
  
-------    44------- k=  1.29570000
Warning: Muller did not converge in 40 steps for roots: 1
 time elapsed:   19.115638999999987     
  
-------    45------- k=  1.32560000
Warning: Muller did not converge in 40 steps for roots: 1
 time elapsed:   19.759687999999983     
  
-------    46------- k=  1.35550000
 time elapsed:   32.387563000000000     
  
-------    47------- k=  1.38540000
 time elapsed:   19.508088999999927     
  
-------    48------- k=  1.41530000
 time elapsed:   31.732670999999982     
  
-------    49------- k=  1.44520000
 time elapsed:   8.2273069999999962     
  
-------    50------- k=  1.47510000
 time elapsed:   19.869621999999936     
  
-------    51------- k=  1.50500000
Warning: Muller did not converge in 40 steps for roots: 1
 time elapsed:   30.424199000000044     
  
-------    52------- k=  1.53490000
Warning: Muller did not converge in 40 steps for roots: 3
 time elapsed:   22.585997000000020     
  
-------    53------- k=  1.56480000
Warning: Muller did not converge in 40 steps for roots: 1
 time elapsed:   32.285376999999926     
  
-------    54------- k=  1.59470000
 time elapsed:   27.382988000000068     
  
-------    55------- k=  1.62460000
 time elapsed:   8.1972469999999475     
  
-------    56------- k=  1.65450000
 time elapsed:   15.401762999999960     
  
-------    57------- k=  1.68440000
 time elapsed:   15.619824999999992     
  
-------    58------- k=  1.71430000
 time elapsed:   7.1714489999999387     
  
-------    59------- k=  1.74420000
 time elapsed:   16.272120999999970     
  
-------    60------- k=  1.77410000
 time elapsed:   15.750960000000077     
  
-------    61------- k=  1.80400000
 time elapsed:   8.4376729999999043     
  
-------    62------- k=  1.83390000
 time elapsed:   16.103143000000046     
  
-------    63------- k=  1.86380000
 time elapsed:   16.033742999999959     
  
-------    64------- k=  1.89370000
 time elapsed:   8.7141530000001239     
  
-------    65------- k=  1.92360000
Warning: Muller did not converge in 40 steps for roots: 1
 time elapsed:   28.201958000000104     
  
-------    66------- k=  1.95350000
Warning: Muller did not converge in 40 steps for roots: 1
 time elapsed:   29.966319999999996     
  
-------    67------- k=  1.98340000
 time elapsed:   14.453776999999945     
  
-------    68------- k=  2.01330000
 time elapsed:   33.413882000000058     
  
-------    69------- k=  2.04320000
Warning: Muller did not converge in 40 steps for roots: 1
 time elapsed:   37.838044999999966     
  
-------    70------- k=  2.07310000
 time elapsed:   23.921256999999969     
  
-------    71------- k=  2.10300000
 time elapsed:   29.521483000000217     
  
-------    72------- k=  2.13290000
Warning: Muller did not converge in 40 steps for roots: 1
 time elapsed:   27.250539000000117     
  
-------    73------- k=  2.16280000
 time elapsed:   18.303494000000001     
  
-------    74------- k=  2.19270000
Warning: Muller did not converge in 40 steps for roots: 3
 time elapsed:   44.764898000000130     
  
-------    75------- k=  2.22260000
 time elapsed:   29.929135000000088     
  
-------    76------- k=  2.25250000
 time elapsed:   18.893669999999929     
  
-------    77------- k=  2.28240000
Warning: Muller did not converge in 40 steps for roots: 1
 time elapsed:   42.778021999999964     
  
-------    78------- k=  2.31230000
 time elapsed:   32.206637000000001     
  
-------    79------- k=  2.34220000
 time elapsed:   22.616551000000072     
  
-------    80------- k=  2.37210000
 time elapsed:   44.819339000000127     
  
-------    81------- k=  2.40200000
 time elapsed:   20.244059999999990     
  
-------    82------- k=  2.43190000
 time elapsed:   10.066177000000152     
  
-------    83------- k=  2.46180000
 time elapsed:   19.515689999999950     
  
-------    84------- k=  2.49170000
 time elapsed:   20.292046999999911     
  
-------    85------- k=  2.52160000
 time elapsed:   9.6233610000001590     
  
-------    86------- k=  2.55150000
 time elapsed:   19.834810000000061     
  
-------    87------- k=  2.58140000
 time elapsed:   21.059292000000141     
  
-------    88------- k=  2.61130000
 time elapsed:   9.7799099999999726     
  
-------    89------- k=  2.64120000
 time elapsed:   19.524204999999938     
  
-------    90------- k=  2.67110000
 time elapsed:   19.702878999999939     
  
-------    91------- k=  2.70100000
 time elapsed:   10.361088999999993     
  
-------    92------- k=  2.73090000
 time elapsed:   19.864041000000043     
  
-------    93------- k=  2.76080000
 time elapsed:   20.192665999999917     
  
-------    94------- k=  2.79070000
 time elapsed:   10.721522000000050     
  
-------    95------- k=  2.82060000
 time elapsed:   20.963621999999987     
  
-------    96------- k=  2.85050000
 time elapsed:   21.150736000000052     
  
-------    97------- k=  2.88040000
 time elapsed:   11.313615000000027     
  
-------    98------- k=  2.91030000
 time elapsed:   21.453890000000001     
  
-------    99------- k=  2.94020000
 time elapsed:   21.547358000000031     
  
-------   100------- k=  2.97010000
 time elapsed:   11.278218000000152     

Total time elapsed(s):1950.3528230000002  (min): 32.505880383333334
