 Read input data
 ...done
 Read velocity distributions from files
           1         255         128
 ...done.
  
-------     1------- k=  0.01000000
Warning: Muller did not converge in 40 steps for roots: 2
 time elapsed:   83.554278000000011     
  
-------     2------- k=  0.03990000
 time elapsed:   69.993832000000012     
  
-------     3------- k=  0.06980000
 time elapsed:   36.095581000000010     
  
-------     4------- k=  0.09970000
 time elapsed:   41.724281999999988     
  
-------     5------- k=  0.12960000
Warning: Muller did not converge in 40 steps for roots: 3
 time elapsed:   53.540953999999971     
  
-------     6------- k=  0.15950000
 time elapsed:   40.584464000000025     
  
-------     7------- k=  0.18940000
 time elapsed:   45.664541999999983     
  
-------     8------- k=  0.21930000
 time elapsed:   15.719595000000027     
  
-------     9------- k=  0.24920000
 time elapsed:   20.104755000000011     
  
-------    10------- k=  0.27910000
 time elapsed:   33.654905000000042     
  
-------    11------- k=  0.30900000
 time elapsed:   13.475729000000001     
  
-------    12------- k=  0.33890000
 time elapsed:   22.402356999999995     
  
-------    13------- k=  0.36880000
 time elapsed:   31.261628999999971     
  
-------    14------- k=  0.39870000
 time elapsed:   18.612978999999939     
  
-------    15------- k=  0.42860000
 time elapsed:   31.645564999999920     
  
-------    16------- k=  0.45850000
Warning: Muller did not converge in 40 steps for roots: 3
 time elapsed:   33.863333000000011     
  
-------    17------- k=  0.48840000
 time elapsed:   22.512730000000033     
  
-------    18------- k=  0.51830000
 time elapsed:   27.138356999999928     
  
-------    19------- k=  0.54820000
Warning: Muller did not converge in 40 steps for roots: 3
 time elapsed:   30.526048999999944     
  
-------    20------- k=  0.57810000
 time elapsed:   11.729527999999959     
  
-------    21------- k=  0.60800000
Warning: Muller did not converge in 40 steps for roots: 3
 time elapsed:   39.253406000000041     
  
-------    22------- k=  0.63790000
 time elapsed:   33.384916999999973     
  
-------    23------- k=  0.66780000
 time elapsed:   25.780334000000039     
  
-------    24------- k=  0.69770000
 time elapsed:   34.003253999999970     
  
-------    25------- k=  0.72760000
 time elapsed:   13.030349999999999     
  
-------    26------- k=  0.75750000
Warning: Muller did not converge in 40 steps for roots: 3
 time elapsed:   42.393991999999912     
  
-------    27------- k=  0.78740000
 time elapsed:   21.285279000000060     
  
-------    28------- k=  0.81730000
Warning: Muller did not converge in 40 steps for roots: 3
 time elapsed:   29.088385000000017     
  
-------    29------- k=  0.84720000
 time elapsed:   22.677678999999898     
  
-------    30------- k=  0.87710000
 time elapsed:   23.833695999999918     
  
-------    31------- k=  0.90700000
 time elapsed:   34.362830000000031     
  
-------    32------- k=  0.93690000
 time elapsed:   29.606312000000116     
  
-------    33------- k=  0.96680000
 time elapsed:   23.474731000000020     
  
-------    34------- k=  0.99670000
 time elapsed:   19.680086999999958     
  
-------    35------- k=  1.02660000
 time elapsed:   22.793320999999878     
  
-------    36------- k=  1.05650000
 time elapsed:   21.467531000000008     
  
-------    37------- k=  1.08640000
 time elapsed:   33.380345000000034     
  
-------    38------- k=  1.11630000
 time elapsed:   26.548295000000053     
  
-------    39------- k=  1.14620000
 time elapsed:   9.8472819999999501     
  
-------    40------- k=  1.17610000
 time elapsed:   19.085939000000053     
  
-------    41------- k=  1.20600000
 time elapsed:   21.938591000000088     
  
-------    42------- k=  1.23590000
 time elapsed:   24.130460000000085     
  
-------    43------- k=  1.26580000
Warning: Muller did not converge in 40 steps for roots: 3
 time elapsed:   35.753236999999899     
  
-------    44------- k=  1.29570000
 time elapsed:   28.373608000000104     
  
-------    45------- k=  1.32560000
 time elapsed:   30.273737999999867     
  
-------    46------- k=  1.35550000
 time elapsed:   11.587735999999950     
  
-------    47------- k=  1.38540000
 time elapsed:   9.8058639999999286     
  
-------    48------- k=  1.41530000
 time elapsed:   37.902315000000044     
  
-------    49------- k=  1.44520000
 time elapsed:   26.435186000000158     
  
-------    50------- k=  1.47510000
Warning: Muller did not converge in 40 steps for roots: 3
 time elapsed:   42.919725999999855     
  
-------    51------- k=  1.50500000
 time elapsed:   23.724443999999949     
  
-------    52------- k=  1.53490000
 time elapsed:   40.233316999999943     
  
-------    53------- k=  1.56480000
 time elapsed:   36.253407000000152     
  
-------    54------- k=  1.59470000
 time elapsed:   9.9268100000001596     
  
-------    55------- k=  1.62460000
 time elapsed:   31.049423999999817     
  
-------    56------- k=  1.65450000
 time elapsed:   41.130085999999892     
  
-------    57------- k=  1.68440000
 time elapsed:   34.450000999999929     
  
-------    58------- k=  1.71430000
Warning: Muller did not converge in 40 steps for roots: 3
 time elapsed:   50.549328000000060     
  
-------    59------- k=  1.74420000
 time elapsed:   49.536677999999938     
  
-------    60------- k=  1.77410000
 time elapsed:   14.080429000000095     
  
-------    61------- k=  1.80400000
 time elapsed:   13.150724000000082     
  
-------    62------- k=  1.83390000
 time elapsed:   54.180174000000079     
  
-------    63------- k=  1.86380000
 time elapsed:   12.485346000000163     
  
-------    64------- k=  1.89370000
Warning: Muller did not converge in 40 steps for roots: 3
 time elapsed:   58.873732999999902     
  
-------    65------- k=  1.92360000
Warning: Muller did not converge in 40 steps for roots: 3
 time elapsed:   58.804916999999932     
  
-------    66------- k=  1.95350000
 time elapsed:   49.473237999999810     
  
-------    67------- k=  1.98340000
 time elapsed:   39.753561999999874     
  
-------    68------- k=  2.01330000
 time elapsed:   18.193721999999980     
  
-------    69------- k=  2.04320000
 time elapsed:   40.098138000000290     
  
-------    70------- k=  2.07310000
 time elapsed:   44.946156999999857     
  
-------    71------- k=  2.10300000
 time elapsed:   40.671315000000050     
  
-------    72------- k=  2.13290000
 time elapsed:   49.924449999999979     
  
-------    73------- k=  2.16280000
 time elapsed:   50.181015000000116     
  
-------    74------- k=  2.19270000
 time elapsed:   19.509825000000092     
  
-------    75------- k=  2.22260000
 time elapsed:   50.298702999999932     
  
-------    76------- k=  2.25250000
Warning: Muller did not converge in 40 steps for roots: 3
 time elapsed:   63.761144999999942     
  
-------    77------- k=  2.28240000
Warning: Muller did not converge in 40 steps for roots: 3
 time elapsed:   65.535584000000199     
  
-------    78------- k=  2.31230000
 time elapsed:   52.180330000000140     
  
-------    79------- k=  2.34220000
 time elapsed:   46.253957999999784     
  
-------    80------- k=  2.37210000
 time elapsed:   57.771656000000348     
  
-------    81------- k=  2.40200000
 time elapsed:   16.264940000000024     
  
-------    82------- k=  2.43190000
Warning: Muller did not converge in 40 steps for roots: 3
 time elapsed:   71.186165999999957     
  
-------    83------- k=  2.46180000
 time elapsed:   60.773995000000014     
  
-------    84------- k=  2.49170000
 time elapsed:   59.142759999999726     
  
-------    85------- k=  2.52160000
 time elapsed:   43.393706999999722     
  
-------    86------- k=  2.55150000
Warning: Muller did not converge in 40 steps for roots: 3
 time elapsed:   72.371180000000095     
  
-------    87------- k=  2.58140000
 time elapsed:   35.613632000000052     
  
-------    88------- k=  2.61130000
 time elapsed:   49.685586000000058     
  
-------    89------- k=  2.64120000
 time elapsed:   64.570357999999942     
  
-------    90------- k=  2.67110000
 time elapsed:   21.117801999999756     
  
-------    91------- k=  2.70100000
 time elapsed:   21.271048999999948     
  
-------    92------- k=  2.73090000
 time elapsed:   53.540227000000414     
  
-------    93------- k=  2.76080000
 time elapsed:   23.933551999999963     
  
-------    94------- k=  2.79070000
 time elapsed:   60.942479000000276     
  
-------    95------- k=  2.82060000
Warning: Muller did not converge in 40 steps for roots: 3
 time elapsed:   84.313270000000102     
  
-------    96------- k=  2.85050000
 time elapsed:   58.643974000000071     
  
-------    97------- k=  2.88040000
 time elapsed:   64.913263000000370     
  
-------    98------- k=  2.91030000
 time elapsed:   60.672955000000002     
  
-------    99------- k=  2.94020000
 time elapsed:   23.734128000000055     
  
-------   100------- k=  2.97010000
 time elapsed:   78.805485999999746     

Total time elapsed(s):3720.0066419999998  (min): 62.000110700000000
