 Read input data
 ...done
 Read velocity distributions from files
           1         255         128
 ...done.
  
-------     1------- k=  0.01000000
Warning: Muller did not converge in 40 steps for roots: 2 3
 time elapsed:   81.405953999999994     
  
-------     2------- k=  0.03990000
 time elapsed:   45.218237000000002     
  
-------     3------- k=  0.06980000
 time elapsed:   31.080404999999999     
  
-------     4------- k=  0.09970000
 time elapsed:   18.955309999999997     
  
-------     5------- k=  0.12960000
 time elapsed:   26.407409999999999     
  
-------     6------- k=  0.15950000
 time elapsed:   12.749463000000020     
  
-------     7------- k=  0.18940000
 time elapsed:   10.064932999999996     
  
-------     8------- k=  0.21930000
 time elapsed:   9.1111140000000148     
  
-------     9------- k=  0.24920000
 time elapsed:   10.918480000000017     
  
-------    10------- k=  0.27910000
 time elapsed:   26.390916000000033     
  
-------    11------- k=  0.30900000
Warning: Muller did not converge in 40 steps for roots: 2
 time elapsed:   30.501564999999971     
  
-------    12------- k=  0.33890000
Warning: Muller did not converge in 40 steps for roots: 2
 time elapsed:   30.854998000000023     
  
-------    13------- k=  0.36880000
Warning: Muller did not converge in 40 steps for roots: 2
 time elapsed:   30.825697000000048     
  
-------    14------- k=  0.39870000
 time elapsed:   21.238598000000025     
  
-------    15------- k=  0.42860000
 time elapsed:   23.198354999999992     
  
-------    16------- k=  0.45850000
 time elapsed:   15.996610999999973     
  
-------    17------- k=  0.48840000
Warning: Muller did not converge in 40 steps for roots: 3
 time elapsed:   24.868144999999970     
  
-------    18------- k=  0.51830000
Warning: Muller did not converge in 40 steps for roots: 2 3
 time elapsed:   30.300151999999969     
  
-------    19------- k=  0.54820000
Warning: Muller did not converge in 40 steps for roots: 3
 time elapsed:   18.649333000000013     
  
-------    20------- k=  0.57810000
Warning: Muller did not converge in 40 steps for roots: 2
 time elapsed:   17.431957000000011     
  
-------    21------- k=  0.60800000
Warning: Muller did not converge in 40 steps for roots: 2 3
 time elapsed:   30.273510999999985     
  
-------    22------- k=  0.63790000
 time elapsed:   17.379319000000010     
  
-------    23------- k=  0.66780000
Warning: Muller did not converge in 40 steps for roots: 2
 time elapsed:   23.566004000000021     
  
-------    24------- k=  0.69770000
 time elapsed:   23.834298000000103     
  
-------    25------- k=  0.72760000
Warning: Muller did not converge in 40 steps for roots: 3
 time elapsed:   27.845472999999970     
  
-------    26------- k=  0.75750000
Warning: Muller did not converge in 40 steps for roots: 3
 time elapsed:   18.106999999999971     
  
-------    27------- k=  0.78740000
 time elapsed:   16.819649000000027     
  
-------    28------- k=  0.81730000
Warning: Muller did not converge in 40 steps for roots: 2
 time elapsed:   18.534568000000036     
  
-------    29------- k=  0.84720000
Warning: Muller did not converge in 40 steps for roots: 2
 time elapsed:   26.300557000000026     
  
-------    30------- k=  0.87710000
 time elapsed:   10.695356000000061     
  
-------    31------- k=  0.90700000
 time elapsed:   14.729177999999933     
  
-------    32------- k=  0.93690000
 time elapsed:   22.918872999999962     
  
-------    33------- k=  0.96680000
 time elapsed:   6.4427170000000160     
  
-------    34------- k=  0.99670000
 time elapsed:   19.347688000000062     
  
-------    35------- k=  1.02660000
 time elapsed:   13.169641999999953     
  
-------    36------- k=  1.05650000
Warning: Muller did not converge in 40 steps for roots: 3
 time elapsed:   26.305937000000085     
  
-------    37------- k=  1.08640000
 time elapsed:   23.746707999999899     
  
-------    38------- k=  1.11630000
 time elapsed:   19.210020999999983     
  
-------    39------- k=  1.14620000
 time elapsed:   11.760493999999994     
  
-------    40------- k=  1.17610000
Warning: Muller did not converge in 40 steps for roots: 3
 time elapsed:   30.235789000000068     
  
-------    41------- k=  1.20600000
Warning: Muller did not converge in 40 steps for roots: 2
 time elapsed:   29.466533999999911     
  
-------    42------- k=  1.23590000
 time elapsed:   23.749250000000075     
  
-------    43------- k=  1.26580000
 time elapsed:   4.7453359999999520     
  
-------    44------- k=  1.29570000
 time elapsed:   24.803255000000036     
  
-------    45------- k=  1.32560000
 time elapsed:   21.479840999999965     
  
-------    46------- k=  1.35550000
Warning: Muller did not converge in 40 steps for roots: 3
 time elapsed:   30.267458000000147     
  
-------    47------- k=  1.38540000
 time elapsed:   26.153761000000031     
  
-------    48------- k=  1.41530000
 time elapsed:   24.032528000000184     
  
-------    49------- k=  1.44520000
Warning: Muller did not converge in 40 steps for roots: 2
 time elapsed:   33.818504999999959     
  
-------    50------- k=  1.47510000
 time elapsed:   27.509551999999985     
  
-------    51------- k=  1.50500000
 time elapsed:   22.053519000000051     
  
-------    52------- k=  1.53490000
Warning: Muller did not converge in 40 steps for roots: 2
 time elapsed:   29.812816999999995     
  
-------    53------- k=  1.56480000
 time elapsed:   20.690593000000035     
  
-------    54------- k=  1.59470000
Warning: Muller did not converge in 40 steps for roots: 3
 time elapsed:   27.864471999999978     
  
-------    55------- k=  1.62460000
 time elapsed:   8.1335559999999987     
  
-------    56------- k=  1.65450000
 time elapsed:   6.9675680000000284     
  
-------    57------- k=  1.68440000
 time elapsed:   7.2892240000001038     
  
-------    58------- k=  1.71430000
 time elapsed:   5.6748099999999795     
  
-------    59------- k=  1.74420000
 time elapsed:   5.6799300000000130     
  
-------    60------- k=  1.77410000
 time elapsed:   5.9037929999999506     
  
-------    61------- k=  1.80400000
 time elapsed:   6.0214590000000499     
  
-------    62------- k=  1.83390000
 time elapsed:   6.0323310000001129     
  
-------    63------- k=  1.86380000
 time elapsed:   6.0643079999999827     
  
-------    64------- k=  1.89370000
 time elapsed:   7.0426520000000892     
  
-------    65------- k=  1.92360000
 time elapsed:   21.760892000000013     
  
-------    66------- k=  1.95350000
 time elapsed:   20.289904999999862     
  
-------    67------- k=  1.98340000
 time elapsed:   24.631873000000041     
  
-------    68------- k=  2.01330000
 time elapsed:   35.623681999999917     
  
-------    69------- k=  2.04320000
 time elapsed:   36.174483999999893     
  
-------    70------- k=  2.07310000
Warning: Muller did not converge in 40 steps for roots: 2
 time elapsed:   35.281253000000106     
  
-------    71------- k=  2.10300000
 time elapsed:   22.733352999999852     
  
-------    72------- k=  2.13290000
Warning: Muller did not converge in 40 steps for roots: 2
 time elapsed:   38.589189000000033     
  
-------    73------- k=  2.16280000
 time elapsed:   28.848214999999982     
  
-------    74------- k=  2.19270000
 time elapsed:   8.5248280000000705     
  
-------    75------- k=  2.22260000
 time elapsed:   27.451930999999831     
  
-------    76------- k=  2.25250000
 time elapsed:   30.163414999999986     
  
-------    77------- k=  2.28240000
 time elapsed:   29.198355999999876     
  
-------    78------- k=  2.31230000
 time elapsed:   35.172710000000052     
  
-------    79------- k=  2.34220000
 time elapsed:   7.5616060000002108     
  
-------    80------- k=  2.37210000
 time elapsed:   18.737780999999814     
  
-------    81------- k=  2.40200000
 time elapsed:   10.120832000000064     
  
-------    82------- k=  2.43190000
 time elapsed:   10.205042999999932     
  
-------    83------- k=  2.46180000
 time elapsed:   9.7050200000001041     
  
-------    84------- k=  2.49170000
 time elapsed:   7.1141639999998461     
  
-------    85------- k=  2.52160000
 time elapsed:   7.1053360000000794     
  
-------    86------- k=  2.55150000
 time elapsed:   7.2115290000001551     
  
-------    87------- k=  2.58140000
 time elapsed:   7.2122209999999995     
  
-------    88------- k=  2.61130000
 time elapsed:   7.2462699999998677     
  
-------    89------- k=  2.64120000
 time elapsed:   7.1999129999999241     
  
-------    90------- k=  2.67110000
 time elapsed:   7.3426770000000943     
  
-------    91------- k=  2.70100000
 time elapsed:   7.3483140000000731     
  
-------    92------- k=  2.73090000
 time elapsed:   7.3623310000000401     
  
-------    93------- k=  2.76080000
 time elapsed:   7.5753600000000461     
  
-------    94------- k=  2.79070000
 time elapsed:   7.6240740000000642     
  
-------    95------- k=  2.82060000
 time elapsed:   8.0797159999999622     
  
-------    96------- k=  2.85050000
 time elapsed:   9.5776789999999892     
  
-------    97------- k=  2.88040000
 time elapsed:   10.744911000000002     
  
-------    98------- k=  2.91030000
 time elapsed:   10.165696999999909     
  
-------    99------- k=  2.94020000
 time elapsed:   8.3842930000000706     
  
-------   100------- k=  2.97010000
 time elapsed:   8.3841880000002220     

Total time elapsed(s):1915.2346700000001  (min): 31.920577833333333
