 Read input data
 ...done
 Read velocity distributions from files
           1         255         128
 ...done.
  
-------     1------- k=  0.01000000
Warning: Muller did not converge in 40 steps for roots: 3
 time elapsed:   70.962351000000012     
  
-------     2------- k=  0.03990000
 time elapsed:   31.233354000000006     
  
-------     3------- k=  0.06980000
 time elapsed:   18.564442000000000     
  
-------     4------- k=  0.09970000
 time elapsed:   15.269407999999984     
  
-------     5------- k=  0.12960000
 time elapsed:   14.557625999999999     
  
-------     6------- k=  0.15950000
 time elapsed:   13.936663000000010     
  
-------     7------- k=  0.18940000
 time elapsed:   12.645464000000004     
  
-------     8------- k=  0.21930000
 time elapsed:   14.520304999999979     
  
-------     9------- k=  0.24920000
 time elapsed:   15.004266999999999     
  
-------    10------- k=  0.27910000
 time elapsed:   34.256281000000001     
  
-------    11------- k=  0.30900000
 time elapsed:   12.258581999999990     
  
-------    12------- k=  0.33890000
 time elapsed:   11.084632999999997     
  
-------    13------- k=  0.36880000
 time elapsed:   10.329477999999995     
  
-------    14------- k=  0.39870000
 time elapsed:   11.312085999999965     
  
-------    15------- k=  0.42860000
 time elapsed:   8.4544759999999997     
  
-------    16------- k=  0.45850000
 time elapsed:   7.9873699999999985     
  
-------    17------- k=  0.48840000
 time elapsed:   9.4980180000000018     
  
-------    18------- k=  0.51830000
 time elapsed:   8.1070140000000492     
  
-------    19------- k=  0.54820000
 time elapsed:   9.2485750000000166     
  
-------    20------- k=  0.57810000
 time elapsed:   13.374704000000008     
  
-------    21------- k=  0.60800000
 time elapsed:   10.403848999999980     
  
-------    22------- k=  0.63790000
 time elapsed:   9.5354240000000345     
  
-------    23------- k=  0.66780000
 time elapsed:   7.9343529999999873     
  
-------    24------- k=  0.69770000
 time elapsed:   8.7977960000000053     
  
-------    25------- k=  0.72760000
 time elapsed:   9.0231349999999679     
  
-------    26------- k=  0.75750000
 time elapsed:   8.0930370000000380     
  
-------    27------- k=  0.78740000
 time elapsed:   12.000576999999964     
  
-------    28------- k=  0.81730000
 time elapsed:   10.439584999999965     
  
-------    29------- k=  0.84720000
 time elapsed:   10.669511000000000     
  
-------    30------- k=  0.87710000
 time elapsed:   9.4037000000000148     
  
-------    31------- k=  0.90700000
 time elapsed:   7.4538029999999935     
  
-------    32------- k=  0.93690000
 time elapsed:   11.561295000000030     
  
-------    33------- k=  0.96680000
 time elapsed:   10.814109999999971     
  
-------    34------- k=  0.99670000
 time elapsed:   14.156924000000004     
  
-------    35------- k=  1.02660000
 time elapsed:   8.3013050000000135     
  
-------    36------- k=  1.05650000
 time elapsed:   8.2803969999999936     
  
-------    37------- k=  1.08640000
 time elapsed:   16.899397999999962     
  
-------    38------- k=  1.11630000
 time elapsed:   7.9357789999999113     
  
-------    39------- k=  1.14620000
 time elapsed:   9.5740100000000439     
  
-------    40------- k=  1.17610000
 time elapsed:   21.294694000000050     
  
-------    41------- k=  1.20600000
 time elapsed:   7.1965739999999414     
  
-------    42------- k=  1.23590000
 time elapsed:   11.223451000000068     
  
-------    43------- k=  1.26580000
 time elapsed:   12.646362999999951     
  
-------    44------- k=  1.29570000
 time elapsed:   11.932249999999954     
  
-------    45------- k=  1.32560000
 time elapsed:   14.383703999999966     
  
-------    46------- k=  1.35550000
 time elapsed:   8.9216710000000603     
  
-------    47------- k=  1.38540000
 time elapsed:   21.112484999999992     
  
-------    48------- k=  1.41530000
 time elapsed:   8.3904340000000275     
  
-------    49------- k=  1.44520000
 time elapsed:   11.698782000000051     
  
-------    50------- k=  1.47510000
 time elapsed:   12.998424999999997     
  
-------    51------- k=  1.50500000
 time elapsed:   8.6116630000000214     
  
-------    52------- k=  1.53490000
 time elapsed:   13.232465999999931     
  
-------    53------- k=  1.56480000
 time elapsed:   13.945843999999965     
  
-------    54------- k=  1.59470000
 time elapsed:   13.679852999999980     
  
-------    55------- k=  1.62460000
 time elapsed:   15.440825000000018     
  
-------    56------- k=  1.65450000
 time elapsed:   9.6716089999999895     
  
-------    57------- k=  1.68440000
 time elapsed:   9.6470600000000104     
  
-------    58------- k=  1.71430000
 time elapsed:   13.682063999999968     
  
-------    59------- k=  1.74420000
 time elapsed:   18.661234000000036     
  
-------    60------- k=  1.77410000
 time elapsed:   11.686166000000071     
  
-------    61------- k=  1.80400000
 time elapsed:   14.141834000000017     
  
-------    62------- k=  1.83390000
 time elapsed:   18.907490999999936     
  
-------    63------- k=  1.86380000
 time elapsed:   16.495221000000015     
  
-------    64------- k=  1.89370000
 time elapsed:   11.083549000000062     
  
-------    65------- k=  1.92360000
 time elapsed:   20.139050999999995     
  
-------    66------- k=  1.95350000
 time elapsed:   19.502366000000052     
  
-------    67------- k=  1.98340000
 time elapsed:   16.400734999999941     
  
-------    68------- k=  2.01330000
 time elapsed:   20.640674999999987     
  
-------    69------- k=  2.04320000
 time elapsed:   17.615003999999999     
  
-------    70------- k=  2.07310000
 time elapsed:   14.297519999999963     
  
-------    71------- k=  2.10300000
 time elapsed:   27.524879000000055     
  
-------    72------- k=  2.13290000
 time elapsed:   25.794958000000065     
  
-------    73------- k=  2.16280000
 time elapsed:   17.586896000000024     
  
-------    74------- k=  2.19270000
 time elapsed:   19.706597999999985     
  
-------    75------- k=  2.22260000
 time elapsed:   23.361373000000185     
  
-------    76------- k=  2.25250000
 time elapsed:   14.085250999999971     
  
-------    77------- k=  2.28240000
 time elapsed:   29.597373999999945     
  
-------    78------- k=  2.31230000
 time elapsed:   18.024554999999964     
  
-------    79------- k=  2.34220000
 time elapsed:   23.024010000000089     
  
-------    80------- k=  2.37210000
 time elapsed:   20.163019000000077     
  
-------    81------- k=  2.40200000
 time elapsed:   16.211422000000084     
  
-------    82------- k=  2.43190000
 time elapsed:   16.657496999999921     
  
-------    83------- k=  2.46180000
 time elapsed:   17.031406000000061     
  
-------    84------- k=  2.49170000
 time elapsed:   22.336462999999867     
  
-------    85------- k=  2.52160000
 time elapsed:   23.614462000000003     
  
-------    86------- k=  2.55150000
 time elapsed:   31.597866000000067     
  
-------    87------- k=  2.58140000
 time elapsed:   20.553317999999990     
  
-------    88------- k=  2.61130000
 time elapsed:   19.839467000000013     
  
-------    89------- k=  2.64120000
 time elapsed:   24.722410000000082     
  
-------    90------- k=  2.67110000
 time elapsed:   25.412477000000081     
  
-------    91------- k=  2.70100000
 time elapsed:   19.585450999999921     
  
-------    92------- k=  2.73090000
 time elapsed:   26.462993999999981     
  
-------    93------- k=  2.76080000
 time elapsed:   31.346475000000055     
  
-------    94------- k=  2.79070000
 time elapsed:   24.442452000000003     
  
-------    95------- k=  2.82060000
 time elapsed:   27.390427000000045     
  
-------    96------- k=  2.85050000
 time elapsed:   22.689349999999877     
  
-------    97------- k=  2.88040000
 time elapsed:   26.629993999999897     
  
-------    98------- k=  2.91030000
 time elapsed:   17.113207999999986     
  
-------    99------- k=  2.94020000
 time elapsed:   27.083767999999964     
  
-------   100------- k=  2.97010000
 time elapsed:   38.588496000000077     

Total time elapsed(s):1671.5740800000001  (min): 27.859568000000003
