 Read input data
 ...done
 Read velocity distributions from files
           1         255         128
 ...done.
  
-------     1------- k=  0.01000000
Warning: Muller did not converge in 40 steps for roots: 2 3
 time elapsed:   89.881761999999995     
  
-------     2------- k=  0.03990000
 time elapsed:   41.568338000000011     
  
-------     3------- k=  0.06980000
 time elapsed:   33.626664000000005     
  
-------     4------- k=  0.09970000
 time elapsed:   29.961766000000011     
  
-------     5------- k=  0.12960000
 time elapsed:   16.384145999999987     
  
-------     6------- k=  0.15950000
 time elapsed:   35.441953999999981     
  
-------     7------- k=  0.18940000
 time elapsed:   20.274675000000002     
  
-------     8------- k=  0.21930000
 time elapsed:   47.259179000000017     
  
-------     9------- k=  0.24920000
 time elapsed:   15.560334000000012     
  
-------    10------- k=  0.27910000
 time elapsed:   18.348107000000027     
  
-------    11------- k=  0.30900000
 time elapsed:   45.724962000000005     
  
-------    12------- k=  0.33890000
 time elapsed:   15.200051000000030     
  
-------    13------- k=  0.36880000
 time elapsed:   36.222633999999971     
  
-------    14------- k=  0.39870000
 time elapsed:   12.225150999999983     
  
-------    15------- k=  0.42860000
 time elapsed:   14.830219000000000     
  
-------    16------- k=  0.45850000
 time elapsed:   13.021659000000000     
  
-------    17------- k=  0.48840000
 time elapsed:   26.437903999999946     
  
-------    18------- k=  0.51830000
 time elapsed:   12.375830999999948     
  
-------    19------- k=  0.54820000
 time elapsed:   12.109051000000022     
  
-------    20------- k=  0.57810000
 time elapsed:   37.139746000000059     
  
-------    21------- k=  0.60800000
 time elapsed:   13.756423999999924     
  
-------    22------- k=  0.63790000
 time elapsed:   36.147252000000094     
  
-------    23------- k=  0.66780000
 time elapsed:   34.469982999999957     
  
-------    24------- k=  0.69770000
 time elapsed:   29.027480000000082     
  
-------    25------- k=  0.72760000
 time elapsed:   16.248089999999934     
  
-------    26------- k=  0.75750000
 time elapsed:   51.212582999999995     
  
-------    27------- k=  0.78740000
 time elapsed:   15.955473999999981     
  
-------    28------- k=  0.81730000
 time elapsed:   30.034228999999982     
  
-------    29------- k=  0.84720000
Warning: Muller did not converge in 40 steps for roots: 3
 time elapsed:   48.722364999999968     
  
-------    30------- k=  0.87710000
 time elapsed:   31.718935999999985     
  
-------    31------- k=  0.90700000
 time elapsed:   29.094070999999985     
  
-------    32------- k=  0.93690000
 time elapsed:   37.298492000000010     
  
-------    33------- k=  0.96680000
 time elapsed:   20.763511999999992     
  
-------    34------- k=  0.99670000
Warning: Muller did not converge in 40 steps for roots: 3
 time elapsed:   58.232807999999977     
  
-------    35------- k=  1.02660000
Warning: Muller did not converge in 40 steps for roots: 3
 time elapsed:   62.330185999999912     
  
-------    36------- k=  1.05650000
Warning: Muller did not converge in 40 steps for roots: 3
 time elapsed:   53.427795999999944     
  
-------    37------- k=  1.08640000
 time elapsed:   12.679831000000149     
  
-------    38------- k=  1.11630000
 time elapsed:   29.515984000000117     
  
-------    39------- k=  1.14620000
 time elapsed:   32.313990999999987     
  
-------    40------- k=  1.17610000
Warning: Muller did not converge in 40 steps for roots: 3
 time elapsed:   45.881634999999960     
  
-------    41------- k=  1.20600000
 time elapsed:   14.988017999999784     
  
-------    42------- k=  1.23590000
 time elapsed:   15.403878000000077     
  
-------    43------- k=  1.26580000
 time elapsed:   32.246127999999999     
  
-------    44------- k=  1.29570000
 time elapsed:   12.201297999999952     
  
-------    45------- k=  1.32560000
 time elapsed:   13.179632999999967     
  
-------    46------- k=  1.35550000
 time elapsed:   37.996789000000035     
  
-------    47------- k=  1.38540000
 time elapsed:   35.515421999999944     
  
-------    48------- k=  1.41530000
 time elapsed:   27.604462000000012     
  
-------    49------- k=  1.44520000
 time elapsed:   12.914878000000044     
  
-------    50------- k=  1.47510000
 time elapsed:   49.569663999999875     
  
-------    51------- k=  1.50500000
 time elapsed:   14.818445000000111     
  
-------    52------- k=  1.53490000
 time elapsed:   13.855391000000054     
  
-------    53------- k=  1.56480000
 time elapsed:   33.605857000000015     
  
-------    54------- k=  1.59470000
 time elapsed:   49.519272000000001     
  
-------    55------- k=  1.62460000
 time elapsed:   36.359040000000050     
  
-------    56------- k=  1.65450000
 time elapsed:   22.908430999999837     
  
-------    57------- k=  1.68440000
 time elapsed:   40.441930999999840     
  
-------    58------- k=  1.71430000
 time elapsed:   33.649040000000014     
  
-------    59------- k=  1.74420000
 time elapsed:   44.341154999999844     
  
-------    60------- k=  1.77410000
 time elapsed:   50.336045000000013     
  
-------    61------- k=  1.80400000
 time elapsed:   37.702659000000040     
  
-------    62------- k=  1.83390000
 time elapsed:   15.731254999999919     
  
-------    63------- k=  1.86380000
 time elapsed:   18.253406999999925     
  
-------    64------- k=  1.89370000
Warning: Muller did not converge in 40 steps for roots: 3
 time elapsed:   61.466859000000113     
  
-------    65------- k=  1.92360000
Warning: Muller did not converge in 40 steps for roots: 3
 time elapsed:   62.931390000000192     
  
-------    66------- k=  1.95350000
 time elapsed:   18.295665999999983     
  
-------    67------- k=  1.98340000
 time elapsed:   17.378118999999970     
  
-------    68------- k=  2.01330000
 time elapsed:   24.913321999999880     
  
-------    69------- k=  2.04320000
Warning: Muller did not converge in 40 steps for roots: 3
 time elapsed:   65.705668000000060     
  
-------    70------- k=  2.07310000
 time elapsed:   42.904265000000123     
  
-------    71------- k=  2.10300000
 time elapsed:   59.870692000000417     
  
-------    72------- k=  2.13290000
 time elapsed:   17.770195999999942     
  
-------    73------- k=  2.16280000
 time elapsed:   54.695427000000109     
  
-------    74------- k=  2.19270000
 time elapsed:   70.867956000000049     
  
-------    75------- k=  2.22260000
 time elapsed:   36.288573000000270     
  
-------    76------- k=  2.25250000
 time elapsed:   21.061838999999964     
  
-------    77------- k=  2.28240000
 time elapsed:   74.095455000000129     
  
-------    78------- k=  2.31230000
Warning: Muller did not converge in 40 steps for roots: 3
 time elapsed:   76.967226000000210     
  
-------    79------- k=  2.34220000
 time elapsed:   73.079392999999982     
  
-------    80------- k=  2.37210000
 time elapsed:   25.368046000000049     
  
-------    81------- k=  2.40200000
Warning: Muller did not converge in 40 steps for roots: 3
 time elapsed:   79.562764000000243     
  
-------    82------- k=  2.43190000
 time elapsed:   55.755894999999782     
  
-------    83------- k=  2.46180000
 time elapsed:   61.722655000000032     
  
-------    84------- k=  2.49170000
 time elapsed:   57.551625999999942     
  
-------    85------- k=  2.52160000
 time elapsed:   29.381299999999555     
  
-------    86------- k=  2.55150000
 time elapsed:   56.426945000000160     
  
-------    87------- k=  2.58140000
 time elapsed:   65.943099999999959     
  
-------    88------- k=  2.61130000
 time elapsed:   74.259815000000344     
  
-------    89------- k=  2.64120000
 time elapsed:   22.270956000000297     
  
-------    90------- k=  2.67110000
Warning: Muller did not converge in 40 steps for roots: 3
 time elapsed:   86.893344000000070     
  
-------    91------- k=  2.70100000
 time elapsed:   19.954327999999805     
  
-------    92------- k=  2.73090000
 time elapsed:   86.516370000000279     
  
-------    93------- k=  2.76080000
 time elapsed:   90.345835000000079     
  
-------    94------- k=  2.79070000
 time elapsed:   21.880959000000075     
  
-------    95------- k=  2.82060000
 time elapsed:   68.702422999999726     
  
-------    96------- k=  2.85050000
 time elapsed:   29.787654000000202     
  
-------    97------- k=  2.88040000
 time elapsed:   73.473170999999638     
  
-------    98------- k=  2.91030000
 time elapsed:   23.316845999999714     
  
-------    99------- k=  2.94020000
Warning: Muller did not converge in 40 steps for roots: 3
 time elapsed:   100.11167200000000     
  
-------   100------- k=  2.97010000
 time elapsed:   84.508585999999923     

Total time elapsed(s):3917.8169530000000  (min): 65.296949216666661
