 Read input data
 ...done
 Read velocity distributions from files
           1         255         128
 ...done.
  
-------     1------- k=  0.01000000
Warning: Muller did not converge in 40 steps for roots: 2
 time elapsed:   82.037765000000007     
  
-------     2------- k=  0.03990000
 time elapsed:   48.112189999999984     
  
-------     3------- k=  0.06980000
 time elapsed:   38.632542999999998     
  
-------     4------- k=  0.09970000
 time elapsed:   27.645429999999976     
  
-------     5------- k=  0.12960000
 time elapsed:   13.395503999999988     
  
-------     6------- k=  0.15950000
 time elapsed:   12.681404000000015     
  
-------     7------- k=  0.18940000
 time elapsed:   12.937607000000014     
  
-------     8------- k=  0.21930000
 time elapsed:   13.898907999999977     
  
-------     9------- k=  0.24920000
 time elapsed:   13.178574000000026     
  
-------    10------- k=  0.27910000
 time elapsed:   38.284658999999976     
  
-------    11------- k=  0.30900000
 time elapsed:   10.579307000000028     
  
-------    12------- k=  0.33890000
 time elapsed:   10.660412000000008     
  
-------    13------- k=  0.36880000
 time elapsed:   9.9718480000000227     
  
-------    14------- k=  0.39870000
 time elapsed:   27.475593000000003     
  
-------    15------- k=  0.42860000
Warning: Muller did not converge in 40 steps for roots: 3
 time elapsed:   32.753843000000018     
  
-------    16------- k=  0.45850000
 time elapsed:   22.082569999999976     
  
-------    17------- k=  0.48840000
Warning: Muller did not converge in 40 steps for roots: 3
 time elapsed:   27.156785000000013     
  
-------    18------- k=  0.51830000
 time elapsed:   18.885663999999963     
  
-------    19------- k=  0.54820000
 time elapsed:   22.941955999999948     
  
-------    20------- k=  0.57810000
Warning: Muller did not converge in 40 steps for roots: 3
 time elapsed:   27.348531999999977     
  
-------    21------- k=  0.60800000
Warning: Muller did not converge in 40 steps for roots: 3
 time elapsed:   22.789178000000049     
  
-------    22------- k=  0.63790000
 time elapsed:   20.102097000000072     
  
-------    23------- k=  0.66780000
Warning: Muller did not converge in 40 steps for roots: 3
 time elapsed:   30.487708999999995     
  
-------    24------- k=  0.69770000
 time elapsed:   14.614827999999989     
  
-------    25------- k=  0.72760000
 time elapsed:   6.6394980000000032     
  
-------    26------- k=  0.75750000
 time elapsed:   15.060192000000029     
  
-------    27------- k=  0.78740000
 time elapsed:   8.2266650000000254     
  
-------    28------- k=  0.81730000
 time elapsed:   20.992149999999924     
  
-------    29------- k=  0.84720000
 time elapsed:   20.091327000000092     
  
-------    30------- k=  0.87710000
 time elapsed:   20.478789000000006     
  
-------    31------- k=  0.90700000
 time elapsed:   6.5636119999999210     
  
-------    32------- k=  0.93690000
 time elapsed:   22.350219000000038     
  
-------    33------- k=  0.96680000
 time elapsed:   6.9627689999999802     
  
-------    34------- k=  0.99670000
 time elapsed:   18.990771000000109     
  
-------    35------- k=  1.02660000
Warning: Muller did not converge in 40 steps for roots: 3
 time elapsed:   29.422528999999940     
  
-------    36------- k=  1.05650000
 time elapsed:   20.883189000000016     
  
-------    37------- k=  1.08640000
 time elapsed:   8.5739060000000791     
  
-------    38------- k=  1.11630000
 time elapsed:   15.194738000000029     
  
-------    39------- k=  1.14620000
 time elapsed:   22.398568999999952     
  
-------    40------- k=  1.17610000
 time elapsed:   25.202716000000009     
  
-------    41------- k=  1.20600000
 time elapsed:   9.3485940000000483     
  
-------    42------- k=  1.23590000
 time elapsed:   17.801167999999961     
  
-------    43------- k=  1.26580000
 time elapsed:   19.800511000000029     
  
-------    44------- k=  1.29570000
 time elapsed:   29.420641000000046     
  
-------    45------- k=  1.32560000
 time elapsed:   22.881897999999978     
  
-------    46------- k=  1.35550000
Warning: Muller did not converge in 40 steps for roots: 3
 time elapsed:   35.461154000000079     
  
-------    47------- k=  1.38540000
 time elapsed:   28.029903000000104     
  
-------    48------- k=  1.41530000
 time elapsed:   24.620973000000049     
  
-------    49------- k=  1.44520000
Warning: Muller did not converge in 40 steps for roots: 3
 time elapsed:   35.299007000000074     
  
-------    50------- k=  1.47510000
 time elapsed:   24.915715999999975     
  
-------    51------- k=  1.50500000
 time elapsed:   33.705920000000106     
  
-------    52------- k=  1.53490000
 time elapsed:   27.094528000000082     
  
-------    53------- k=  1.56480000
 time elapsed:   24.041872999999896     
  
-------    54------- k=  1.59470000
 time elapsed:   29.860812000000124     
  
-------    55------- k=  1.62460000
 time elapsed:   21.427917999999863     
  
-------    56------- k=  1.65450000
 time elapsed:   8.9267290000000230     
  
-------    57------- k=  1.68440000
 time elapsed:   31.867917000000034     
  
-------    58------- k=  1.71430000
 time elapsed:   11.426803999999947     
  
-------    59------- k=  1.74420000
Warning: Muller did not converge in 40 steps for roots: 3
 time elapsed:   41.709285000000136     
  
-------    60------- k=  1.77410000
 time elapsed:   31.766366999999946     
  
-------    61------- k=  1.80400000
 time elapsed:   15.544873999999936     
  
-------    62------- k=  1.83390000
 time elapsed:   25.834880000000112     
  
-------    63------- k=  1.86380000
 time elapsed:   29.085824000000002     
  
-------    64------- k=  1.89370000
 time elapsed:   41.975411000000122     
  
-------    65------- k=  1.92360000
 time elapsed:   9.7816560000001118     
  
-------    66------- k=  1.95350000
 time elapsed:   24.299375000000055     
  
-------    67------- k=  1.98340000
 time elapsed:   11.976331000000073     
  
-------    68------- k=  2.01330000
 time elapsed:   30.848610000000008     
  
-------    69------- k=  2.04320000
 time elapsed:   41.377273000000059     
  
-------    70------- k=  2.07310000
 time elapsed:   31.404316999999992     
  
-------    71------- k=  2.10300000
 time elapsed:   48.064321999999947     
  
-------    72------- k=  2.13290000
 time elapsed:   34.761414000000059     
  
-------    73------- k=  2.16280000
Warning: Muller did not converge in 40 steps for roots: 3
 time elapsed:   48.688615000000027     
  
-------    74------- k=  2.19270000
 time elapsed:   35.213807999999972     
  
-------    75------- k=  2.22260000
 time elapsed:   11.171642000000020     
  
-------    76------- k=  2.25250000
 time elapsed:   32.788136000000122     
  
-------    77------- k=  2.28240000
 time elapsed:   28.688347000000022     
  
-------    78------- k=  2.31230000
 time elapsed:   51.507906999999932     
  
-------    79------- k=  2.34220000
 time elapsed:   13.017105000000129     
  
-------    80------- k=  2.37210000
 time elapsed:   45.317657000000054     
  
-------    81------- k=  2.40200000
 time elapsed:   44.599878999999873     
  
-------    82------- k=  2.43190000
 time elapsed:   15.648254999999835     
  
-------    83------- k=  2.46180000
 time elapsed:   39.136533999999756     
  
-------    84------- k=  2.49170000
 time elapsed:   16.082892999999785     
  
-------    85------- k=  2.52160000
 time elapsed:   33.243167000000085     
  
-------    86------- k=  2.55150000
 time elapsed:   35.466351000000031     
  
-------    87------- k=  2.58140000
 time elapsed:   47.463279999999941     
  
-------    88------- k=  2.61130000
 time elapsed:   17.584318000000167     
  
-------    89------- k=  2.64120000
Warning: Muller did not converge in 40 steps for roots: 3
 time elapsed:   58.052712000000156     
  
-------    90------- k=  2.67110000
 time elapsed:   17.940146999999797     
  
-------    91------- k=  2.70100000
 time elapsed:   25.283022000000074     
  
-------    92------- k=  2.73090000
 time elapsed:   13.909531999999672     
  
-------    93------- k=  2.76080000
 time elapsed:   50.854093000000375     
  
-------    94------- k=  2.79070000
 time elapsed:   13.894185999999991     
  
-------    95------- k=  2.82060000
 time elapsed:   27.272625999999946     
  
-------    96------- k=  2.85050000
 time elapsed:   47.252789000000121     
  
-------    97------- k=  2.88040000
 time elapsed:   52.327308999999786     
  
-------    98------- k=  2.91030000
 time elapsed:   50.539848000000347     
  
-------    99------- k=  2.94020000
 time elapsed:   16.132360000000062     
  
-------   100------- k=  2.97010000
 time elapsed:   57.814084999999977     

Total time elapsed(s):2668.1644750000000  (min): 44.469407916666668
