 Read input data
 ...done
 Read velocity distributions from files
           1         255         128
 ...done.
  
-------     1------- k=  0.01000000
 time elapsed:   38.935919999999996     
  
-------     2------- k=  0.03990000
Warning: Muller did not converge in 40 steps for roots: 3
 time elapsed:   54.059599999999996     
  
-------     3------- k=  0.06980000
Warning: Muller did not converge in 40 steps for roots: 3
 time elapsed:   53.447864000000010     
  
-------     4------- k=  0.09970000
 time elapsed:   17.563523000000004     
  
-------     5------- k=  0.12960000
 time elapsed:   24.865917000000024     
  
-------     6------- k=  0.15950000
Warning: Muller did not converge in 40 steps for roots: 3
 time elapsed:   46.057948000000010     
  
-------     7------- k=  0.18940000
Warning: Muller did not converge in 40 steps for roots: 3
 time elapsed:   45.409406999999987     
  
-------     8------- k=  0.21930000
 time elapsed:   15.652277999999967     
  
-------     9------- k=  0.24920000
 time elapsed:   14.254940999999974     
  
-------    10------- k=  0.27910000
 time elapsed:   14.552559000000031     
  
-------    11------- k=  0.30900000
 time elapsed:   14.507933000000037     
  
-------    12------- k=  0.33890000
 time elapsed:   12.260673000000054     
  
-------    13------- k=  0.36880000
 time elapsed:   31.842459999999960     
  
-------    14------- k=  0.39870000
 time elapsed:   14.121600000000001     
  
-------    15------- k=  0.42860000
 time elapsed:   19.230515999999966     
  
-------    16------- k=  0.45850000
 time elapsed:   19.625051999999982     
  
-------    17------- k=  0.48840000
 time elapsed:   28.418149000000028     
  
-------    18------- k=  0.51830000
 time elapsed:   13.743177000000003     
  
-------    19------- k=  0.54820000
 time elapsed:   16.237166000000002     
  
-------    20------- k=  0.57810000
 time elapsed:   9.4937810000000127     
  
-------    21------- k=  0.60800000
 time elapsed:   13.795806999999968     
  
-------    22------- k=  0.63790000
 time elapsed:   29.927693999999974     
  
-------    23------- k=  0.66780000
 time elapsed:   13.853130000000078     
  
-------    24------- k=  0.69770000
Warning: Muller did not converge in 40 steps for roots: 2 3
 time elapsed:   38.167630000000031     
  
-------    25------- k=  0.72760000
 time elapsed:   32.492215999999985     
  
-------    26------- k=  0.75750000
 time elapsed:   17.669234999999958     
  
-------    27------- k=  0.78740000
 time elapsed:   33.674756000000002     
  
-------    28------- k=  0.81730000
 time elapsed:   30.661612999999988     
  
-------    29------- k=  0.84720000
 time elapsed:   22.156710999999973     
  
-------    30------- k=  0.87710000
Warning: Muller did not converge in 40 steps for roots: 2
 time elapsed:   29.274641000000088     
  
-------    31------- k=  0.90700000
 time elapsed:   31.243967999999995     
  
-------    32------- k=  0.93690000
 time elapsed:   24.966969000000063     
  
-------    33------- k=  0.96680000
 time elapsed:   28.595230000000015     
  
-------    34------- k=  0.99670000
 time elapsed:   33.179011999999943     
  
-------    35------- k=  1.02660000
 time elapsed:   15.646320999999944     
  
-------    36------- k=  1.05650000
 time elapsed:   29.847096999999962     
  
-------    37------- k=  1.08640000
 time elapsed:   34.368768999999929     
  
-------    38------- k=  1.11630000
 time elapsed:   9.6686300000000074     
  
-------    39------- k=  1.14620000
Warning: Muller did not converge in 40 steps for roots: 2
 time elapsed:   48.717047000000093     
  
-------    40------- k=  1.17610000
 time elapsed:   35.344214000000079     
  
-------    41------- k=  1.20600000
 time elapsed:   23.074929999999995     
  
-------    42------- k=  1.23590000
 time elapsed:   33.401026000000002     
  
-------    43------- k=  1.26580000
Warning: Muller did not converge in 40 steps for roots: 2
 time elapsed:   37.633074000000079     
  
-------    44------- k=  1.29570000
 time elapsed:   22.910456999999951     
  
-------    45------- k=  1.32560000
Warning: Muller did not converge in 40 steps for roots: 3
 time elapsed:   58.394757000000027     
  
-------    46------- k=  1.35550000
Warning: Muller did not converge in 40 steps for roots: 2
 time elapsed:   35.673535000000129     
  
-------    47------- k=  1.38540000
 time elapsed:   32.732177999999976     
  
-------    48------- k=  1.41530000
 time elapsed:   40.123142000000144     
  
-------    49------- k=  1.44520000
 time elapsed:   47.717919999999822     
  
-------    50------- k=  1.47510000
 time elapsed:   31.076891000000160     
  
-------    51------- k=  1.50500000
 time elapsed:   30.664510000000064     
  
-------    52------- k=  1.53490000
Warning: Muller did not converge in 40 steps for roots: 2
 time elapsed:   51.141505000000052     
  
-------    53------- k=  1.56480000
 time elapsed:   28.487026000000014     
  
-------    54------- k=  1.59470000
 time elapsed:   37.789605999999822     
  
-------    55------- k=  1.62460000
Warning: Muller did not converge in 40 steps for roots: 2
 time elapsed:   53.977454999999964     
  
-------    56------- k=  1.65450000
 time elapsed:   35.188606999999820     
  
-------    57------- k=  1.68440000
 time elapsed:   37.804221999999982     
  
-------    58------- k=  1.71430000
 time elapsed:   58.285544999999956     
  
-------    59------- k=  1.74420000
 time elapsed:   36.182932000000164     
  
-------    60------- k=  1.77410000
 time elapsed:   34.036135999999942     
  
-------    61------- k=  1.80400000
 time elapsed:   57.559432000000015     
  
-------    62------- k=  1.83390000
 time elapsed:   38.396698999999899     
  
-------    63------- k=  1.86380000
 time elapsed:   35.474296000000095     
  
-------    64------- k=  1.89370000
Warning: Muller did not converge in 40 steps for roots: 2
 time elapsed:   60.617226999999957     
  
-------    65------- k=  1.92360000
 time elapsed:   35.736928000000034     
  
-------    66------- k=  1.95350000
 time elapsed:   42.626103000000057     
  
-------    67------- k=  1.98340000
 time elapsed:   66.545280000000275     
  
-------    68------- k=  2.01330000
 time elapsed:   40.215188000000126     
  
-------    69------- k=  2.04320000
Warning: Muller did not converge in 40 steps for roots: 2
 time elapsed:   47.600296000000071     
  
-------    70------- k=  2.07310000
 time elapsed:   69.076740999999856     
  
-------    71------- k=  2.10300000
 time elapsed:   43.274682999999641     
  
-------    72------- k=  2.13290000
 time elapsed:   44.609293999999863     
  
-------    73------- k=  2.16280000
 time elapsed:   65.885344000000259     
  
-------    74------- k=  2.19270000
 time elapsed:   46.095205999999962     
  
-------    75------- k=  2.22260000
 time elapsed:   49.332500999999866     
  
-------    76------- k=  2.25250000
Warning: Muller did not converge in 40 steps for roots: 2
 time elapsed:   69.494255999999950     
  
-------    77------- k=  2.28240000
 time elapsed:   38.452151999999842     
  
-------    78------- k=  2.31230000
 time elapsed:   41.952439000000140     
  
-------    79------- k=  2.34220000
 time elapsed:   77.110452000000350     
  
-------    80------- k=  2.37210000
 time elapsed:   46.259699000000182     
  
-------    81------- k=  2.40200000
 time elapsed:   44.525554999999713     
  
-------    82------- k=  2.43190000
Warning: Muller did not converge in 40 steps for roots: 2
 time elapsed:   78.530783000000156     
  
-------    83------- k=  2.46180000
 time elapsed:   57.698121999999785     
  
-------    84------- k=  2.49170000
 time elapsed:   53.952060999999958     
  
-------    85------- k=  2.52160000
 time elapsed:   72.443710999999894     
  
-------    86------- k=  2.55150000
 time elapsed:   51.538140999999996     
  
-------    87------- k=  2.58140000
 time elapsed:   56.973295999999664     
  
-------    88------- k=  2.61130000
 time elapsed:   84.999144000000342     
  
-------    89------- k=  2.64120000
 time elapsed:   54.077408999999989     
  
-------    90------- k=  2.67110000
 time elapsed:   60.142804000000069     
  
-------    91------- k=  2.70100000
 time elapsed:   85.642045000000053     
  
-------    92------- k=  2.73090000
 time elapsed:   49.348600000000260     
  
-------    93------- k=  2.76080000
 time elapsed:   55.376216999999997     
  
-------    94------- k=  2.79070000
 time elapsed:   88.296299999999974     
  
-------    95------- k=  2.82060000
 time elapsed:   59.899901000000227     
  
-------    96------- k=  2.85050000
 time elapsed:   61.722037000000000     
  
-------    97------- k=  2.88040000
Warning: Muller did not converge in 40 steps for roots: 2
 time elapsed:   92.520833999999923     
  
-------    98------- k=  2.91030000
 time elapsed:   68.663270999999895     
  
-------    99------- k=  2.94020000
 time elapsed:   66.670209999999770     
  
-------   100------- k=  2.97010000
 time elapsed:   98.531042000000070     

Total time elapsed(s):4181.9208349999999  (min): 69.698680583333328
