 Read input data
 ...done
 Read velocity distributions from files
           1         255         128
 ...done.
  
-------     1------- k=  0.01000000
 time elapsed:   39.151335000000003     
  
-------     2------- k=  0.03990000
Warning: Muller did not converge in 40 steps for roots: 3
 time elapsed:   53.818603000000003     
  
-------     3------- k=  0.06980000
 time elapsed:   36.274096000000000     
  
-------     4------- k=  0.09970000
Warning: Muller did not converge in 40 steps for roots: 3
 time elapsed:   53.422434999999979     
  
-------     5------- k=  0.12960000
 time elapsed:   52.209283999999997     
  
-------     6------- k=  0.15950000
 time elapsed:   17.507870999999994     
  
-------     7------- k=  0.18940000
 time elapsed:   19.603061999999966     
  
-------     8------- k=  0.21930000
 time elapsed:   20.521357999999964     
  
-------     9------- k=  0.24920000
 time elapsed:   16.137822999999969     
  
-------    10------- k=  0.27910000
Warning: Muller did not converge in 40 steps for roots: 3
 time elapsed:   49.145918999999992     
  
-------    11------- k=  0.30900000
Warning: Muller did not converge in 40 steps for roots: 3
 time elapsed:   48.562633000000005     
  
-------    12------- k=  0.33890000
 time elapsed:   17.194040999999970     
  
-------    13------- k=  0.36880000
 time elapsed:   15.524359000000004     
  
-------    14------- k=  0.39870000
Warning: Muller did not converge in 40 steps for roots: 3
 time elapsed:   50.166565999999989     
  
-------    15------- k=  0.42860000
Warning: Muller did not converge in 40 steps for roots: 3
 time elapsed:   50.842540000000042     
  
-------    16------- k=  0.45850000
 time elapsed:   35.422429999999963     
  
-------    17------- k=  0.48840000
 time elapsed:   33.367381000000023     
  
-------    18------- k=  0.51830000
Warning: Muller did not converge in 40 steps for roots: 3
 time elapsed:   48.973485999999980     
  
-------    19------- k=  0.54820000
 time elapsed:   28.925163999999995     
  
-------    20------- k=  0.57810000
 time elapsed:   44.733997000000045     
  
-------    21------- k=  0.60800000
 time elapsed:   37.475661999999943     
  
-------    22------- k=  0.63790000
 time elapsed:   29.621015999999941     
  
-------    23------- k=  0.66780000
 time elapsed:   59.979857000000038     
  
-------    24------- k=  0.69770000
 time elapsed:   45.464830000000006     
  
-------    25------- k=  0.72760000
 time elapsed:   25.216815999999994     
  
-------    26------- k=  0.75750000
 time elapsed:   36.456933000000049     
  
-------    27------- k=  0.78740000
 time elapsed:   44.972860999999966     
  
-------    28------- k=  0.81730000
Warning: Muller did not converge in 40 steps for roots: 3
 time elapsed:   60.499458000000004     
  
-------    29------- k=  0.84720000
 time elapsed:   45.299236000000064     
  
-------    30------- k=  0.87710000
 time elapsed:   50.400349999999889     
  
-------    31------- k=  0.90700000
Warning: Muller did not converge in 40 steps for roots: 3
 time elapsed:   80.033429000000069     
  
-------    32------- k=  0.93690000
 time elapsed:   42.835203000000092     
  
-------    33------- k=  0.96680000
 time elapsed:   49.139994999999999     
  
-------    34------- k=  0.99670000
Warning: Muller did not converge in 40 steps for roots: 3
 time elapsed:   86.685972999999876     
  
-------    35------- k=  1.02660000
 time elapsed:   74.242570999999998     
  
-------    36------- k=  1.05650000
 time elapsed:   33.997912999999926     
  
-------    37------- k=  1.08640000
 time elapsed:   55.378312000000051     
  
-------    38------- k=  1.11630000
 time elapsed:   38.873482999999851     
  
-------    39------- k=  1.14620000
Warning: Muller did not converge in 40 steps for roots: 2
 time elapsed:   81.197844000000032     
  
-------    40------- k=  1.17610000
 time elapsed:   74.966740999999956     
  
-------    41------- k=  1.20600000
 time elapsed:   19.648824999999988     
  
-------    42------- k=  1.23590000
 time elapsed:   91.614540999999917     
  
-------    43------- k=  1.26580000
 time elapsed:   64.259923000000072     
  
-------    44------- k=  1.29570000
 time elapsed:   66.820687999999791     
  
-------    45------- k=  1.32560000
 time elapsed:   72.863745999999992     
  
-------    46------- k=  1.35550000
 time elapsed:   50.974007999999685     
  
-------    47------- k=  1.38540000
 time elapsed:   67.996423000000050     
  
-------    48------- k=  1.41530000
 time elapsed:   110.78712200000018     
  
-------    49------- k=  1.44520000
 time elapsed:   54.484740999999758     
  
-------    50------- k=  1.47510000
Warning: Muller did not converge in 40 steps for roots: 2
 time elapsed:   83.922961000000214     
  
-------    51------- k=  1.50500000
 time elapsed:   73.333171999999649     
  
-------    52------- k=  1.53490000
 time elapsed:   36.332186000000092     
  
-------    53------- k=  1.56480000
 time elapsed:   94.456168000000162     
  
-------    54------- k=  1.59470000
 time elapsed:   78.046709000000192     
  
-------    55------- k=  1.62460000
 time elapsed:   47.850608000000193     
  
-------    56------- k=  1.65450000
Warning: Muller did not converge in 40 steps for roots: 2
 time elapsed:   95.796076999999968     
  
-------    57------- k=  1.68440000
 time elapsed:   115.49815799999988     
  
-------    58------- k=  1.71430000
 time elapsed:   36.120961999999963     
  
-------    59------- k=  1.74420000
 time elapsed:   138.24551599999995     
  
-------    60------- k=  1.77410000
 time elapsed:   97.445318000000043     
  
-------    61------- k=  1.80400000
 time elapsed:   62.751095000000078     
  
-------    62------- k=  1.83390000
 time elapsed:   103.46874900000012     
  
-------    63------- k=  1.86380000
 time elapsed:   97.670974999999999     
  
-------    64------- k=  1.89370000
 time elapsed:   35.822145999999975     
  
-------    65------- k=  1.92360000
 time elapsed:   90.376010999999835     
  
-------    66------- k=  1.95350000
Warning: Muller did not converge in 40 steps for roots: 2
 time elapsed:   111.38510899999983     
  
-------    67------- k=  1.98340000
 time elapsed:   25.975207999999839     
  
-------    68------- k=  2.01330000
 time elapsed:   111.39698200000021     
  
-------    69------- k=  2.04320000
 time elapsed:   97.224529999999959     
  
-------    70------- k=  2.07310000
 time elapsed:   51.553355999999894     
  
-------    71------- k=  2.10300000
 time elapsed:   114.41716600000018     
  
-------    72------- k=  2.13290000
 time elapsed:   108.57113100000061     
  
-------    73------- k=  2.16280000
 time elapsed:   54.061915000000226     
  
-------    74------- k=  2.19270000
 time elapsed:   130.44960099999935     
  
-------    75------- k=  2.22260000
Warning: Muller did not converge in 40 steps for roots: 2
 time elapsed:   143.24363200000062     
  
-------    76------- k=  2.25250000
 time elapsed:   85.649042000000009     
  
-------    77------- k=  2.28240000
 time elapsed:   106.17000199999984     
  
-------    78------- k=  2.31230000
 time elapsed:   142.29453800000010     
  
-------    79------- k=  2.34220000
Warning: Muller did not converge in 40 steps for roots: 3
 time elapsed:   115.06672499999968     
  
-------    80------- k=  2.37210000
 time elapsed:   157.05668599999990     
  
-------    81------- k=  2.40200000
 time elapsed:   180.62383300000056     
  
-------    82------- k=  2.43190000
 time elapsed:   56.309404999999970     
  
-------    83------- k=  2.46180000
 time elapsed:   140.06157299999995     
  
-------    84------- k=  2.49170000
 time elapsed:   144.55540399999973     
  
-------    85------- k=  2.52160000
 time elapsed:   82.153889000000163     
  
-------    86------- k=  2.55150000
 time elapsed:   191.90438900000026     
  
-------    87------- k=  2.58140000
 time elapsed:   129.02250899999945     
  
-------    88------- k=  2.61130000
 time elapsed:   32.983253000000332     
  
-------    89------- k=  2.64120000
 time elapsed:   178.85531100000026     
  
-------    90------- k=  2.67110000
Warning: Muller did not converge in 40 steps for roots: 2
 time elapsed:   208.77600700000039     
  
-------    91------- k=  2.70100000
 time elapsed:   122.61131399999977     
  
-------    92------- k=  2.73090000
Warning: Muller did not converge in 40 steps for roots: 3
 time elapsed:   222.34241700000075     
  
-------    93------- k=  2.76080000
 time elapsed:   179.66394899999977     
  
-------    94------- k=  2.79070000
Warning: Muller did not converge in 40 steps for roots: 3
 time elapsed:   142.99170599999979     
  
-------    95------- k=  2.82060000
Warning: Muller did not converge in 40 steps for roots: 2 3
 time elapsed:   231.39375999999993     
  
-------    96------- k=  2.85050000
 time elapsed:   132.29558900000029     
  
-------    97------- k=  2.88040000
 time elapsed:   191.54173199999968     
  
-------    98------- k=  2.91030000
 time elapsed:   283.84173499999997     
  
-------    99------- k=  2.94020000
 time elapsed:   316.33964799999922     
  
-------   100------- k=  2.97010000
 time elapsed:   228.65366899999935     

Total time elapsed(s):8622.4999369999987  (min): 143.70833228333331
