 Read input data
 ...done
 Read velocity distributions from files
           1         255         128
 ...done.
  
-------     1------- k=  0.01000000
 time elapsed:   38.782876000000002     
  
-------     2------- k=  0.03990000
Warning: Muller did not converge in 40 steps for roots: 3
 time elapsed:   53.301912000000009     
  
-------     3------- k=  0.06980000
Warning: Muller did not converge in 40 steps for roots: 3
 time elapsed:   53.850663999999995     
  
-------     4------- k=  0.09970000
 time elapsed:   43.906055999999978     
  
-------     5------- k=  0.12960000
 time elapsed:   43.387304999999998     
  
-------     6------- k=  0.15950000
 time elapsed:   16.682240999999976     
  
-------     7------- k=  0.18940000
 time elapsed:   13.965388999999988     
  
-------     8------- k=  0.21930000
 time elapsed:   11.110094000000004     
  
-------     9------- k=  0.24920000
 time elapsed:   10.835577000000001     
  
-------    10------- k=  0.27910000
 time elapsed:   9.8696509999999762     
  
-------    11------- k=  0.30900000
 time elapsed:   8.9176980000000299     
  
-------    12------- k=  0.33890000
 time elapsed:   8.6242430000000354     
  
-------    13------- k=  0.36880000
 time elapsed:   7.9258750000000191     
  
-------    14------- k=  0.39870000
 time elapsed:   7.2937029999999936     
  
-------    15------- k=  0.42860000
 time elapsed:   6.9865510000000199     
  
-------    16------- k=  0.45850000
 time elapsed:   5.9159250000000156     
  
-------    17------- k=  0.48840000
 time elapsed:   5.9209909999999581     
  
-------    18------- k=  0.51830000
 time elapsed:   5.2612029999999663     
  
-------    19------- k=  0.54820000
 time elapsed:   7.3393550000000118     
  
-------    20------- k=  0.57810000
 time elapsed:   4.2500410000000102     
  
-------    21------- k=  0.60800000
 time elapsed:   5.6143430000000194     
  
-------    22------- k=  0.63790000
 time elapsed:   6.1604429999999866     
  
-------    23------- k=  0.66780000
 time elapsed:   9.3841369999999529     
  
-------    24------- k=  0.69770000
 time elapsed:   9.2460939999999709     
  
-------    25------- k=  0.72760000
 time elapsed:   5.0555640000000039     
  
-------    26------- k=  0.75750000
 time elapsed:   11.025901999999974     
  
-------    27------- k=  0.78740000
 time elapsed:   8.1459100000000149     
  
-------    28------- k=  0.81730000
 time elapsed:   13.376522000000023     
  
-------    29------- k=  0.84720000
 time elapsed:   11.341447000000016     
  
-------    30------- k=  0.87710000
 time elapsed:   4.8786999999999807     
  
-------    31------- k=  0.90700000
 time elapsed:   11.885766999999987     
  
-------    32------- k=  0.93690000
 time elapsed:   12.246846000000005     
  
-------    33------- k=  0.96680000
 time elapsed:   9.4354180000000270     
  
-------    34------- k=  0.99670000
 time elapsed:   11.730378999999971     
  
-------    35------- k=  1.02660000
 time elapsed:   13.646191000000044     
  
-------    36------- k=  1.05650000
 time elapsed:   11.919166999999959     
  
-------    37------- k=  1.08640000
 time elapsed:   14.494642999999996     
  
-------    38------- k=  1.11630000
 time elapsed:   13.036624999999958     
  
-------    39------- k=  1.14620000
 time elapsed:   8.9697310000000243     
  
-------    40------- k=  1.17610000
 time elapsed:   12.893053000000009     
  
-------    41------- k=  1.20600000
 time elapsed:   9.6236450000000104     
  
-------    42------- k=  1.23590000
 time elapsed:   10.947899000000007     
  
-------    43------- k=  1.26580000
 time elapsed:   14.048442000000023     
  
-------    44------- k=  1.29570000
 time elapsed:   9.8924429999999575     
  
-------    45------- k=  1.32560000
 time elapsed:   10.683875000000057     
  
-------    46------- k=  1.35550000
 time elapsed:   13.610105999999973     
  
-------    47------- k=  1.38540000
 time elapsed:   9.6109880000000203     
  
-------    48------- k=  1.41530000
 time elapsed:   10.760662000000025     
  
-------    49------- k=  1.44520000
 time elapsed:   13.867569000000003     
  
-------    50------- k=  1.47510000
 time elapsed:   9.6331059999999979     
  
-------    51------- k=  1.50500000
 time elapsed:   10.712452999999982     
  
-------    52------- k=  1.53490000
 time elapsed:   13.477074000000016     
  
-------    53------- k=  1.56480000
 time elapsed:   9.6236209999999573     
  
-------    54------- k=  1.59470000
 time elapsed:   10.578304000000003     
  
-------    55------- k=  1.62460000
 time elapsed:   13.741659000000027     
  
-------    56------- k=  1.65450000
 time elapsed:   9.5312519999999950     
  
-------    57------- k=  1.68440000
 time elapsed:   10.723201000000017     
  
-------    58------- k=  1.71430000
 time elapsed:   13.564680000000067     
  
-------    59------- k=  1.74420000
 time elapsed:   9.3644229999999880     
  
-------    60------- k=  1.77410000
 time elapsed:   10.924056999999948     
  
-------    61------- k=  1.80400000
 time elapsed:   13.896628000000078     
  
-------    62------- k=  1.83390000
 time elapsed:   9.5126900000000205     
  
-------    63------- k=  1.86380000
 time elapsed:   10.883286999999996     
  
-------    64------- k=  1.89370000
 time elapsed:   13.979127000000062     
  
-------    65------- k=  1.92360000
 time elapsed:   9.3217139999999290     
  
-------    66------- k=  1.95350000
 time elapsed:   10.698172000000000     
  
-------    67------- k=  1.98340000
 time elapsed:   13.886911999999938     
  
-------    68------- k=  2.01330000
 time elapsed:   9.3160790000000588     
  
-------    69------- k=  2.04320000
 time elapsed:   10.651749999999993     
  
-------    70------- k=  2.07310000
 time elapsed:   13.944693000000029     
  
-------    71------- k=  2.10300000
 time elapsed:   9.3822589999999764     
  
-------    72------- k=  2.13290000
 time elapsed:   10.862788000000023     
  
-------    73------- k=  2.16280000
 time elapsed:   13.897565999999983     
  
-------    74------- k=  2.19270000
 time elapsed:   9.3660510000000841     
  
-------    75------- k=  2.22260000
 time elapsed:   10.817225000000008     
  
-------    76------- k=  2.25250000
 time elapsed:   13.888702999999964     
  
-------    77------- k=  2.28240000
 time elapsed:   9.4146570000000338     
  
-------    78------- k=  2.31230000
 time elapsed:   11.001502999999957     
  
-------    79------- k=  2.34220000
 time elapsed:   13.938236999999958     
  
-------    80------- k=  2.37210000
 time elapsed:   9.4472610000000259     
  
-------    81------- k=  2.40200000
 time elapsed:   10.843665999999985     
  
-------    82------- k=  2.43190000
 time elapsed:   13.828373999999940     
  
-------    83------- k=  2.46180000
 time elapsed:   9.5182690000001458     
  
-------    84------- k=  2.49170000
 time elapsed:   10.717322999999851     
  
-------    85------- k=  2.52160000
 time elapsed:   13.668617999999924     
  
-------    86------- k=  2.55150000
 time elapsed:   9.4340050000000701     
  
-------    87------- k=  2.58140000
 time elapsed:   10.697118999999930     
  
-------    88------- k=  2.61130000
 time elapsed:   13.901192999999921     
  
-------    89------- k=  2.64120000
 time elapsed:   9.2464180000001761     
  
-------    90------- k=  2.67110000
 time elapsed:   10.649679999999989     
  
-------    91------- k=  2.70100000
 time elapsed:   13.760712000000012     
  
-------    92------- k=  2.73090000
 time elapsed:   9.2957629999998517     
  
-------    93------- k=  2.76080000
 time elapsed:   10.808256000000029     
  
-------    94------- k=  2.79070000
 time elapsed:   13.863344000000097     
  
-------    95------- k=  2.82060000
 time elapsed:   9.3206139999999778     
  
-------    96------- k=  2.85050000
 time elapsed:   10.681101000000126     
  
-------    97------- k=  2.88040000
 time elapsed:   13.820206999999982     
  
-------    98------- k=  2.91030000
 time elapsed:   9.2620279999998729     
  
-------    99------- k=  2.94020000
 time elapsed:   10.705466000000115     
  
-------   100------- k=  2.97010000
 time elapsed:   13.833980999999994     

Total time elapsed(s):1249.7129490000000  (min): 20.828549150000001
