 Read input data
 ...done
 Read velocity distributions from files
           1         255         128
 ...done.
  
-------     1------- k=  0.01000000
 time elapsed:   40.303249999999998     
  
-------     2------- k=  0.03990000
Warning: Muller did not converge in 40 steps for roots: 3
 time elapsed:   52.792063000000006     
  
-------     3------- k=  0.06980000
 time elapsed:   32.184300000000007     
  
-------     4------- k=  0.09970000
Warning: Muller did not converge in 40 steps for roots: 3
 time elapsed:   51.978810000000010     
  
-------     5------- k=  0.12960000
 time elapsed:   44.671985000000006     
  
-------     6------- k=  0.15950000
 time elapsed:   50.998102999999986     
  
-------     7------- k=  0.18940000
Warning: Muller did not converge in 40 steps for roots: 3
 time elapsed:   53.277784999999994     
  
-------     8------- k=  0.21930000
 time elapsed:   37.408862999999997     
  
-------     9------- k=  0.24920000
 time elapsed:   17.201324999999997     
  
-------    10------- k=  0.27910000
 time elapsed:   46.216123999999979     
  
-------    11------- k=  0.30900000
 time elapsed:   37.931016000000000     
  
-------    12------- k=  0.33890000
 time elapsed:   34.205699000000038     
  
-------    13------- k=  0.36880000
Warning: Muller did not converge in 40 steps for roots: 3
 time elapsed:   48.978121000000044     
  
-------    14------- k=  0.39870000
 time elapsed:   38.449870000000033     
  
-------    15------- k=  0.42860000
 time elapsed:   50.676440000000071     
  
-------    16------- k=  0.45850000
 time elapsed:   63.386699000000021     
  
-------    17------- k=  0.48840000
 time elapsed:   21.215869999999995     
  
-------    18------- k=  0.51830000
 time elapsed:   22.120554999999968     
  
-------    19------- k=  0.54820000
Warning: Muller did not converge in 40 steps for roots: 3
 time elapsed:   67.792057999999997     
  
-------    20------- k=  0.57810000
Warning: Muller did not converge in 40 steps for roots: 2
 time elapsed:   94.564796000000001     
  
-------    21------- k=  0.60800000
 time elapsed:   25.166488999999956     
  
-------    22------- k=  0.63790000
Warning: Muller did not converge in 40 steps for roots: 2
 time elapsed:   96.924365999999850     
  
-------    23------- k=  0.66780000
 time elapsed:   81.012860000000046     
  
-------    24------- k=  0.69770000
 time elapsed:   73.096371000000090     
  
-------    25------- k=  0.72760000
 time elapsed:   66.944446000000198     
  
-------    26------- k=  0.75750000
 time elapsed:   57.342538999999988     
  
-------    27------- k=  0.78740000
Warning: Muller did not converge in 40 steps for roots: 2
 time elapsed:   106.49869999999987     
  
-------    28------- k=  0.81730000
 time elapsed:   60.966815999999881     
  
-------    29------- k=  0.84720000
 time elapsed:   72.435854000000063     
  
-------    30------- k=  0.87710000
Warning: Muller did not converge in 40 steps for roots: 3
 time elapsed:   128.44361600000002     
  
-------    31------- k=  0.90700000
 time elapsed:   32.489668000000165     
  
-------    32------- k=  0.93690000
 time elapsed:   46.930254999999988     
  
-------    33------- k=  0.96680000
Warning: Muller did not converge in 40 steps for roots: 3
 time elapsed:   79.584569999999985     
  
-------    34------- k=  0.99670000
 time elapsed:   63.904435000000149     
  
-------    35------- k=  1.02660000
 time elapsed:   60.802007000000003     
  
-------    36------- k=  1.05650000
 time elapsed:   87.831802000000152     
  
-------    37------- k=  1.08640000
 time elapsed:   135.27646299999969     
  
-------    38------- k=  1.11630000
Warning: Muller did not converge in 40 steps for roots: 2
 time elapsed:   128.69299000000001     
  
-------    39------- k=  1.14620000
Warning: Muller did not converge in 40 steps for roots: 3
 time elapsed:   130.19957399999976     
  
-------    40------- k=  1.17610000
Warning: Muller did not converge in 40 steps for roots: 3
 time elapsed:   104.15999299999976     
  
-------    41------- k=  1.20600000
Warning: Muller did not converge in 40 steps for roots: 3
 time elapsed:   135.41565399999990     
  
-------    42------- k=  1.23590000
 time elapsed:   97.302549999999883     
  
-------    43------- k=  1.26580000
 time elapsed:   42.382166999999754     
  
-------    44------- k=  1.29570000
 time elapsed:   99.916232000000036     
  
-------    45------- k=  1.32560000
 time elapsed:   116.13842599999998     
  
-------    46------- k=  1.35550000
 time elapsed:   108.57931300000018     
  
-------    47------- k=  1.38540000
 time elapsed:   44.030072000000018     
  
-------    48------- k=  1.41530000
 time elapsed:   91.976642000000083     
  
-------    49------- k=  1.44520000
 time elapsed:   134.42586299999994     
  
-------    50------- k=  1.47510000
Warning: Muller did not converge in 40 steps for roots: 2
 time elapsed:   160.62826300000006     
  
-------    51------- k=  1.50500000
 time elapsed:   41.377404999999726     
  
-------    52------- k=  1.53490000
 time elapsed:   80.405162000000018     
  
-------    53------- k=  1.56480000
Warning: Muller did not converge in 40 steps for roots: 2
 time elapsed:   155.14624400000002     
  
-------    54------- k=  1.59470000
Warning: Muller did not converge in 40 steps for roots: 3
 time elapsed:   139.25114599999961     
  
-------    55------- k=  1.62460000
 time elapsed:   142.21968100000004     
  
-------    56------- k=  1.65450000
Warning: Muller did not converge in 40 steps for roots: 2
 time elapsed:   108.26614199999949     
  
-------    57------- k=  1.68440000
Warning: Muller did not converge in 40 steps for roots: 2
 time elapsed:   173.00875400000041     
  
-------    58------- k=  1.71430000
 time elapsed:   164.72055499999988     
  
-------    59------- k=  1.74420000
Warning: Muller did not converge in 40 steps for roots: 2
 time elapsed:   155.50557000000026     
  
-------    60------- k=  1.77410000
Warning: Muller did not converge in 40 steps for roots: 2
 time elapsed:   176.13470199999938     
  
-------    61------- k=  1.80400000
 time elapsed:   148.82137700000021     
  
-------    62------- k=  1.83390000
 time elapsed:   85.195552999999563     
  
-------    63------- k=  1.86380000
Warning: Muller did not converge in 40 steps for roots: 2
 time elapsed:   173.51341299999967     
  
-------    64------- k=  1.89370000
 time elapsed:   103.31223800000043     
  
-------    65------- k=  1.92360000
 time elapsed:   133.36136299999998     
  
-------    66------- k=  1.95350000
 time elapsed:   98.378055999999560     
  
-------    67------- k=  1.98340000
Warning: Muller did not converge in 40 steps for roots: 2
 time elapsed:   206.21279899999990     
  
-------    68------- k=  2.01330000
Warning: Muller did not converge in 40 steps for roots: 3
 time elapsed:   206.48480000000018     
  
-------    69------- k=  2.04320000
 time elapsed:   37.658083000000261     
  
-------    70------- k=  2.07310000
 time elapsed:   208.82196899999963     
  
-------    71------- k=  2.10300000
 time elapsed:   193.55381699999998     
  
-------    72------- k=  2.13290000
 time elapsed:   101.05628900000011     
  
-------    73------- k=  2.16280000
 time elapsed:   203.52085900000020     
  
-------    74------- k=  2.19270000
 time elapsed:   206.82411100000081     
  
-------    75------- k=  2.22260000
 time elapsed:   102.26658100000077     
  
-------    76------- k=  2.25250000
 time elapsed:   216.38473400000021     
  
-------    77------- k=  2.28240000
Warning: Muller did not converge in 40 steps for roots: 2
 time elapsed:   219.39214900000024     
  
-------    78------- k=  2.31230000
Warning: Muller did not converge in 40 steps for roots: 3
 time elapsed:   151.45497700000033     
  
-------    79------- k=  2.34220000
Warning: Muller did not converge in 40 steps for roots: 2
 time elapsed:   226.00614100000075     
  
-------    80------- k=  2.37210000
 time elapsed:   203.66999300000043     
  
-------    81------- k=  2.40200000
 time elapsed:   104.99464299999909     
  
-------    82------- k=  2.43190000
 time elapsed:   223.99032699999952     
  
-------    83------- k=  2.46180000
 time elapsed:   211.49959300000046     
  
-------    84------- k=  2.49170000
 time elapsed:   103.28114699999969     
  
-------    85------- k=  2.52160000
Warning: Muller did not converge in 40 steps for roots: 2
 time elapsed:   164.78874399999950     
  
-------    86------- k=  2.55150000
 time elapsed:   194.99706700000024     
  
-------    87------- k=  2.58140000
 time elapsed:   47.771124000000782     
  
-------    88------- k=  2.61130000
 time elapsed:   253.08779599999980     
  
-------    89------- k=  2.64120000
 time elapsed:   253.32040099999904     
  
-------    90------- k=  2.67110000
 time elapsed:   201.43536499999936     
  
-------    91------- k=  2.70100000
 time elapsed:   329.35857700000088     
  
-------    92------- k=  2.73090000
 time elapsed:   228.83419299999878     
  
-------    93------- k=  2.76080000
 time elapsed:   252.19063099999948     
  
-------    94------- k=  2.79070000
Warning: Muller did not converge in 40 steps for roots: 2
 time elapsed:   496.74482600000010     
  
-------    95------- k=  2.82060000
 time elapsed:   547.50220300000001     
  
-------    96------- k=  2.85050000
 time elapsed:   240.20813300000009     
  
-------    97------- k=  2.88040000
 time elapsed:   588.76081700000032     
  
-------    98------- k=  2.91030000
 time elapsed:   684.37208100000134     
  
-------    99------- k=  2.94020000
 time elapsed:   281.43273299999964     
  
-------   100------- k=  2.97010000
 time elapsed:   394.18180000000029     

Total time elapsed(s):13940.754758999999  (min): 232.34591265000000
